#! /usr/local/bin/vvp
:ivl_version "11.0 (devel)" "(s20150603-659-g791c056b)";
:ivl_delay_selection "TYPICAL";
:vpi_time_precision - 12;
:vpi_module "system";
:vpi_module "vhdl_sys";
:vpi_module "vhdl_textio";
:vpi_module "v2005_math";
:vpi_module "va_math";
:vpi_module "v2009";
S_0x55a68cf99640 .scope package, "$unit" "$unit" 2 1;
 .timescale 0 0;
S_0x55a68cf96580 .scope module, "xledprint" "xledprint" 3 4;
 .timescale -9 -12;
    .port_info 0 /INPUT 1 "clk";
    .port_info 1 /INPUT 1 "rst";
    .port_info 2 /INPUT 1 "sel";
    .port_info 3 /INPUT 1 "data_in";
    .port_info 4 /OUTPUT 1 "led";
o0x7f235303d018 .functor BUFZ 1, C4<z>; HiZ drive
v0x55a68cf8f3f0_0 .net "clk", 0 0, o0x7f235303d018;  0 drivers
o0x7f235303d048 .functor BUFZ 1, C4<z>; HiZ drive
v0x55a68cf7de90_0 .net "data_in", 0 0, o0x7f235303d048;  0 drivers
v0x55a68cf7df30_0 .var "led", 0 0;
o0x7f235303d0a8 .functor BUFZ 1, C4<z>; HiZ drive
v0x55a68cf7e730_0 .net "rst", 0 0, o0x7f235303d0a8;  0 drivers
o0x7f235303d0d8 .functor BUFZ 1, C4<z>; HiZ drive
v0x55a68cf7e7d0_0 .net "sel", 0 0, o0x7f235303d0d8;  0 drivers
E_0x55a68cf1f5f0 .event posedge, v0x55a68cf8f3f0_0;
S_0x55a68cf93480 .scope module, "xtop_tb" "xtop_tb" 4 5;
 .timescale -9 -12;
P_0x55a68cee1b90 .param/l "clk_period" 0 4 8, +C4<00000000000000000000000000001010>;
v0x55a68cfbbe80_0 .array/port v0x55a68cfbbe80, 0;
L_0x55a68cfd6380 .functor BUFZ 32, v0x55a68cfbbe80_0, C4<00000000000000000000000000000000>, C4<00000000000000000000000000000000>, C4<00000000000000000000000000000000>;
v0x55a68cfbbe80_1 .array/port v0x55a68cfbbe80, 1;
L_0x55a68cfd63f0 .functor BUFZ 32, v0x55a68cfbbe80_1, C4<00000000000000000000000000000000>, C4<00000000000000000000000000000000>, C4<00000000000000000000000000000000>;
v0x55a68cfbbe80_2 .array/port v0x55a68cfbbe80, 2;
L_0x55a68cfd64c0 .functor BUFZ 32, v0x55a68cfbbe80_2, C4<00000000000000000000000000000000>, C4<00000000000000000000000000000000>, C4<00000000000000000000000000000000>;
v0x55a68cfbbe80_3 .array/port v0x55a68cfbbe80, 3;
L_0x55a68cfd6590 .functor BUFZ 32, v0x55a68cfbbe80_3, C4<00000000000000000000000000000000>, C4<00000000000000000000000000000000>, C4<00000000000000000000000000000000>;
v0x55a68cfbbe80_4 .array/port v0x55a68cfbbe80, 4;
L_0x55a68cfd6690 .functor BUFZ 32, v0x55a68cfbbe80_4, C4<00000000000000000000000000000000>, C4<00000000000000000000000000000000>, C4<00000000000000000000000000000000>;
v0x55a68cfbbe80_5 .array/port v0x55a68cfbbe80, 5;
L_0x55a68cfd6760 .functor BUFZ 32, v0x55a68cfbbe80_5, C4<00000000000000000000000000000000>, C4<00000000000000000000000000000000>, C4<00000000000000000000000000000000>;
v0x55a68cfbbe80_6 .array/port v0x55a68cfbbe80, 6;
L_0x55a68cfd6870 .functor BUFZ 32, v0x55a68cfbbe80_6, C4<00000000000000000000000000000000>, C4<00000000000000000000000000000000>, C4<00000000000000000000000000000000>;
v0x55a68cfbbe80_7 .array/port v0x55a68cfbbe80, 7;
L_0x55a68cfd6910 .functor BUFZ 32, v0x55a68cfbbe80_7, C4<00000000000000000000000000000000>, C4<00000000000000000000000000000000>, C4<00000000000000000000000000000000>;
v0x55a68cfbbe80_8 .array/port v0x55a68cfbbe80, 8;
L_0x55a68cfd6a30 .functor BUFZ 32, v0x55a68cfbbe80_8, C4<00000000000000000000000000000000>, C4<00000000000000000000000000000000>, C4<00000000000000000000000000000000>;
v0x55a68cfbbe80_9 .array/port v0x55a68cfbbe80, 9;
L_0x55a68cfd6b00 .functor BUFZ 32, v0x55a68cfbbe80_9, C4<00000000000000000000000000000000>, C4<00000000000000000000000000000000>, C4<00000000000000000000000000000000>;
v0x55a68cfbbe80_10 .array/port v0x55a68cfbbe80, 10;
L_0x55a68cfd6c30 .functor BUFZ 32, v0x55a68cfbbe80_10, C4<00000000000000000000000000000000>, C4<00000000000000000000000000000000>, C4<00000000000000000000000000000000>;
v0x55a68cfbbe80_11 .array/port v0x55a68cfbbe80, 11;
L_0x55a68cfd6d00 .functor BUFZ 32, v0x55a68cfbbe80_11, C4<00000000000000000000000000000000>, C4<00000000000000000000000000000000>, C4<00000000000000000000000000000000>;
v0x55a68cfbbe80_12 .array/port v0x55a68cfbbe80, 12;
L_0x55a68cfd6e40 .functor BUFZ 32, v0x55a68cfbbe80_12, C4<00000000000000000000000000000000>, C4<00000000000000000000000000000000>, C4<00000000000000000000000000000000>;
v0x55a68cfbbe80_13 .array/port v0x55a68cfbbe80, 13;
L_0x55a68cfd6f10 .functor BUFZ 32, v0x55a68cfbbe80_13, C4<00000000000000000000000000000000>, C4<00000000000000000000000000000000>, C4<00000000000000000000000000000000>;
v0x55a68cfbbe80_14 .array/port v0x55a68cfbbe80, 14;
L_0x55a68cfd6dd0 .functor BUFZ 32, v0x55a68cfbbe80_14, C4<00000000000000000000000000000000>, C4<00000000000000000000000000000000>, C4<00000000000000000000000000000000>;
v0x55a68cfbbe80_15 .array/port v0x55a68cfbbe80, 15;
L_0x55a68cfd70c0 .functor BUFZ 32, v0x55a68cfbbe80_15, C4<00000000000000000000000000000000>, C4<00000000000000000000000000000000>, C4<00000000000000000000000000000000>;
v0x55a68cfbd990_0 .var "clk", 0 0;
v0x55a68cfbda50 .array "data", 0 15, 31 0;
v0x55a68cfbdb10_0 .var/i "k", 31 0;
v0x55a68cfbdbd0_0 .net "par_addr", 8 0, L_0x55a68cfbef30;  1 drivers
v0x55a68cfbdc90_0 .var "par_in", 31 0;
v0x55a68cfbdd30_0 .net "par_out", 31 0, L_0x55a68cf7d990;  1 drivers
v0x55a68cfbddd0_0 .net "par_we", 0 0, L_0x55a68cf51f50;  1 drivers
v0x55a68cfbde70_0 .net "r0", 31 0, L_0x55a68cfd6380;  1 drivers
v0x55a68cfbdf10_0 .net "r1", 31 0, L_0x55a68cfd63f0;  1 drivers
v0x55a68cfbdff0_0 .net "r10", 31 0, L_0x55a68cfd6c30;  1 drivers
v0x55a68cfbe0d0_0 .net "r11", 31 0, L_0x55a68cfd6d00;  1 drivers
v0x55a68cfbe1b0_0 .net "r12", 31 0, L_0x55a68cfd6e40;  1 drivers
v0x55a68cfbe290_0 .net "r13", 31 0, L_0x55a68cfd6f10;  1 drivers
v0x55a68cfbe370_0 .net "r14", 31 0, L_0x55a68cfd6dd0;  1 drivers
v0x55a68cfbe450_0 .net "r15", 31 0, L_0x55a68cfd70c0;  1 drivers
v0x55a68cfbe530_0 .net "r2", 31 0, L_0x55a68cfd64c0;  1 drivers
v0x55a68cfbe610_0 .net "r3", 31 0, L_0x55a68cfd6590;  1 drivers
v0x55a68cfbe6f0_0 .net "r4", 31 0, L_0x55a68cfd6690;  1 drivers
v0x55a68cfbe7d0_0 .net "r5", 31 0, L_0x55a68cfd6760;  1 drivers
v0x55a68cfbe8b0_0 .net "r6", 31 0, L_0x55a68cfd6870;  1 drivers
v0x55a68cfbe990_0 .net "r7", 31 0, L_0x55a68cfd6910;  1 drivers
v0x55a68cfbea70_0 .net "r8", 31 0, L_0x55a68cfd6a30;  1 drivers
v0x55a68cfbeb50_0 .net "r9", 31 0, L_0x55a68cfd6b00;  1 drivers
v0x55a68cfbec30_0 .var "rst", 0 0;
v0x55a68cfbecd0_0 .var/i "start_time", 31 0;
v0x55a68cfbedb0_0 .net "trap", 0 0, v0x55a68cfb18f0_0;  1 drivers
S_0x55a68cf93b80 .scope module, "uut" "xtop" 4 32, 5 5 0, S_0x55a68cf93480;
 .timescale -9 -12;
    .port_info 0 /INPUT 1 "clk";
    .port_info 1 /INPUT 1 "rst";
    .port_info 2 /OUTPUT 1 "trap";
    .port_info 3 /OUTPUT 1 "led";
    .port_info 4 /OUTPUT 9 "par_addr";
    .port_info 5 /INPUT 32 "par_in";
    .port_info 6 /OUTPUT 1 "par_re";
    .port_info 7 /OUTPUT 32 "par_out";
    .port_info 8 /OUTPUT 1 "par_we";
L_0x55a68cf89b00 .functor BUFZ 32, v0x55a68cfbdc90_0, C4<00000000000000000000000000000000>, C4<00000000000000000000000000000000>, C4<00000000000000000000000000000000>;
L_0x55a68cf7dd70 .functor NOT 1, L_0x55a68cfd55f0, C4<0>, C4<0>, C4<0>;
L_0x55a68cf7e610 .functor AND 1, v0x55a68cfb1320_0, L_0x55a68cf7dd70, C4<1>, C4<1>;
L_0x55a68cf7d990 .functor BUFZ 32, L_0x55a68cfd5660, C4<00000000000000000000000000000000>, C4<00000000000000000000000000000000>, C4<00000000000000000000000000000000>;
L_0x55a68cf51f50 .functor AND 1, v0x55a68cfb1320_0, L_0x55a68cfd55f0, C4<1>, C4<1>;
L_0x55a68cfd61e0 .functor AND 1, v0x55a68cf7ed30_0, L_0x55a68cfd55f0, C4<1>, C4<1>;
v0x55a68cfbc340_0 .net *"_s4", 0 0, L_0x55a68cf7dd70;  1 drivers
v0x55a68cfbc440_0 .net "clk", 0 0, v0x55a68cfbd990_0;  1 drivers
v0x55a68cfbc500_0 .net "cprt_sel", 0 0, v0x55a68cf7ed30_0;  1 drivers
v0x55a68cfbc5d0_0 .net "data_addr", 9 0, v0x55a68cfb8980_0;  1 drivers
v0x55a68cfbc6c0_0 .net "data_sel", 0 0, L_0x55a68cfd5430;  1 drivers
v0x55a68cfbc800_0 .net "data_to_rd", 31 0, v0x55a68cfb1180_0;  1 drivers
v0x55a68cfbc8f0_0 .net "data_to_wr", 31 0, L_0x55a68cfd5660;  1 drivers
v0x55a68cfbc990_0 .net "data_we", 0 0, L_0x55a68cfd55f0;  1 drivers
v0x55a68cfbca30_0 .net "ext_data_to_rd", 31 0, L_0x55a68cf89b00;  1 drivers
v0x55a68cfbcaf0_0 .net "ext_sel", 0 0, v0x55a68cfb1320_0;  1 drivers
v0x55a68cfbcb90_0 .net "instruction", 31 0, v0x55a68cfbb1b0_0;  1 drivers
v0x55a68cfbcc30_0 .net "led", 0 0, v0x55a68cfba3b0_0;  1 drivers
v0x55a68cfbccd0_0 .net "led_sel", 0 0, v0x55a68cfb1430_0;  1 drivers
v0x55a68cfbcdc0_0 .net "mem_data_to_rd", 31 0, L_0x55a68cfd5bb0;  1 drivers
v0x55a68cfbceb0_0 .net "mem_sel", 0 0, v0x55a68cfb15d0_0;  1 drivers
v0x55a68cfbcfa0_0 .net "par_addr", 8 0, L_0x55a68cfbef30;  alias, 1 drivers
v0x55a68cfbd060_0 .net "par_in", 31 0, v0x55a68cfbdc90_0;  1 drivers
v0x55a68cfbd140_0 .net "par_out", 31 0, L_0x55a68cf7d990;  alias, 1 drivers
v0x55a68cfbd220_0 .net "par_re", 0 0, L_0x55a68cf7e610;  1 drivers
v0x55a68cfbd2e0_0 .net "par_we", 0 0, L_0x55a68cf51f50;  alias, 1 drivers
v0x55a68cfbd3a0_0 .net "pc", 8 0, v0x55a68cfb8ea0_0;  1 drivers
v0x55a68cfbd4b0_0 .net "regf_data_to_rd", 31 0, L_0x55a68cfd5ee0;  1 drivers
v0x55a68cfbd5c0_0 .net "regf_sel", 0 0, v0x55a68cfb1770_0;  1 drivers
v0x55a68cfbd6b0_0 .net "rst", 0 0, v0x55a68cfbec30_0;  1 drivers
v0x55a68cfbd7a0_0 .net "trap", 0 0, v0x55a68cfb18f0_0;  alias, 1 drivers
L_0x55a68cfbef30 .part v0x55a68cfb8980_0, 0, 9;
L_0x55a68cfd4b40 .part v0x55a68cfb8980_0, 0, 9;
L_0x55a68cfd6020 .part v0x55a68cfb8980_0, 0, 4;
L_0x55a68cfd6110 .part L_0x55a68cfd5660, 0, 1;
L_0x55a68cfd62e0 .part L_0x55a68cfd5660, 0, 8;
S_0x55a68cf94280 .scope module, "addr_decoder" "xaddr_decoder" 5 112, 6 4 0, S_0x55a68cf93b80;
 .timescale -9 -12;
    .port_info 0 /INPUT 10 "addr";
    .port_info 1 /INPUT 1 "sel";
    .port_info 2 /OUTPUT 1 "led_sel";
    .port_info 3 /OUTPUT 1 "mem_sel";
    .port_info 4 /INPUT 32 "mem_data_to_rd";
    .port_info 5 /OUTPUT 1 "regf_sel";
    .port_info 6 /INPUT 32 "regf_data_to_rd";
    .port_info 7 /OUTPUT 1 "cprt_sel";
    .port_info 8 /OUTPUT 1 "ext_sel";
    .port_info 9 /INPUT 32 "ext_data_to_rd";
    .port_info 10 /OUTPUT 1 "trap_sel";
    .port_info 11 /OUTPUT 32 "data_to_rd";
v0x55a68cf7ec90_0 .net "addr", 9 0, v0x55a68cfb8980_0;  alias, 1 drivers
v0x55a68cf7ed30_0 .var "cprt_sel", 0 0;
v0x55a68cfb1180_0 .var "data_to_rd", 31 0;
v0x55a68cfb1240_0 .net "ext_data_to_rd", 31 0, L_0x55a68cf89b00;  alias, 1 drivers
v0x55a68cfb1320_0 .var "ext_sel", 0 0;
v0x55a68cfb1430_0 .var "led_sel", 0 0;
v0x55a68cfb14f0_0 .net "mem_data_to_rd", 31 0, L_0x55a68cfd5bb0;  alias, 1 drivers
v0x55a68cfb15d0_0 .var "mem_sel", 0 0;
v0x55a68cfb1690_0 .net "regf_data_to_rd", 31 0, L_0x55a68cfd5ee0;  alias, 1 drivers
v0x55a68cfb1770_0 .var "regf_sel", 0 0;
v0x55a68cfb1830_0 .net "sel", 0 0, L_0x55a68cfd5430;  alias, 1 drivers
v0x55a68cfb18f0_0 .var "trap_sel", 0 0;
E_0x55a68cf21090/0 .event edge, v0x55a68cfb15d0_0, v0x55a68cfb14f0_0, v0x55a68cfb1770_0, v0x55a68cfb1690_0;
E_0x55a68cf21090/1 .event edge, v0x55a68cfb1320_0, v0x55a68cfb1240_0;
E_0x55a68cf21090 .event/or E_0x55a68cf21090/0, E_0x55a68cf21090/1;
E_0x55a68cf028a0 .event edge, v0x55a68cf7ec90_0, v0x55a68cfb1830_0;
S_0x55a68cf94980 .scope module, "controller" "xctrl" 5 67, 7 7 0, S_0x55a68cf93b80;
 .timescale -9 -12;
    .port_info 0 /INPUT 1 "clk";
    .port_info 1 /INPUT 1 "rst";
    .port_info 2 /OUTPUT 9 "pc";
    .port_info 3 /INPUT 32 "instruction";
    .port_info 4 /OUTPUT 1 "mem_sel";
    .port_info 5 /OUTPUT 1 "mem_we";
    .port_info 6 /OUTPUT 10 "mem_addr";
    .port_info 7 /INPUT 32 "mem_data_from";
    .port_info 8 /OUTPUT 32 "mem_data_to";
L_0x55a68cf214e0 .functor OR 1, L_0x55a68cfcf220, L_0x55a68cfcf4a0, C4<0>, C4<0>;
L_0x55a68cfcfc00 .functor OR 1, L_0x55a68cfcf7c0, L_0x55a68cfcfa70, C4<0>, C4<0>;
L_0x55a68cfcfd10 .functor OR 1, L_0x55a68cf214e0, L_0x55a68cfcfc00, C4<0>, C4<0>;
L_0x55a68cfd0340 .functor OR 1, L_0x55a68cfcffa0, L_0x55a68cfd0190, C4<0>, C4<0>;
L_0x55a68cfd02d0 .functor OR 1, L_0x55a68cfd0570, L_0x55a68cfd0930, C4<0>, C4<0>;
L_0x55a68cfd1260 .functor OR 1, L_0x55a68cfd0da0, L_0x55a68cfd1070, C4<0>, C4<0>;
L_0x55a68cfd1600 .functor OR 1, L_0x55a68cfd1260, L_0x55a68cfd1400, C4<0>, C4<0>;
L_0x55a68cfd1d20 .functor OR 1, L_0x55a68cfd1800, L_0x55a68cfd1b00, C4<0>, C4<0>;
L_0x55a68cfd21a0 .functor AND 1, L_0x55a68cfd1600, L_0x55a68cfd1f70, C4<1>, C4<1>;
L_0x55a68cfd22b0 .functor OR 1, L_0x55a68cfd21a0, L_0x55a68cfd1d20, C4<0>, C4<0>;
L_0x55a68cfd2420 .functor OR 1, L_0x55a68cfd02d0, L_0x55a68cfd1d20, C4<0>, C4<0>;
L_0x55a68cfd2490 .functor OR 1, L_0x55a68cfd2420, L_0x55a68cfd1600, C4<0>, C4<0>;
L_0x55a68cfd25c0 .functor OR 1, L_0x55a68cf214e0, L_0x55a68cfd02d0, C4<0>, C4<0>;
L_0x55a68cfd2ca0 .functor OR 1, L_0x55a68cfd2720, L_0x55a68cfd2a50, C4<0>, C4<0>;
L_0x55a68cfd2550 .functor OR 1, L_0x55a68cfd2ca0, L_0x55a68cfd3130, C4<0>, C4<0>;
L_0x55a68cfd3270 .functor OR 1, L_0x55a68cfd2550, L_0x55a68cfd3520, C4<0>, C4<0>;
L_0x55a68cfd4970 .functor OR 1, L_0x55a68cfd0340, L_0x55a68cfcfc00, C4<0>, C4<0>;
L_0x55a68cfd4a30 .functor OR 1, L_0x55a68cfd4970, L_0x55a68cfd22b0, C4<0>, C4<0>;
L_0x55a68cfd4f50 .functor AND 1, L_0x55a68cfd4a30, L_0x55a68cfd4e10, C4<1>, C4<1>;
L_0x55a68cfd5430 .functor AND 1, L_0x55a68cfd4f50, L_0x55a68cfd52f0, C4<1>, C4<1>;
L_0x55a68cfd55f0 .functor BUFZ 1, L_0x55a68cfd0340, C4<0>, C4<0>, C4<0>;
L_0x55a68cfd5660 .functor BUFZ 32, v0x55a68cfb8f80_0, C4<00000000000000000000000000000000>, C4<00000000000000000000000000000000>, C4<00000000000000000000000000000000>;
L_0x55a68cfd57e0 .functor AND 32, v0x55a68cfb8f80_0, v0x55a68cfb8dc0_0, C4<11111111111111111111111111111111>, C4<11111111111111111111111111111111>;
L_0x55a68cfd5850 .functor XOR 32, v0x55a68cfb8f80_0, v0x55a68cfb8dc0_0, C4<00000000000000000000000000000000>, C4<00000000000000000000000000000000>;
v0x55a68cfb1f50_0 .net *"_s0", 31 0, L_0x55a68cfbf100;  1 drivers
v0x55a68cfb2030_0 .net *"_s102", 31 0, L_0x55a68cfd1710;  1 drivers
L_0x7f2352ff4648 .functor BUFT 1, C4<0000000000000000000000000000>, C4<0>, C4<0>, C4<0>;
v0x55a68cfb2110_0 .net *"_s105", 27 0, L_0x7f2352ff4648;  1 drivers
L_0x7f2352ff4690 .functor BUFT 1, C4<00000000000000000000000000000100>, C4<0>, C4<0>, C4<0>;
v0x55a68cfb21d0_0 .net/2u *"_s106", 31 0, L_0x7f2352ff4690;  1 drivers
v0x55a68cfb22b0_0 .net *"_s108", 0 0, L_0x55a68cfd1800;  1 drivers
L_0x7f2352ff40a8 .functor BUFT 1, C4<0000000000000000000000000000>, C4<0>, C4<0>, C4<0>;
v0x55a68cfb23c0_0 .net *"_s11", 27 0, L_0x7f2352ff40a8;  1 drivers
v0x55a68cfb24a0_0 .net *"_s110", 31 0, L_0x55a68cfd1a10;  1 drivers
L_0x7f2352ff46d8 .functor BUFT 1, C4<0000000000000000000000000000>, C4<0>, C4<0>, C4<0>;
v0x55a68cfb2580_0 .net *"_s113", 27 0, L_0x7f2352ff46d8;  1 drivers
L_0x7f2352ff4720 .functor BUFT 1, C4<00000000000000000000000000000101>, C4<0>, C4<0>, C4<0>;
v0x55a68cfb2660_0 .net/2u *"_s114", 31 0, L_0x7f2352ff4720;  1 drivers
v0x55a68cfb2740_0 .net *"_s116", 0 0, L_0x55a68cfd1b00;  1 drivers
L_0x7f2352ff40f0 .functor BUFT 1, C4<00000000000000000000000000000111>, C4<0>, C4<0>, C4<0>;
v0x55a68cfb2800_0 .net/2u *"_s12", 31 0, L_0x7f2352ff40f0;  1 drivers
v0x55a68cfb28e0_0 .net *"_s120", 31 0, L_0x55a68cfd1e80;  1 drivers
L_0x7f2352ff4768 .functor BUFT 1, C4<0000000000000000000000000000>, C4<0>, C4<0>, C4<0>;
v0x55a68cfb29c0_0 .net *"_s123", 27 0, L_0x7f2352ff4768;  1 drivers
L_0x7f2352ff47b0 .functor BUFT 1, C4<00000000000000000000000000000000>, C4<0>, C4<0>, C4<0>;
v0x55a68cfb2aa0_0 .net/2u *"_s124", 31 0, L_0x7f2352ff47b0;  1 drivers
v0x55a68cfb2b80_0 .net *"_s126", 0 0, L_0x55a68cfd1f70;  1 drivers
v0x55a68cfb2c40_0 .net *"_s128", 0 0, L_0x55a68cfd21a0;  1 drivers
v0x55a68cfb2d00_0 .net *"_s132", 0 0, L_0x55a68cfd2420;  1 drivers
v0x55a68cfb2de0_0 .net *"_s138", 31 0, L_0x55a68cfd2630;  1 drivers
v0x55a68cfb2ec0_0 .net *"_s14", 0 0, L_0x55a68cfcf4a0;  1 drivers
L_0x7f2352ff47f8 .functor BUFT 1, C4<0000000000000000000000000000>, C4<0>, C4<0>, C4<0>;
v0x55a68cfb2f80_0 .net *"_s141", 27 0, L_0x7f2352ff47f8;  1 drivers
L_0x7f2352ff4840 .functor BUFT 1, C4<00000000000000000000000000001100>, C4<0>, C4<0>, C4<0>;
v0x55a68cfb3060_0 .net/2u *"_s142", 31 0, L_0x7f2352ff4840;  1 drivers
v0x55a68cfb3140_0 .net *"_s144", 0 0, L_0x55a68cfd2720;  1 drivers
v0x55a68cfb3200_0 .net *"_s146", 31 0, L_0x55a68cfd2960;  1 drivers
L_0x7f2352ff4888 .functor BUFT 1, C4<0000000000000000000000000000>, C4<0>, C4<0>, C4<0>;
v0x55a68cfb32e0_0 .net *"_s149", 27 0, L_0x7f2352ff4888;  1 drivers
L_0x7f2352ff48d0 .functor BUFT 1, C4<00000000000000000000000000001110>, C4<0>, C4<0>, C4<0>;
v0x55a68cfb33c0_0 .net/2u *"_s150", 31 0, L_0x7f2352ff48d0;  1 drivers
v0x55a68cfb34a0_0 .net *"_s152", 0 0, L_0x55a68cfd2a50;  1 drivers
v0x55a68cfb3560_0 .net *"_s154", 0 0, L_0x55a68cfd2ca0;  1 drivers
v0x55a68cfb3620_0 .net *"_s156", 31 0, L_0x55a68cfd2e30;  1 drivers
L_0x7f2352ff4918 .functor BUFT 1, C4<0000000000000000000000000000>, C4<0>, C4<0>, C4<0>;
v0x55a68cfb3700_0 .net *"_s159", 27 0, L_0x7f2352ff4918;  1 drivers
L_0x7f2352ff4960 .functor BUFT 1, C4<00000000000000000000000000001101>, C4<0>, C4<0>, C4<0>;
v0x55a68cfb37e0_0 .net/2u *"_s160", 31 0, L_0x7f2352ff4960;  1 drivers
v0x55a68cfb38c0_0 .net *"_s162", 0 0, L_0x55a68cfd3130;  1 drivers
v0x55a68cfb3980_0 .net *"_s164", 0 0, L_0x55a68cfd2550;  1 drivers
v0x55a68cfb3a40_0 .net *"_s166", 31 0, L_0x55a68cfd3430;  1 drivers
L_0x7f2352ff49a8 .functor BUFT 1, C4<0000000000000000000000000000>, C4<0>, C4<0>, C4<0>;
v0x55a68cfb3d30_0 .net *"_s169", 27 0, L_0x7f2352ff49a8;  1 drivers
L_0x7f2352ff49f0 .functor BUFT 1, C4<00000000000000000000000000001111>, C4<0>, C4<0>, C4<0>;
v0x55a68cfb3e10_0 .net/2u *"_s170", 31 0, L_0x7f2352ff49f0;  1 drivers
v0x55a68cfb3ef0_0 .net *"_s172", 0 0, L_0x55a68cfd3520;  1 drivers
v0x55a68cfb3fb0_0 .net *"_s178", 31 0, L_0x55a68cfd38c0;  1 drivers
v0x55a68cfb4090_0 .net *"_s18", 31 0, L_0x55a68cfcf680;  1 drivers
L_0x7f2352ff4a38 .functor BUFT 1, C4<0000000000000000000000000000>, C4<0>, C4<0>, C4<0>;
v0x55a68cfb4170_0 .net *"_s181", 27 0, L_0x7f2352ff4a38;  1 drivers
L_0x7f2352ff4a80 .functor BUFT 1, C4<00000000000000000000000000000111>, C4<0>, C4<0>, C4<0>;
v0x55a68cfb4250_0 .net/2u *"_s182", 31 0, L_0x7f2352ff4a80;  1 drivers
v0x55a68cfb4330_0 .net *"_s184", 0 0, L_0x55a68cfd3af0;  1 drivers
v0x55a68cfb43f0_0 .net *"_s187", 15 0, L_0x55a68cfd3c30;  1 drivers
v0x55a68cfb44d0_0 .net *"_s189", 15 0, L_0x55a68cfd3e20;  1 drivers
v0x55a68cfb45b0_0 .net *"_s190", 31 0, L_0x55a68cfd3ef0;  1 drivers
v0x55a68cfb4690_0 .net *"_s193", 0 0, L_0x55a68cfd4170;  1 drivers
v0x55a68cfb4770_0 .net *"_s194", 3 0, L_0x55a68cfd4210;  1 drivers
v0x55a68cfb4850_0 .net *"_s197", 27 0, L_0x55a68cfd44a0;  1 drivers
v0x55a68cfb4930_0 .net *"_s198", 31 0, L_0x55a68cfd4540;  1 drivers
v0x55a68cfb4a10_0 .net *"_s202", 0 0, L_0x55a68cfd4970;  1 drivers
v0x55a68cfb4af0_0 .net *"_s204", 0 0, L_0x55a68cfd4a30;  1 drivers
v0x55a68cfb4bd0_0 .net *"_s206", 31 0, L_0x55a68cfd4be0;  1 drivers
L_0x7f2352ff4ac8 .functor BUFT 1, C4<0000000000000000000000>, C4<0>, C4<0>, C4<0>;
v0x55a68cfb4cb0_0 .net *"_s209", 21 0, L_0x7f2352ff4ac8;  1 drivers
L_0x7f2352ff4138 .functor BUFT 1, C4<0000000000000000000000000000>, C4<0>, C4<0>, C4<0>;
v0x55a68cfb4d90_0 .net *"_s21", 27 0, L_0x7f2352ff4138;  1 drivers
L_0x7f2352ff4b10 .functor BUFT 1, C4<00000000000000000000001000010000>, C4<0>, C4<0>, C4<0>;
v0x55a68cfb4e70_0 .net/2u *"_s210", 31 0, L_0x7f2352ff4b10;  1 drivers
v0x55a68cfb4f50_0 .net *"_s212", 0 0, L_0x55a68cfd4e10;  1 drivers
v0x55a68cfb5010_0 .net *"_s214", 0 0, L_0x55a68cfd4f50;  1 drivers
v0x55a68cfb50d0_0 .net *"_s216", 31 0, L_0x55a68cfd5060;  1 drivers
L_0x7f2352ff4b58 .functor BUFT 1, C4<0000000000000000000000>, C4<0>, C4<0>, C4<0>;
v0x55a68cfb51b0_0 .net *"_s219", 21 0, L_0x7f2352ff4b58;  1 drivers
L_0x7f2352ff4180 .functor BUFT 1, C4<00000000000000000000000000001000>, C4<0>, C4<0>, C4<0>;
v0x55a68cfb5290_0 .net/2u *"_s22", 31 0, L_0x7f2352ff4180;  1 drivers
L_0x7f2352ff4ba0 .functor BUFT 1, C4<00000000000000000000001000010001>, C4<0>, C4<0>, C4<0>;
v0x55a68cfb5370_0 .net/2u *"_s220", 31 0, L_0x7f2352ff4ba0;  1 drivers
v0x55a68cfb5450_0 .net *"_s222", 0 0, L_0x55a68cfd52f0;  1 drivers
v0x55a68cfb5510_0 .net *"_s24", 0 0, L_0x55a68cfcf7c0;  1 drivers
v0x55a68cfb55d0_0 .net *"_s26", 31 0, L_0x55a68cfcf940;  1 drivers
L_0x7f2352ff41c8 .functor BUFT 1, C4<0000000000000000000000000000>, C4<0>, C4<0>, C4<0>;
v0x55a68cfb56b0_0 .net *"_s29", 27 0, L_0x7f2352ff41c8;  1 drivers
L_0x7f2352ff4018 .functor BUFT 1, C4<0000000000000000000000000000>, C4<0>, C4<0>, C4<0>;
v0x55a68cfb5790_0 .net *"_s3", 27 0, L_0x7f2352ff4018;  1 drivers
L_0x7f2352ff4210 .functor BUFT 1, C4<00000000000000000000000000001010>, C4<0>, C4<0>, C4<0>;
v0x55a68cfb5c80_0 .net/2u *"_s30", 31 0, L_0x7f2352ff4210;  1 drivers
v0x55a68cfb5d60_0 .net *"_s32", 0 0, L_0x55a68cfcfa70;  1 drivers
v0x55a68cfb5e20_0 .net *"_s38", 31 0, L_0x55a68cfcfe20;  1 drivers
L_0x7f2352ff4060 .functor BUFT 1, C4<00000000000000000000000000000110>, C4<0>, C4<0>, C4<0>;
v0x55a68cfb5f00_0 .net/2u *"_s4", 31 0, L_0x7f2352ff4060;  1 drivers
L_0x7f2352ff4258 .functor BUFT 1, C4<0000000000000000000000000000>, C4<0>, C4<0>, C4<0>;
v0x55a68cfb5fe0_0 .net *"_s41", 27 0, L_0x7f2352ff4258;  1 drivers
L_0x7f2352ff42a0 .functor BUFT 1, C4<00000000000000000000000000001001>, C4<0>, C4<0>, C4<0>;
v0x55a68cfb60c0_0 .net/2u *"_s42", 31 0, L_0x7f2352ff42a0;  1 drivers
v0x55a68cfb61a0_0 .net *"_s44", 0 0, L_0x55a68cfcffa0;  1 drivers
v0x55a68cfb6260_0 .net *"_s46", 31 0, L_0x55a68cfd00f0;  1 drivers
L_0x7f2352ff42e8 .functor BUFT 1, C4<0000000000000000000000000000>, C4<0>, C4<0>, C4<0>;
v0x55a68cfb6340_0 .net *"_s49", 27 0, L_0x7f2352ff42e8;  1 drivers
L_0x7f2352ff4330 .functor BUFT 1, C4<00000000000000000000000000001011>, C4<0>, C4<0>, C4<0>;
v0x55a68cfb6420_0 .net/2u *"_s50", 31 0, L_0x7f2352ff4330;  1 drivers
v0x55a68cfb6500_0 .net *"_s52", 0 0, L_0x55a68cfd0190;  1 drivers
v0x55a68cfb65c0_0 .net *"_s56", 31 0, L_0x55a68cfd0480;  1 drivers
L_0x7f2352ff4378 .functor BUFT 1, C4<0000000000000000000000000000>, C4<0>, C4<0>, C4<0>;
v0x55a68cfb66a0_0 .net *"_s59", 27 0, L_0x7f2352ff4378;  1 drivers
v0x55a68cfb6780_0 .net *"_s6", 0 0, L_0x55a68cfcf220;  1 drivers
L_0x7f2352ff43c0 .functor BUFT 1, C4<00000000000000000000000000000000>, C4<0>, C4<0>, C4<0>;
v0x55a68cfb6840_0 .net/2u *"_s60", 31 0, L_0x7f2352ff43c0;  1 drivers
v0x55a68cfb6920_0 .net *"_s62", 0 0, L_0x55a68cfd0570;  1 drivers
v0x55a68cfb69e0_0 .net *"_s64", 31 0, L_0x55a68cfd0730;  1 drivers
L_0x7f2352ff4408 .functor BUFT 1, C4<0000000000000000000000000000>, C4<0>, C4<0>, C4<0>;
v0x55a68cfb6ac0_0 .net *"_s67", 27 0, L_0x7f2352ff4408;  1 drivers
L_0x7f2352ff4450 .functor BUFT 1, C4<00000000000000000000000000000011>, C4<0>, C4<0>, C4<0>;
v0x55a68cfb6ba0_0 .net/2u *"_s68", 31 0, L_0x7f2352ff4450;  1 drivers
v0x55a68cfb6c80_0 .net *"_s70", 0 0, L_0x55a68cfd0930;  1 drivers
v0x55a68cfb6d40_0 .net *"_s74", 31 0, L_0x55a68cfd0ba0;  1 drivers
L_0x7f2352ff4498 .functor BUFT 1, C4<0000000000000000000000000000>, C4<0>, C4<0>, C4<0>;
v0x55a68cfb6e20_0 .net *"_s77", 27 0, L_0x7f2352ff4498;  1 drivers
L_0x7f2352ff44e0 .functor BUFT 1, C4<00000000000000000000000000000000>, C4<0>, C4<0>, C4<0>;
v0x55a68cfb6f00_0 .net/2u *"_s78", 31 0, L_0x7f2352ff44e0;  1 drivers
v0x55a68cfb6fe0_0 .net *"_s8", 31 0, L_0x55a68cfcf360;  1 drivers
v0x55a68cfb70c0_0 .net *"_s80", 0 0, L_0x55a68cfd0da0;  1 drivers
v0x55a68cfb7180_0 .net *"_s82", 31 0, L_0x55a68cfd0f80;  1 drivers
L_0x7f2352ff4528 .functor BUFT 1, C4<0000000000000000000000000000>, C4<0>, C4<0>, C4<0>;
v0x55a68cfb7260_0 .net *"_s85", 27 0, L_0x7f2352ff4528;  1 drivers
L_0x7f2352ff4570 .functor BUFT 1, C4<00000000000000000000000000000001>, C4<0>, C4<0>, C4<0>;
v0x55a68cfb7340_0 .net/2u *"_s86", 31 0, L_0x7f2352ff4570;  1 drivers
v0x55a68cfb7420_0 .net *"_s88", 0 0, L_0x55a68cfd1070;  1 drivers
v0x55a68cfb74e0_0 .net *"_s90", 0 0, L_0x55a68cfd1260;  1 drivers
v0x55a68cfb75a0_0 .net *"_s92", 31 0, L_0x55a68cfd0ee0;  1 drivers
L_0x7f2352ff45b8 .functor BUFT 1, C4<0000000000000000000000000000>, C4<0>, C4<0>, C4<0>;
v0x55a68cfb7680_0 .net *"_s95", 27 0, L_0x7f2352ff45b8;  1 drivers
L_0x7f2352ff4600 .functor BUFT 1, C4<00000000000000000000000000000010>, C4<0>, C4<0>, C4<0>;
v0x55a68cfb7760_0 .net/2u *"_s96", 31 0, L_0x7f2352ff4600;  1 drivers
v0x55a68cfb7840_0 .net *"_s98", 0 0, L_0x55a68cfd1400;  1 drivers
v0x55a68cfb7900_0 .var "adder_res", 31 0;
v0x55a68cfb79e0_0 .net "alu_arith_ops", 0 0, L_0x55a68cfd1600;  1 drivers
v0x55a68cfb7aa0_0 .var "alu_carry", 0 0;
v0x55a68cfb7b60_0 .net "alu_imm_ops", 0 0, L_0x55a68cfd02d0;  1 drivers
v0x55a68cfb7c20_0 .net "alu_logic_ops", 0 0, L_0x55a68cfd1d20;  1 drivers
v0x55a68cfb7ce0_0 .net "alu_mem_ops", 0 0, L_0x55a68cfd22b0;  1 drivers
v0x55a68cfb7da0_0 .var "alu_negative", 0 0;
v0x55a68cfb7e60_0 .net "alu_ops", 0 0, L_0x55a68cfd2490;  1 drivers
v0x55a68cfb7f20_0 .var "alu_overflow", 0 0;
v0x55a68cfb7fe0_0 .var "alu_result", 31 0;
v0x55a68cfb80c0_0 .net "and_res", 31 0, L_0x55a68cfd57e0;  1 drivers
v0x55a68cfb81a0_0 .net "branch_ops", 0 0, L_0x55a68cfd3270;  1 drivers
v0x55a68cfb8260_0 .var "carry_res_n", 0 0;
v0x55a68cfb8320_0 .var "carry_res_n_1", 31 0;
v0x55a68cfb8400_0 .net "clk", 0 0, v0x55a68cfbd990_0;  alias, 1 drivers
v0x55a68cfb84c0_0 .net/s "imm", 31 0, L_0x55a68cfd47e0;  1 drivers
v0x55a68cfb85a0_0 .net "imm_ops", 0 0, L_0x55a68cfd25c0;  1 drivers
v0x55a68cfb8660_0 .net "instruction", 31 0, v0x55a68cfbb1b0_0;  alias, 1 drivers
v0x55a68cfb8740_0 .net "load_imm_ops", 0 0, L_0x55a68cf214e0;  1 drivers
v0x55a68cfb8800_0 .net "load_mem_ops", 0 0, L_0x55a68cfcfc00;  1 drivers
v0x55a68cfb88c0_0 .net "load_ops", 0 0, L_0x55a68cfcfd10;  1 drivers
v0x55a68cfb8980_0 .var "mem_addr", 9 0;
v0x55a68cfb8a40_0 .net "mem_data_from", 31 0, v0x55a68cfb1180_0;  alias, 1 drivers
v0x55a68cfb8ae0_0 .net "mem_data_to", 31 0, L_0x55a68cfd5660;  alias, 1 drivers
v0x55a68cfb8ba0_0 .net "mem_sel", 0 0, L_0x55a68cfd5430;  alias, 1 drivers
v0x55a68cfb8c40_0 .net "mem_we", 0 0, L_0x55a68cfd55f0;  alias, 1 drivers
v0x55a68cfb8ce0_0 .net "opcode", 3 0, L_0x55a68cfd3820;  1 drivers
v0x55a68cfb8dc0_0 .var "operand", 31 0;
v0x55a68cfb8ea0_0 .var "pc", 8 0;
v0x55a68cfb8f80_0 .var "regA", 31 0;
v0x55a68cfb9870_0 .var "regB", 31 0;
v0x55a68cfb9950_0 .var "regC", 2 0;
v0x55a68cfb9a30_0 .net "rst", 0 0, v0x55a68cfbec30_0;  alias, 1 drivers
v0x55a68cfb9af0_0 .net "store_mem_ops", 0 0, L_0x55a68cfd0340;  1 drivers
v0x55a68cfb9bb0_0 .net "xor_res", 31 0, L_0x55a68cfd5850;  1 drivers
E_0x55a68cf99b10/0 .event edge, v0x55a68cfb79e0_0, v0x55a68cfb7900_0, v0x55a68cfb8260_0, v0x55a68cfb8320_0;
E_0x55a68cf99b10/1 .event edge, v0x55a68cfb8ce0_0, v0x55a68cfb8dc0_0, v0x55a68cfb8f80_0, v0x55a68cfb80c0_0;
E_0x55a68cf99b10/2 .event edge, v0x55a68cfb9bb0_0;
E_0x55a68cf99b10 .event/or E_0x55a68cf99b10/0, E_0x55a68cf99b10/1, E_0x55a68cf99b10/2;
E_0x55a68cf99a90 .event edge, v0x55a68cfb8ce0_0, v0x55a68cfb8320_0, v0x55a68cfb8f80_0, v0x55a68cfb8dc0_0;
E_0x55a68cf9a980 .event edge, v0x55a68cfb8ce0_0, v0x55a68cfb8f80_0, v0x55a68cfb8dc0_0, v0x55a68cfb8320_0;
E_0x55a68cfb1d30 .event edge, v0x55a68cfb8ce0_0, v0x55a68cfb8f80_0, v0x55a68cfb8dc0_0;
E_0x55a68cfb1dc0 .event posedge, v0x55a68cfb9a30_0, v0x55a68cfb8400_0;
E_0x55a68cfb1e20/0 .event edge, v0x55a68cfb88c0_0, v0x55a68cfb7e60_0, v0x55a68cf7ec90_0, v0x55a68cfb9870_0;
E_0x55a68cfb1e20/1 .event edge, v0x55a68cfb9950_0, v0x55a68cfb85a0_0, v0x55a68cfb84c0_0, v0x55a68cfb1830_0;
E_0x55a68cfb1e20/2 .event edge, v0x55a68cfb1180_0;
E_0x55a68cfb1e20 .event/or E_0x55a68cfb1e20/0, E_0x55a68cfb1e20/1, E_0x55a68cfb1e20/2;
E_0x55a68cfb1ef0 .event edge, v0x55a68cfb8ce0_0, v0x55a68cfb9870_0, v0x55a68cfb84c0_0;
L_0x55a68cfbf100 .concat [ 4 28 0 0], L_0x55a68cfd3820, L_0x7f2352ff4018;
L_0x55a68cfcf220 .cmp/eq 32, L_0x55a68cfbf100, L_0x7f2352ff4060;
L_0x55a68cfcf360 .concat [ 4 28 0 0], L_0x55a68cfd3820, L_0x7f2352ff40a8;
L_0x55a68cfcf4a0 .cmp/eq 32, L_0x55a68cfcf360, L_0x7f2352ff40f0;
L_0x55a68cfcf680 .concat [ 4 28 0 0], L_0x55a68cfd3820, L_0x7f2352ff4138;
L_0x55a68cfcf7c0 .cmp/eq 32, L_0x55a68cfcf680, L_0x7f2352ff4180;
L_0x55a68cfcf940 .concat [ 4 28 0 0], L_0x55a68cfd3820, L_0x7f2352ff41c8;
L_0x55a68cfcfa70 .cmp/eq 32, L_0x55a68cfcf940, L_0x7f2352ff4210;
L_0x55a68cfcfe20 .concat [ 4 28 0 0], L_0x55a68cfd3820, L_0x7f2352ff4258;
L_0x55a68cfcffa0 .cmp/eq 32, L_0x55a68cfcfe20, L_0x7f2352ff42a0;
L_0x55a68cfd00f0 .concat [ 4 28 0 0], L_0x55a68cfd3820, L_0x7f2352ff42e8;
L_0x55a68cfd0190 .cmp/eq 32, L_0x55a68cfd00f0, L_0x7f2352ff4330;
L_0x55a68cfd0480 .concat [ 4 28 0 0], L_0x55a68cfd3820, L_0x7f2352ff4378;
L_0x55a68cfd0570 .cmp/eq 32, L_0x55a68cfd0480, L_0x7f2352ff43c0;
L_0x55a68cfd0730 .concat [ 4 28 0 0], L_0x55a68cfd3820, L_0x7f2352ff4408;
L_0x55a68cfd0930 .cmp/eq 32, L_0x55a68cfd0730, L_0x7f2352ff4450;
L_0x55a68cfd0ba0 .concat [ 4 28 0 0], L_0x55a68cfd3820, L_0x7f2352ff4498;
L_0x55a68cfd0da0 .cmp/eq 32, L_0x55a68cfd0ba0, L_0x7f2352ff44e0;
L_0x55a68cfd0f80 .concat [ 4 28 0 0], L_0x55a68cfd3820, L_0x7f2352ff4528;
L_0x55a68cfd1070 .cmp/eq 32, L_0x55a68cfd0f80, L_0x7f2352ff4570;
L_0x55a68cfd0ee0 .concat [ 4 28 0 0], L_0x55a68cfd3820, L_0x7f2352ff45b8;
L_0x55a68cfd1400 .cmp/eq 32, L_0x55a68cfd0ee0, L_0x7f2352ff4600;
L_0x55a68cfd1710 .concat [ 4 28 0 0], L_0x55a68cfd3820, L_0x7f2352ff4648;
L_0x55a68cfd1800 .cmp/eq 32, L_0x55a68cfd1710, L_0x7f2352ff4690;
L_0x55a68cfd1a10 .concat [ 4 28 0 0], L_0x55a68cfd3820, L_0x7f2352ff46d8;
L_0x55a68cfd1b00 .cmp/eq 32, L_0x55a68cfd1a10, L_0x7f2352ff4720;
L_0x55a68cfd1e80 .concat [ 4 28 0 0], L_0x55a68cfd3820, L_0x7f2352ff4768;
L_0x55a68cfd1f70 .cmp/ne 32, L_0x55a68cfd1e80, L_0x7f2352ff47b0;
L_0x55a68cfd2630 .concat [ 4 28 0 0], L_0x55a68cfd3820, L_0x7f2352ff47f8;
L_0x55a68cfd2720 .cmp/eq 32, L_0x55a68cfd2630, L_0x7f2352ff4840;
L_0x55a68cfd2960 .concat [ 4 28 0 0], L_0x55a68cfd3820, L_0x7f2352ff4888;
L_0x55a68cfd2a50 .cmp/eq 32, L_0x55a68cfd2960, L_0x7f2352ff48d0;
L_0x55a68cfd2e30 .concat [ 4 28 0 0], L_0x55a68cfd3820, L_0x7f2352ff4918;
L_0x55a68cfd3130 .cmp/eq 32, L_0x55a68cfd2e30, L_0x7f2352ff4960;
L_0x55a68cfd3430 .concat [ 4 28 0 0], L_0x55a68cfd3820, L_0x7f2352ff49a8;
L_0x55a68cfd3520 .cmp/eq 32, L_0x55a68cfd3430, L_0x7f2352ff49f0;
L_0x55a68cfd3820 .part v0x55a68cfbb1b0_0, 28, 4;
L_0x55a68cfd38c0 .concat [ 4 28 0 0], L_0x55a68cfd3820, L_0x7f2352ff4a38;
L_0x55a68cfd3af0 .cmp/eq 32, L_0x55a68cfd38c0, L_0x7f2352ff4a80;
L_0x55a68cfd3c30 .part v0x55a68cfbb1b0_0, 0, 16;
L_0x55a68cfd3e20 .part v0x55a68cfb8f80_0, 0, 16;
L_0x55a68cfd3ef0 .concat [ 16 16 0 0], L_0x55a68cfd3e20, L_0x55a68cfd3c30;
L_0x55a68cfd4170 .part v0x55a68cfbb1b0_0, 27, 1;
L_0x55a68cfd4210 .concat [ 1 1 1 1], L_0x55a68cfd4170, L_0x55a68cfd4170, L_0x55a68cfd4170, L_0x55a68cfd4170;
L_0x55a68cfd44a0 .part v0x55a68cfbb1b0_0, 0, 28;
L_0x55a68cfd4540 .concat [ 28 4 0 0], L_0x55a68cfd44a0, L_0x55a68cfd4210;
L_0x55a68cfd47e0 .functor MUXZ 32, L_0x55a68cfd4540, L_0x55a68cfd3ef0, L_0x55a68cfd3af0, C4<>;
L_0x55a68cfd4be0 .concat [ 10 22 0 0], v0x55a68cfb8980_0, L_0x7f2352ff4ac8;
L_0x55a68cfd4e10 .cmp/ne 32, L_0x55a68cfd4be0, L_0x7f2352ff4b10;
L_0x55a68cfd5060 .concat [ 10 22 0 0], v0x55a68cfb8980_0, L_0x7f2352ff4b58;
L_0x55a68cfd52f0 .cmp/ne 32, L_0x55a68cfd5060, L_0x7f2352ff4ba0;
S_0x55a68cf95080 .scope module, "cprint" "xcprint" 5 157, 8 4 0, S_0x55a68cf93b80;
 .timescale -9 -12;
    .port_info 0 /INPUT 1 "clk";
    .port_info 1 /INPUT 1 "sel";
    .port_info 2 /INPUT 8 "data_in";
v0x55a68cfb9e80_0 .net "clk", 0 0, v0x55a68cfbd990_0;  alias, 1 drivers
v0x55a68cfb9f70_0 .net "data_in", 7 0, L_0x55a68cfd62e0;  1 drivers
v0x55a68cfba030_0 .net "sel", 0 0, L_0x55a68cfd61e0;  1 drivers
E_0x55a68cfb9e00 .event posedge, v0x55a68cfb8400_0;
S_0x55a68cf95780 .scope module, "led1" "xled" 5 148, 9 4 0, S_0x55a68cf93b80;
 .timescale -9 -12;
    .port_info 0 /INPUT 1 "reset";
    .port_info 1 /INPUT 1 "clk";
    .port_info 2 /INPUT 1 "sel";
    .port_info 3 /INPUT 1 "data_in";
    .port_info 4 /OUTPUT 1 "led";
v0x55a68cfba200_0 .net "clk", 0 0, v0x55a68cfbd990_0;  alias, 1 drivers
v0x55a68cfba2f0_0 .net "data_in", 0 0, L_0x55a68cfd6110;  1 drivers
v0x55a68cfba3b0_0 .var "led", 0 0;
v0x55a68cfba450_0 .net "reset", 0 0, v0x55a68cfbec30_0;  alias, 1 drivers
v0x55a68cfba520_0 .net "sel", 0 0, v0x55a68cfb1430_0;  alias, 1 drivers
S_0x55a68cf95e80 .scope module, "ram" "xram" 5 84, 10 4 0, S_0x55a68cf93b80;
 .timescale -9 -12;
    .port_info 0 /INPUT 1 "clk";
    .port_info 1 /INPUT 9 "pc";
    .port_info 2 /OUTPUT 32 "instruction";
    .port_info 3 /INPUT 1 "data_sel";
    .port_info 4 /INPUT 1 "data_we";
    .port_info 5 /INPUT 9 "data_addr";
    .port_info 6 /INPUT 32 "data_in";
    .port_info 7 /OUTPUT 32 "data_out";
L_0x55a68cfd5990 .functor BUFZ 9, L_0x55a68cfd4b40, C4<000000000>, C4<000000000>, C4<000000000>;
L_0x55a68cfd5a00 .functor BUFZ 1, L_0x55a68cfd55f0, C4<0>, C4<0>, C4<0>;
L_0x55a68cfd5a70 .functor BUFZ 32, L_0x55a68cfd5660, C4<00000000000000000000000000000000>, C4<00000000000000000000000000000000>, C4<00000000000000000000000000000000>;
L_0x55a68cfd5ae0 .functor BUFZ 1, v0x55a68cfb15d0_0, C4<0>, C4<0>, C4<0>;
L_0x55a68cfd5bb0 .functor BUFZ 32, v0x55a68cfbae10_0, C4<00000000000000000000000000000000>, C4<00000000000000000000000000000000>, C4<00000000000000000000000000000000>;
v0x55a68cfba860_0 .net "clk", 0 0, v0x55a68cfbd990_0;  alias, 1 drivers
v0x55a68cfba920_0 .net "data_addr", 8 0, L_0x55a68cfd4b40;  1 drivers
v0x55a68cfbaa00_0 .net "data_addr_int", 8 0, L_0x55a68cfd5990;  1 drivers
v0x55a68cfbaac0_0 .net "data_en_int", 0 0, L_0x55a68cfd5ae0;  1 drivers
v0x55a68cfbab80_0 .net "data_in", 31 0, L_0x55a68cfd5660;  alias, 1 drivers
v0x55a68cfbac90_0 .net "data_in_int", 31 0, L_0x55a68cfd5a70;  1 drivers
v0x55a68cfbad50_0 .net "data_out", 31 0, L_0x55a68cfd5bb0;  alias, 1 drivers
v0x55a68cfbae10_0 .var "data_out_int", 31 0;
v0x55a68cfbaed0_0 .net "data_sel", 0 0, v0x55a68cfb15d0_0;  alias, 1 drivers
v0x55a68cfbafa0_0 .net "data_we", 0 0, L_0x55a68cfd55f0;  alias, 1 drivers
v0x55a68cfbb070_0 .net "data_we_int", 0 0, L_0x55a68cfd5a00;  1 drivers
L_0x7f2352ff4be8 .functor BUFT 1, C4<1>, C4<0>, C4<0>, C4<0>;
v0x55a68cfbb110_0 .net "instr_en", 0 0, L_0x7f2352ff4be8;  1 drivers
v0x55a68cfbb1b0_0 .var "instruction", 31 0;
v0x55a68cfbb2a0 .array "mem", 0 511, 31 0;
v0x55a68cfbb340_0 .net "pc", 8 0, v0x55a68cfb8ea0_0;  alias, 1 drivers
S_0x55a68cfbb510 .scope module, "regf" "xregf" 5 101, 11 4 0, S_0x55a68cf93b80;
 .timescale -9 -12;
    .port_info 0 /INPUT 1 "clk";
    .port_info 1 /INPUT 1 "sel";
    .port_info 2 /INPUT 1 "we";
    .port_info 3 /INPUT 4 "addr";
    .port_info 4 /INPUT 32 "data_in";
    .port_info 5 /OUTPUT 32 "data_out";
v0x55a68cfbb780_0 .net *"_s0", 31 0, L_0x55a68cfd5ca0;  1 drivers
v0x55a68cfbb880_0 .net *"_s2", 5 0, L_0x55a68cfd5d70;  1 drivers
L_0x7f2352ff4c30 .functor BUFT 1, C4<00>, C4<0>, C4<0>, C4<0>;
v0x55a68cfbb960_0 .net *"_s5", 1 0, L_0x7f2352ff4c30;  1 drivers
L_0x7f2352ff4c78 .functor BUFT 1, C4<00000000000000000000000000000000>, C4<0>, C4<0>, C4<0>;
v0x55a68cfbba50_0 .net/2u *"_s6", 31 0, L_0x7f2352ff4c78;  1 drivers
v0x55a68cfbbb30_0 .net "addr", 3 0, L_0x55a68cfd6020;  1 drivers
v0x55a68cfbbc60_0 .net "clk", 0 0, v0x55a68cfbd990_0;  alias, 1 drivers
v0x55a68cfbbd00_0 .net "data_in", 31 0, L_0x55a68cfd5660;  alias, 1 drivers
v0x55a68cfbbdc0_0 .net "data_out", 31 0, L_0x55a68cfd5ee0;  alias, 1 drivers
v0x55a68cfbbe80 .array "regf", 0 15, 31 0;
v0x55a68cfbc120_0 .net "sel", 0 0, v0x55a68cfb1770_0;  alias, 1 drivers
v0x55a68cfbc1c0_0 .net "we", 0 0, L_0x55a68cfd55f0;  alias, 1 drivers
L_0x55a68cfd5ca0 .array/port v0x55a68cfbbe80, L_0x55a68cfd5d70;
L_0x55a68cfd5d70 .concat [ 4 2 0 0], L_0x55a68cfd6020, L_0x7f2352ff4c30;
L_0x55a68cfd5ee0 .functor MUXZ 32, L_0x7f2352ff4c78, L_0x55a68cfd5ca0, v0x55a68cfb1770_0, C4<>;
    .scope S_0x55a68cf96580;
T_0 ;
    %wait E_0x55a68cf1f5f0;
    %load/vec4 v0x55a68cf7e730_0;
    %flag_set/vec4 8;
    %jmp/0xz  T_0.0, 8;
    %pushi/vec4 0, 0, 1;
    %assign/vec4 v0x55a68cf7df30_0, 0;
    %jmp T_0.1;
T_0.0 ;
    %load/vec4 v0x55a68cf7e7d0_0;
    %flag_set/vec4 8;
    %jmp/0xz  T_0.2, 8;
    %load/vec4 v0x55a68cf7de90_0;
    %assign/vec4 v0x55a68cf7df30_0, 0;
T_0.2 ;
T_0.1 ;
    %jmp T_0;
    .thread T_0;
    .scope S_0x55a68cf94980;
T_1 ;
    %wait E_0x55a68cfb1ef0;
    %load/vec4 v0x55a68cfb8ce0_0;
    %pad/u 32;
    %cmpi/e 10, 0, 32;
    %flag_mov 8, 4;
    %load/vec4 v0x55a68cfb8ce0_0;
    %pad/u 32;
    %cmpi/e 11, 0, 32;
    %flag_or 4, 8;
    %jmp/0xz  T_1.0, 4;
    %load/vec4 v0x55a68cfb9870_0;
    %parti/s 10, 0, 2;
    %store/vec4 v0x55a68cfb8980_0, 0, 10;
    %jmp T_1.1;
T_1.0 ;
    %load/vec4 v0x55a68cfb84c0_0;
    %parti/s 10, 0, 2;
    %store/vec4 v0x55a68cfb8980_0, 0, 10;
T_1.1 ;
    %jmp T_1;
    .thread T_1, $push;
    .scope S_0x55a68cf94980;
T_2 ;
    %wait E_0x55a68cfb1e20;
    %pushi/vec4 0, 0, 32;
    %store/vec4 v0x55a68cfb8dc0_0, 0, 32;
    %load/vec4 v0x55a68cfb88c0_0;
    %flag_set/vec4 8;
    %load/vec4 v0x55a68cfb7e60_0;
    %flag_set/vec4 9;
    %flag_or 9, 8;
    %jmp/0xz  T_2.0, 9;
    %load/vec4 v0x55a68cfb8980_0;
    %pad/u 32;
    %cmpi/e 528, 0, 32;
    %jmp/0xz  T_2.2, 4;
    %load/vec4 v0x55a68cfb9870_0;
    %store/vec4 v0x55a68cfb8dc0_0, 0, 32;
    %jmp T_2.3;
T_2.2 ;
    %load/vec4 v0x55a68cfb8980_0;
    %pad/u 32;
    %cmpi/e 529, 0, 32;
    %jmp/0xz  T_2.4, 4;
    %load/vec4 v0x55a68cfb9950_0;
    %pad/u 32;
    %pushi/vec4 0, 0, 32;
    %or;
    %store/vec4 v0x55a68cfb8dc0_0, 0, 32;
    %jmp T_2.5;
T_2.4 ;
    %load/vec4 v0x55a68cfb85a0_0;
    %flag_set/vec4 8;
    %jmp/0xz  T_2.6, 8;
    %load/vec4 v0x55a68cfb84c0_0;
    %store/vec4 v0x55a68cfb8dc0_0, 0, 32;
    %jmp T_2.7;
T_2.6 ;
    %load/vec4 v0x55a68cfb8ba0_0;
    %flag_set/vec4 8;
    %jmp/0xz  T_2.8, 8;
    %load/vec4 v0x55a68cfb8a40_0;
    %store/vec4 v0x55a68cfb8dc0_0, 0, 32;
T_2.8 ;
T_2.7 ;
T_2.5 ;
T_2.3 ;
T_2.0 ;
    %jmp T_2;
    .thread T_2, $push;
    .scope S_0x55a68cf94980;
T_3 ;
    %wait E_0x55a68cfb1dc0;
    %load/vec4 v0x55a68cfb9a30_0;
    %flag_set/vec4 8;
    %jmp/0xz  T_3.0, 8;
    %pushi/vec4 0, 0, 9;
    %assign/vec4 v0x55a68cfb8ea0_0, 0;
    %jmp T_3.1;
T_3.0 ;
    %load/vec4 v0x55a68cfb8ea0_0;
    %addi 1, 0, 9;
    %assign/vec4 v0x55a68cfb8ea0_0, 0;
    %load/vec4 v0x55a68cfb8ce0_0;
    %pad/u 32;
    %pushi/vec4 12, 0, 32;
    %cmp/e;
    %flag_get/vec4 4;
    %load/vec4 v0x55a68cfb8f80_0;
    %pushi/vec4 0, 0, 32;
    %cmp/e;
    %flag_get/vec4 4;
    %and;
    %flag_set/vec4 8;
    %jmp/0xz  T_3.2, 8;
    %load/vec4 v0x55a68cfb84c0_0;
    %parti/s 10, 0, 2;
    %pad/u 9;
    %assign/vec4 v0x55a68cfb8ea0_0, 0;
    %jmp T_3.3;
T_3.2 ;
    %load/vec4 v0x55a68cfb8ce0_0;
    %pad/u 32;
    %pushi/vec4 14, 0, 32;
    %cmp/e;
    %flag_get/vec4 4;
    %load/vec4 v0x55a68cfb8f80_0;
    %pushi/vec4 0, 0, 32;
    %cmp/ne;
    %flag_get/vec4 4;
    %and;
    %flag_set/vec4 8;
    %jmp/0xz  T_3.4, 8;
    %load/vec4 v0x55a68cfb84c0_0;
    %parti/s 10, 0, 2;
    %pad/u 9;
    %assign/vec4 v0x55a68cfb8ea0_0, 0;
    %jmp T_3.5;
T_3.4 ;
    %load/vec4 v0x55a68cfb8ce0_0;
    %pad/u 32;
    %pushi/vec4 13, 0, 32;
    %cmp/e;
    %flag_get/vec4 4;
    %load/vec4 v0x55a68cfb8f80_0;
    %pushi/vec4 0, 0, 32;
    %cmp/e;
    %flag_get/vec4 4;
    %and;
    %flag_set/vec4 8;
    %jmp/0xz  T_3.6, 8;
    %load/vec4 v0x55a68cfb9870_0;
    %parti/s 10, 0, 2;
    %pad/u 9;
    %assign/vec4 v0x55a68cfb8ea0_0, 0;
    %jmp T_3.7;
T_3.6 ;
    %load/vec4 v0x55a68cfb8ce0_0;
    %pad/u 32;
    %pushi/vec4 15, 0, 32;
    %cmp/e;
    %flag_get/vec4 4;
    %load/vec4 v0x55a68cfb8f80_0;
    %pushi/vec4 0, 0, 32;
    %cmp/ne;
    %flag_get/vec4 4;
    %and;
    %flag_set/vec4 8;
    %jmp/0xz  T_3.8, 8;
    %load/vec4 v0x55a68cfb9870_0;
    %parti/s 10, 0, 2;
    %pad/u 9;
    %assign/vec4 v0x55a68cfb8ea0_0, 0;
T_3.8 ;
T_3.7 ;
T_3.5 ;
T_3.3 ;
T_3.1 ;
    %jmp T_3;
    .thread T_3;
    .scope S_0x55a68cf94980;
T_4 ;
    %wait E_0x55a68cfb1dc0;
    %load/vec4 v0x55a68cfb9a30_0;
    %flag_set/vec4 8;
    %jmp/0xz  T_4.0, 8;
    %pushi/vec4 0, 0, 32;
    %assign/vec4 v0x55a68cfb8f80_0, 0;
    %jmp T_4.1;
T_4.0 ;
    %load/vec4 v0x55a68cfb88c0_0;
    %flag_set/vec4 8;
    %jmp/0xz  T_4.2, 8;
    %load/vec4 v0x55a68cfb8dc0_0;
    %assign/vec4 v0x55a68cfb8f80_0, 0;
    %jmp T_4.3;
T_4.2 ;
    %load/vec4 v0x55a68cfb7e60_0;
    %flag_set/vec4 8;
    %jmp/0xz  T_4.4, 8;
    %load/vec4 v0x55a68cfb7fe0_0;
    %assign/vec4 v0x55a68cfb8f80_0, 0;
    %jmp T_4.5;
T_4.4 ;
    %load/vec4 v0x55a68cfb81a0_0;
    %flag_set/vec4 8;
    %jmp/0xz  T_4.6, 8;
    %load/vec4 v0x55a68cfb8f80_0;
    %subi 1, 0, 32;
    %assign/vec4 v0x55a68cfb8f80_0, 0;
T_4.6 ;
T_4.5 ;
T_4.3 ;
T_4.1 ;
    %jmp T_4;
    .thread T_4;
    .scope S_0x55a68cf94980;
T_5 ;
    %wait E_0x55a68cfb1dc0;
    %load/vec4 v0x55a68cfb9a30_0;
    %flag_set/vec4 8;
    %jmp/0xz  T_5.0, 8;
    %pushi/vec4 0, 0, 32;
    %assign/vec4 v0x55a68cfb9870_0, 0;
    %jmp T_5.1;
T_5.0 ;
    %load/vec4 v0x55a68cfb8980_0;
    %pad/u 32;
    %pushi/vec4 528, 0, 32;
    %cmp/e;
    %flag_get/vec4 4;
    %load/vec4 v0x55a68cfb8c40_0;
    %and;
    %flag_set/vec4 8;
    %jmp/0xz  T_5.2, 8;
    %load/vec4 v0x55a68cfb8f80_0;
    %assign/vec4 v0x55a68cfb9870_0, 0;
T_5.2 ;
T_5.1 ;
    %jmp T_5;
    .thread T_5;
    .scope S_0x55a68cf94980;
T_6 ;
    %wait E_0x55a68cfb1dc0;
    %load/vec4 v0x55a68cfb9a30_0;
    %flag_set/vec4 8;
    %jmp/0xz  T_6.0, 8;
    %pushi/vec4 0, 0, 3;
    %assign/vec4 v0x55a68cfb9950_0, 0;
    %jmp T_6.1;
T_6.0 ;
    %load/vec4 v0x55a68cfb7e60_0;
    %flag_set/vec4 8;
    %jmp/0xz  T_6.2, 8;
    %load/vec4 v0x55a68cfb7da0_0;
    %load/vec4 v0x55a68cfb7f20_0;
    %concat/vec4; draw_concat_vec4
    %load/vec4 v0x55a68cfb7aa0_0;
    %concat/vec4; draw_concat_vec4
    %assign/vec4 v0x55a68cfb9950_0, 0;
T_6.2 ;
T_6.1 ;
    %jmp T_6;
    .thread T_6;
    .scope S_0x55a68cf94980;
T_7 ;
    %wait E_0x55a68cfb1d30;
    %load/vec4 v0x55a68cfb8ce0_0;
    %pad/u 32;
    %cmpi/e 2, 0, 32;
    %jmp/0xz  T_7.0, 4;
    %pushi/vec4 0, 0, 1;
    %load/vec4 v0x55a68cfb8f80_0;
    %parti/s 31, 0, 2;
    %concat/vec4; draw_concat_vec4
    %pushi/vec4 0, 0, 1;
    %load/vec4 v0x55a68cfb8dc0_0;
    %parti/s 31, 0, 2;
    %concat/vec4; draw_concat_vec4
    %sub;
    %store/vec4 v0x55a68cfb8320_0, 0, 32;
    %jmp T_7.1;
T_7.0 ;
    %pushi/vec4 0, 0, 1;
    %load/vec4 v0x55a68cfb8f80_0;
    %parti/s 31, 0, 2;
    %concat/vec4; draw_concat_vec4
    %pushi/vec4 0, 0, 1;
    %load/vec4 v0x55a68cfb8dc0_0;
    %parti/s 31, 0, 2;
    %concat/vec4; draw_concat_vec4
    %add;
    %store/vec4 v0x55a68cfb8320_0, 0, 32;
T_7.1 ;
    %jmp T_7;
    .thread T_7, $push;
    .scope S_0x55a68cf94980;
T_8 ;
    %wait E_0x55a68cf9a980;
    %load/vec4 v0x55a68cfb8ce0_0;
    %pad/u 32;
    %cmpi/e 2, 0, 32;
    %jmp/0xz  T_8.0, 4;
    %load/vec4 v0x55a68cfb8f80_0;
    %parti/s 1, 31, 6;
    %load/vec4 v0x55a68cfb8dc0_0;
    %parti/s 1, 31, 6;
    %inv;
    %and;
    %load/vec4 v0x55a68cfb8f80_0;
    %parti/s 1, 31, 6;
    %load/vec4 v0x55a68cfb8dc0_0;
    %parti/s 1, 31, 6;
    %inv;
    %xor;
    %add;
    %load/vec4 v0x55a68cfb8320_0;
    %parti/s 1, 31, 6;
    %and;
    %store/vec4 v0x55a68cfb8260_0, 0, 1;
    %jmp T_8.1;
T_8.0 ;
    %load/vec4 v0x55a68cfb8f80_0;
    %parti/s 1, 31, 6;
    %load/vec4 v0x55a68cfb8dc0_0;
    %parti/s 1, 31, 6;
    %and;
    %load/vec4 v0x55a68cfb8f80_0;
    %parti/s 1, 31, 6;
    %load/vec4 v0x55a68cfb8dc0_0;
    %parti/s 1, 31, 6;
    %xor;
    %add;
    %load/vec4 v0x55a68cfb8320_0;
    %parti/s 1, 31, 6;
    %and;
    %store/vec4 v0x55a68cfb8260_0, 0, 1;
T_8.1 ;
    %jmp T_8;
    .thread T_8, $push;
    .scope S_0x55a68cf94980;
T_9 ;
    %wait E_0x55a68cf99a90;
    %load/vec4 v0x55a68cfb8ce0_0;
    %pad/u 32;
    %cmpi/e 2, 0, 32;
    %jmp/0xz  T_9.0, 4;
    %load/vec4 v0x55a68cfb8320_0;
    %load/vec4 v0x55a68cfb8f80_0;
    %parti/s 1, 31, 6;
    %concati/vec4 0, 0, 31;
    %add;
    %load/vec4 v0x55a68cfb8dc0_0;
    %parti/s 1, 31, 6;
    %concati/vec4 0, 0, 31;
    %sub;
    %store/vec4 v0x55a68cfb7900_0, 0, 32;
    %jmp T_9.1;
T_9.0 ;
    %load/vec4 v0x55a68cfb8320_0;
    %load/vec4 v0x55a68cfb8f80_0;
    %parti/s 1, 31, 6;
    %concati/vec4 0, 0, 31;
    %add;
    %load/vec4 v0x55a68cfb8dc0_0;
    %parti/s 1, 31, 6;
    %concati/vec4 0, 0, 31;
    %add;
    %store/vec4 v0x55a68cfb7900_0, 0, 32;
T_9.1 ;
    %jmp T_9;
    .thread T_9, $push;
    .scope S_0x55a68cf94980;
T_10 ;
    %wait E_0x55a68cf99b10;
    %pushi/vec4 0, 0, 32;
    %store/vec4 v0x55a68cfb7fe0_0, 0, 32;
    %pushi/vec4 0, 0, 1;
    %store/vec4 v0x55a68cfb7aa0_0, 0, 1;
    %pushi/vec4 0, 0, 1;
    %store/vec4 v0x55a68cfb7da0_0, 0, 1;
    %pushi/vec4 0, 0, 1;
    %store/vec4 v0x55a68cfb7f20_0, 0, 1;
    %load/vec4 v0x55a68cfb79e0_0;
    %flag_set/vec4 8;
    %jmp/0xz  T_10.0, 8;
    %load/vec4 v0x55a68cfb7900_0;
    %store/vec4 v0x55a68cfb7fe0_0, 0, 32;
    %load/vec4 v0x55a68cfb8260_0;
    %store/vec4 v0x55a68cfb7aa0_0, 0, 1;
    %load/vec4 v0x55a68cfb8260_0;
    %load/vec4 v0x55a68cfb8320_0;
    %parti/s 1, 31, 6;
    %xor;
    %store/vec4 v0x55a68cfb7f20_0, 0, 1;
    %load/vec4 v0x55a68cfb7900_0;
    %parti/s 1, 31, 6;
    %store/vec4 v0x55a68cfb7da0_0, 0, 1;
    %jmp T_10.1;
T_10.0 ;
    %load/vec4 v0x55a68cfb8ce0_0;
    %pad/u 32;
    %cmpi/e 3, 0, 32;
    %jmp/0xz  T_10.2, 4;
    %load/vec4 v0x55a68cfb8dc0_0;
    %parti/s 1, 31, 6;
    %flag_set/vec4 8;
    %jmp/0xz  T_10.4, 8;
    %load/vec4 v0x55a68cfb8f80_0;
    %ix/load 4, 1, 0;
    %flag_set/imm 4, 0;
    %shiftl 4;
    %store/vec4 v0x55a68cfb7fe0_0, 0, 32;
    %load/vec4 v0x55a68cfb8f80_0;
    %parti/s 1, 31, 6;
    %store/vec4 v0x55a68cfb7aa0_0, 0, 1;
    %load/vec4 v0x55a68cfb8f80_0;
    %parti/s 1, 31, 6;
    %load/vec4 v0x55a68cfb8f80_0;
    %parti/s 1, 30, 6;
    %xor;
    %store/vec4 v0x55a68cfb7f20_0, 0, 1;
    %load/vec4 v0x55a68cfb8f80_0;
    %parti/s 1, 30, 6;
    %store/vec4 v0x55a68cfb7da0_0, 0, 1;
    %jmp T_10.5;
T_10.4 ;
    %load/vec4 v0x55a68cfb8f80_0;
    %parti/s 1, 31, 6;
    %load/vec4 v0x55a68cfb8f80_0;
    %parti/s 31, 1, 2;
    %concat/vec4; draw_concat_vec4
    %store/vec4 v0x55a68cfb7fe0_0, 0, 32;
    %pushi/vec4 0, 0, 1;
    %store/vec4 v0x55a68cfb7aa0_0, 0, 1;
    %pushi/vec4 0, 0, 1;
    %store/vec4 v0x55a68cfb7f20_0, 0, 1;
    %load/vec4 v0x55a68cfb8f80_0;
    %parti/s 1, 31, 6;
    %store/vec4 v0x55a68cfb7da0_0, 0, 1;
T_10.5 ;
    %jmp T_10.3;
T_10.2 ;
    %load/vec4 v0x55a68cfb8ce0_0;
    %pad/u 32;
    %cmpi/e 4, 0, 32;
    %jmp/0xz  T_10.6, 4;
    %load/vec4 v0x55a68cfb80c0_0;
    %store/vec4 v0x55a68cfb7fe0_0, 0, 32;
    %pushi/vec4 0, 0, 1;
    %store/vec4 v0x55a68cfb7aa0_0, 0, 1;
    %load/vec4 v0x55a68cfb80c0_0;
    %parti/s 1, 31, 6;
    %store/vec4 v0x55a68cfb7da0_0, 0, 1;
    %pushi/vec4 0, 0, 1;
    %store/vec4 v0x55a68cfb7f20_0, 0, 1;
    %jmp T_10.7;
T_10.6 ;
    %load/vec4 v0x55a68cfb8ce0_0;
    %pad/u 32;
    %cmpi/e 5, 0, 32;
    %jmp/0xz  T_10.8, 4;
    %load/vec4 v0x55a68cfb9bb0_0;
    %store/vec4 v0x55a68cfb7fe0_0, 0, 32;
    %pushi/vec4 0, 0, 1;
    %store/vec4 v0x55a68cfb7aa0_0, 0, 1;
    %load/vec4 v0x55a68cfb9bb0_0;
    %parti/s 1, 31, 6;
    %store/vec4 v0x55a68cfb7da0_0, 0, 1;
    %pushi/vec4 0, 0, 1;
    %store/vec4 v0x55a68cfb7f20_0, 0, 1;
T_10.8 ;
T_10.7 ;
T_10.3 ;
T_10.1 ;
    %jmp T_10;
    .thread T_10, $push;
    .scope S_0x55a68cf95e80;
T_11 ;
    %vpi_call/w 10 63 "$readmemh", "program.hex", v0x55a68cfbb2a0, 32'sb00000000000000000000000000000000, 32'sb00000000000000000000000111111111 {0 0 0};
    %end;
    .thread T_11;
    .scope S_0x55a68cf95e80;
T_12 ;
    %wait E_0x55a68cfb9e00;
    %load/vec4 v0x55a68cfbb110_0;
    %flag_set/vec4 8;
    %jmp/0xz  T_12.0, 8;
    %load/vec4 v0x55a68cfbb340_0;
    %pad/u 11;
    %ix/vec4 4;
    %load/vec4a v0x55a68cfbb2a0, 4;
    %assign/vec4 v0x55a68cfbb1b0_0, 0;
T_12.0 ;
    %jmp T_12;
    .thread T_12;
    .scope S_0x55a68cf95e80;
T_13 ;
    %wait E_0x55a68cfb9e00;
    %load/vec4 v0x55a68cfbaac0_0;
    %flag_set/vec4 8;
    %jmp/0xz  T_13.0, 8;
    %load/vec4 v0x55a68cfbb070_0;
    %flag_set/vec4 8;
    %jmp/0xz  T_13.2, 8;
    %load/vec4 v0x55a68cfbac90_0;
    %load/vec4 v0x55a68cfbaa00_0;
    %pad/u 11;
    %ix/vec4 3;
    %ix/load 4, 0, 0; Constant delay
    %assign/vec4/a/d v0x55a68cfbb2a0, 0, 4;
T_13.2 ;
    %load/vec4 v0x55a68cfbaa00_0;
    %pad/u 11;
    %ix/vec4 4;
    %load/vec4a v0x55a68cfbb2a0, 4;
    %assign/vec4 v0x55a68cfbae10_0, 0;
T_13.0 ;
    %jmp T_13;
    .thread T_13;
    .scope S_0x55a68cfbb510;
T_14 ;
    %wait E_0x55a68cfb9e00;
    %load/vec4 v0x55a68cfbc120_0;
    %load/vec4 v0x55a68cfbc1c0_0;
    %and;
    %flag_set/vec4 8;
    %jmp/0xz  T_14.0, 8;
    %load/vec4 v0x55a68cfbbd00_0;
    %load/vec4 v0x55a68cfbbb30_0;
    %pad/u 6;
    %ix/vec4 3;
    %ix/load 4, 0, 0; Constant delay
    %assign/vec4/a/d v0x55a68cfbbe80, 0, 4;
T_14.0 ;
    %jmp T_14;
    .thread T_14;
    .scope S_0x55a68cf94280;
T_15 ;
    %wait E_0x55a68cf028a0;
    %pushi/vec4 0, 0, 1;
    %store/vec4 v0x55a68cfb15d0_0, 0, 1;
    %pushi/vec4 0, 0, 1;
    %store/vec4 v0x55a68cfb1770_0, 0, 1;
    %pushi/vec4 0, 0, 1;
    %store/vec4 v0x55a68cf7ed30_0, 0, 1;
    %pushi/vec4 0, 0, 1;
    %store/vec4 v0x55a68cfb1320_0, 0, 1;
    %pushi/vec4 0, 0, 1;
    %store/vec4 v0x55a68cfb18f0_0, 0, 1;
    %load/vec4 v0x55a68cf7ec90_0;
    %pad/u 32;
    %pushi/vec4 512, 0, 32;
    %and;
    %cmpi/e 0, 0, 32;
    %jmp/0xz  T_15.0, 4;
    %load/vec4 v0x55a68cfb1830_0;
    %store/vec4 v0x55a68cfb15d0_0, 0, 1;
    %jmp T_15.1;
T_15.0 ;
    %load/vec4 v0x55a68cf7ec90_0;
    %pad/u 32;
    %pushi/vec4 1008, 0, 32;
    %and;
    %cmpi/e 512, 0, 32;
    %jmp/0xz  T_15.2, 4;
    %load/vec4 v0x55a68cfb1830_0;
    %store/vec4 v0x55a68cfb1770_0, 0, 1;
    %jmp T_15.3;
T_15.2 ;
    %load/vec4 v0x55a68cf7ec90_0;
    %pad/u 32;
    %pushi/vec4 896, 0, 32;
    %and;
    %cmpi/e 768, 0, 32;
    %jmp/0xz  T_15.4, 4;
    %load/vec4 v0x55a68cfb1830_0;
    %store/vec4 v0x55a68cfb1320_0, 0, 1;
    %jmp T_15.5;
T_15.4 ;
    %load/vec4 v0x55a68cf7ec90_0;
    %pad/u 32;
    %pushi/vec4 1023, 0, 32;
    %and;
    %cmpi/e 528, 0, 32;
    %jmp/0xz  T_15.6, 4;
    %load/vec4 v0x55a68cfb1830_0;
    %store/vec4 v0x55a68cf7ed30_0, 0, 1;
    %jmp T_15.7;
T_15.6 ;
    %load/vec4 v0x55a68cf7ec90_0;
    %pad/u 32;
    %pushi/vec4 1023, 0, 32;
    %and;
    %cmpi/e 600, 0, 32;
    %jmp/0xz  T_15.8, 4;
    %load/vec4 v0x55a68cfb1830_0;
    %store/vec4 v0x55a68cfb1430_0, 0, 1;
    %jmp T_15.9;
T_15.8 ;
    %load/vec4 v0x55a68cfb1830_0;
    %store/vec4 v0x55a68cfb18f0_0, 0, 1;
T_15.9 ;
T_15.7 ;
T_15.5 ;
T_15.3 ;
T_15.1 ;
    %jmp T_15;
    .thread T_15, $push;
    .scope S_0x55a68cf94280;
T_16 ;
    %wait E_0x55a68cf21090;
    %pushi/vec4 0, 0, 32;
    %store/vec4 v0x55a68cfb1180_0, 0, 32;
    %load/vec4 v0x55a68cfb15d0_0;
    %flag_set/vec4 8;
    %jmp/0xz  T_16.0, 8;
    %load/vec4 v0x55a68cfb14f0_0;
    %store/vec4 v0x55a68cfb1180_0, 0, 32;
    %jmp T_16.1;
T_16.0 ;
    %load/vec4 v0x55a68cfb1770_0;
    %flag_set/vec4 8;
    %jmp/0xz  T_16.2, 8;
    %load/vec4 v0x55a68cfb1690_0;
    %store/vec4 v0x55a68cfb1180_0, 0, 32;
    %jmp T_16.3;
T_16.2 ;
    %load/vec4 v0x55a68cfb1320_0;
    %flag_set/vec4 8;
    %jmp/0xz  T_16.4, 8;
    %load/vec4 v0x55a68cfb1240_0;
    %store/vec4 v0x55a68cfb1180_0, 0, 32;
T_16.4 ;
T_16.3 ;
T_16.1 ;
    %jmp T_16;
    .thread T_16, $push;
    .scope S_0x55a68cf95780;
T_17 ;
    %wait E_0x55a68cfb1dc0;
    %load/vec4 v0x55a68cfba450_0;
    %flag_set/vec4 8;
    %jmp/0xz  T_17.0, 8;
    %pushi/vec4 0, 0, 1;
    %assign/vec4 v0x55a68cfba3b0_0, 0;
    %jmp T_17.1;
T_17.0 ;
    %load/vec4 v0x55a68cfba520_0;
    %flag_set/vec4 8;
    %jmp/0xz  T_17.2, 8;
    %load/vec4 v0x55a68cfba2f0_0;
    %assign/vec4 v0x55a68cfba3b0_0, 0;
T_17.2 ;
T_17.1 ;
    %jmp T_17;
    .thread T_17;
    .scope S_0x55a68cf95080;
T_18 ;
    %wait E_0x55a68cfb9e00;
    %load/vec4 v0x55a68cfba030_0;
    %flag_set/vec4 8;
    %jmp/0xz  T_18.0, 8;
    %vpi_call/w 8 12 "$write", "%c", v0x55a68cfb9f70_0 {0 0 0};
T_18.0 ;
    %jmp T_18;
    .thread T_18;
    .scope S_0x55a68cf93480;
T_19 ;
    %vpi_call/w 4 49 "$dumpfile", "xtop.vcd" {0 0 0};
    %vpi_call/w 4 50 "$dumpvars", 32'sb00000000000000000000000000000000, S_0x55a68cf93480 {0 0 0};
    %pushi/vec4 1, 0, 1;
    %store/vec4 v0x55a68cfbd990_0, 0, 1;
    %pushi/vec4 0, 0, 1;
    %store/vec4 v0x55a68cfbec30_0, 0, 1;
    %delay 11000, 0;
    %pushi/vec4 1, 0, 1;
    %store/vec4 v0x55a68cfbec30_0, 0, 1;
    %delay 10000, 0;
    %pushi/vec4 0, 0, 1;
    %store/vec4 v0x55a68cfbec30_0, 0, 1;
    %vpi_func 4 66 "$time" 64 {0 0 0};
    %pad/u 32;
    %store/vec4 v0x55a68cfbecd0_0, 0, 32;
    %pushi/vec4 0, 0, 32;
    %store/vec4 v0x55a68cfbdb10_0, 0, 32;
T_19.0 ;
    %load/vec4 v0x55a68cfbdb10_0;
    %cmpi/s 16, 0, 32;
    %jmp/0xz T_19.1, 5;
    %ix/getv/s 4, v0x55a68cfbdb10_0;
    %load/vec4a v0x55a68cfbbe80, 4;
    %ix/getv/s 4, v0x55a68cfbdb10_0;
    %store/vec4a v0x55a68cfbda50, 4, 0;
    %load/vec4 v0x55a68cfbdb10_0;
    %addi 1, 0, 32;
    %store/vec4 v0x55a68cfbdb10_0, 0, 32;
    %jmp T_19.0;
T_19.1 ;
    %vpi_call/w 4 75 "$writememh", "data_out.hex", v0x55a68cfbda50, 32'sb00000000000000000000000000000000, 32'sb00000000000000000000000000001111 {0 0 0};
    %end;
    .thread T_19;
    .scope S_0x55a68cf93480;
T_20 ;
    %wait E_0x55a68cfb9e00;
    %load/vec4 v0x55a68cfbedb0_0;
    %flag_set/vec4 8;
    %jmp/0xz  T_20.0, 8;
    %vpi_func 4 85 "$time" 64 {0 0 0};
    %load/vec4 v0x55a68cfbecd0_0;
    %pad/u 64;
    %sub;
    %pushi/vec4 10, 0, 64;
    %div;
    %vpi_call/w 4 85 "$display", "Catched Trap at time  %0d clock cycles:", S<0,vec4,u64> {1 0 0};
    %load/vec4 v0x55a68cfbc990_0;
    %flag_set/vec4 8;
    %jmp/0 T_20.2, 8;
    %pushi/vec4 1467115892, 0, 32; draw_string_vec4
    %pushi/vec4 101, 0, 8; draw_string_vec4
    %concat/vec4; draw_string_vec4
    %jmp/1 T_20.3, 8;
T_20.2 ; End of true expr.
    %pushi/vec4 5399905, 0, 32; draw_string_vec4
    %pushi/vec4 100, 0, 8; draw_string_vec4
    %concat/vec4; draw_string_vec4
    %jmp/0 T_20.3, 8;
 ; End of false expr.
    %blend;
T_20.3;
    %vpi_call/w 4 86 "$display", "%s address %d, PC 0x%x", S<0,vec4,u40>, v0x55a68cfbc5d0_0, v0x55a68cfbd3a0_0 {1 0 0};
    %vpi_call/w 4 87 "$finish" {0 0 0};
T_20.0 ;
    %jmp T_20;
    .thread T_20;
    .scope S_0x55a68cf93480;
T_21 ;
    %delay 5000, 0;
    %load/vec4 v0x55a68cfbd990_0;
    %inv;
    %store/vec4 v0x55a68cfbd990_0, 0, 1;
    %jmp T_21;
    .thread T_21;
# The file index is used to find the file name in the following table.
:file_names 12;
    "N/A";
    "<interactive>";
    "-";
    "rtl/src/xledprint.v";
    "rtl/testbench/xtop_tb.v";
    "rtl/src/xtop.v";
    "rtl/src/xaddr_decoder.v";
    "rtl/src/xctrl.v";
    "rtl/src/xcprint.v";
    "rtl/src/xled.v";
    "rtl/src/xram.v";
    "rtl/src/xregf.v";
