#! /usr/local/bin/vvp
:ivl_version "11.0 (devel)" "(s20150603-659-g791c056b)";
:ivl_delay_selection "TYPICAL";
:vpi_time_precision - 12;
:vpi_module "system";
:vpi_module "vhdl_sys";
:vpi_module "vhdl_textio";
:vpi_module "v2005_math";
:vpi_module "va_math";
:vpi_module "v2009";
S_0x55f8b737a3c0 .scope package, "$unit" "$unit" 2 1;
 .timescale 0 0;
S_0x55f8b7377200 .scope module, "xtop_tb" "xtop_tb" 3 5;
 .timescale -9 -12;
P_0x55f8b72ccb90 .param/l "clk_period" 0 3 8, +C4<00000000000000000000000000001010>;
v0x55f8b739d6a0_0 .array/port v0x55f8b739d6a0, 0;
L_0x55f8b73b6d70 .functor BUFZ 32, v0x55f8b739d6a0_0, C4<00000000000000000000000000000000>, C4<00000000000000000000000000000000>, C4<00000000000000000000000000000000>;
v0x55f8b739d6a0_1 .array/port v0x55f8b739d6a0, 1;
L_0x55f8b73b6de0 .functor BUFZ 32, v0x55f8b739d6a0_1, C4<00000000000000000000000000000000>, C4<00000000000000000000000000000000>, C4<00000000000000000000000000000000>;
v0x55f8b739d6a0_2 .array/port v0x55f8b739d6a0, 2;
L_0x55f8b73b6eb0 .functor BUFZ 32, v0x55f8b739d6a0_2, C4<00000000000000000000000000000000>, C4<00000000000000000000000000000000>, C4<00000000000000000000000000000000>;
v0x55f8b739d6a0_3 .array/port v0x55f8b739d6a0, 3;
L_0x55f8b73b6f80 .functor BUFZ 32, v0x55f8b739d6a0_3, C4<00000000000000000000000000000000>, C4<00000000000000000000000000000000>, C4<00000000000000000000000000000000>;
v0x55f8b739d6a0_4 .array/port v0x55f8b739d6a0, 4;
L_0x55f8b73b7080 .functor BUFZ 32, v0x55f8b739d6a0_4, C4<00000000000000000000000000000000>, C4<00000000000000000000000000000000>, C4<00000000000000000000000000000000>;
v0x55f8b739d6a0_5 .array/port v0x55f8b739d6a0, 5;
L_0x55f8b73b7150 .functor BUFZ 32, v0x55f8b739d6a0_5, C4<00000000000000000000000000000000>, C4<00000000000000000000000000000000>, C4<00000000000000000000000000000000>;
v0x55f8b739d6a0_6 .array/port v0x55f8b739d6a0, 6;
L_0x55f8b73b7260 .functor BUFZ 32, v0x55f8b739d6a0_6, C4<00000000000000000000000000000000>, C4<00000000000000000000000000000000>, C4<00000000000000000000000000000000>;
v0x55f8b739d6a0_7 .array/port v0x55f8b739d6a0, 7;
L_0x55f8b73b7300 .functor BUFZ 32, v0x55f8b739d6a0_7, C4<00000000000000000000000000000000>, C4<00000000000000000000000000000000>, C4<00000000000000000000000000000000>;
v0x55f8b739d6a0_8 .array/port v0x55f8b739d6a0, 8;
L_0x55f8b73b7420 .functor BUFZ 32, v0x55f8b739d6a0_8, C4<00000000000000000000000000000000>, C4<00000000000000000000000000000000>, C4<00000000000000000000000000000000>;
v0x55f8b739d6a0_9 .array/port v0x55f8b739d6a0, 9;
L_0x55f8b73b74f0 .functor BUFZ 32, v0x55f8b739d6a0_9, C4<00000000000000000000000000000000>, C4<00000000000000000000000000000000>, C4<00000000000000000000000000000000>;
v0x55f8b739d6a0_10 .array/port v0x55f8b739d6a0, 10;
L_0x55f8b73b7620 .functor BUFZ 32, v0x55f8b739d6a0_10, C4<00000000000000000000000000000000>, C4<00000000000000000000000000000000>, C4<00000000000000000000000000000000>;
v0x55f8b739d6a0_11 .array/port v0x55f8b739d6a0, 11;
L_0x55f8b73b76f0 .functor BUFZ 32, v0x55f8b739d6a0_11, C4<00000000000000000000000000000000>, C4<00000000000000000000000000000000>, C4<00000000000000000000000000000000>;
v0x55f8b739d6a0_12 .array/port v0x55f8b739d6a0, 12;
L_0x55f8b73b7830 .functor BUFZ 32, v0x55f8b739d6a0_12, C4<00000000000000000000000000000000>, C4<00000000000000000000000000000000>, C4<00000000000000000000000000000000>;
v0x55f8b739d6a0_13 .array/port v0x55f8b739d6a0, 13;
L_0x55f8b73b7900 .functor BUFZ 32, v0x55f8b739d6a0_13, C4<00000000000000000000000000000000>, C4<00000000000000000000000000000000>, C4<00000000000000000000000000000000>;
v0x55f8b739d6a0_14 .array/port v0x55f8b739d6a0, 14;
L_0x55f8b73b77c0 .functor BUFZ 32, v0x55f8b739d6a0_14, C4<00000000000000000000000000000000>, C4<00000000000000000000000000000000>, C4<00000000000000000000000000000000>;
v0x55f8b739d6a0_15 .array/port v0x55f8b739d6a0, 15;
L_0x55f8b73b7ab0 .functor BUFZ 32, v0x55f8b739d6a0_15, C4<00000000000000000000000000000000>, C4<00000000000000000000000000000000>, C4<00000000000000000000000000000000>;
v0x55f8b739eb40_0 .var "clk", 0 0;
v0x55f8b739ec00 .array "data", 0 15, 31 0;
v0x55f8b739ecc0_0 .var/i "k", 31 0;
v0x55f8b739ed80_0 .net "led0", 0 0, v0x55f8b739bca0_0;  1 drivers
v0x55f8b739ee70_0 .net "r0", 31 0, L_0x55f8b73b6d70;  1 drivers
v0x55f8b739efa0_0 .net "r1", 31 0, L_0x55f8b73b6de0;  1 drivers
v0x55f8b739f080_0 .net "r10", 31 0, L_0x55f8b73b7620;  1 drivers
v0x55f8b739f160_0 .net "r11", 31 0, L_0x55f8b73b76f0;  1 drivers
v0x55f8b739f240_0 .net "r12", 31 0, L_0x55f8b73b7830;  1 drivers
v0x55f8b739f320_0 .net "r13", 31 0, L_0x55f8b73b7900;  1 drivers
v0x55f8b739f400_0 .net "r14", 31 0, L_0x55f8b73b77c0;  1 drivers
v0x55f8b739f4e0_0 .net "r15", 31 0, L_0x55f8b73b7ab0;  1 drivers
v0x55f8b739f5c0_0 .net "r2", 31 0, L_0x55f8b73b6eb0;  1 drivers
v0x55f8b739f6a0_0 .net "r3", 31 0, L_0x55f8b73b6f80;  1 drivers
v0x55f8b739f780_0 .net "r4", 31 0, L_0x55f8b73b7080;  1 drivers
v0x55f8b739f860_0 .net "r5", 31 0, L_0x55f8b73b7150;  1 drivers
v0x55f8b739f940_0 .net "r6", 31 0, L_0x55f8b73b7260;  1 drivers
v0x55f8b739fa20_0 .net "r7", 31 0, L_0x55f8b73b7300;  1 drivers
v0x55f8b739fb00_0 .net "r8", 31 0, L_0x55f8b73b7420;  1 drivers
v0x55f8b739fbe0_0 .net "r9", 31 0, L_0x55f8b73b74f0;  1 drivers
v0x55f8b739fcc0_0 .var "rst", 0 0;
v0x55f8b739fd60_0 .var/i "start_time", 31 0;
v0x55f8b739fe40_0 .var "sw0", 0 0;
v0x55f8b739fee0_0 .net "trap", 0 0, v0x55f8b7393370_0;  1 drivers
S_0x55f8b7374100 .scope module, "uut" "xtop" 3 34, 4 5 0, S_0x55f8b7377200;
 .timescale -9 -12;
    .port_info 0 /INPUT 1 "clk";
    .port_info 1 /INPUT 1 "rst";
    .port_info 2 /INPUT 1 "sw0";
    .port_info 3 /OUTPUT 1 "trap";
    .port_info 4 /OUTPUT 1 "led0";
L_0x55f8b73b6c10 .functor AND 1, v0x55f8b735f600_0, L_0x55f8b73b6070, C4<1>, C4<1>;
v0x55f8b739db60_0 .net "clk", 0 0, v0x55f8b739eb40_0;  1 drivers
v0x55f8b739dc20_0 .net "cprt_sel", 0 0, v0x55f8b735f600_0;  1 drivers
v0x55f8b739dce0_0 .net "data_addr", 9 0, v0x55f8b739a3c0_0;  1 drivers
v0x55f8b739de00_0 .net "data_sel", 0 0, L_0x55f8b73b5eb0;  1 drivers
v0x55f8b739def0_0 .net "data_to_rd", 31 0, v0x55f8b735f6a0_0;  1 drivers
v0x55f8b739e030_0 .net "data_to_wr", 31 0, L_0x55f8b73b60e0;  1 drivers
v0x55f8b739e0d0_0 .net "data_we", 0 0, L_0x55f8b73b6070;  1 drivers
v0x55f8b739e170_0 .net "instruction", 31 0, v0x55f8b739cb60_0;  1 drivers
v0x55f8b739e280_0 .net "led0", 0 0, v0x55f8b739bca0_0;  alias, 1 drivers
v0x55f8b739e320_0 .net "led0_sel", 0 0, v0x55f8b735fea0_0;  1 drivers
v0x55f8b739e3c0_0 .net "mem_data_to_rd", 31 0, L_0x55f8b73b6700;  1 drivers
v0x55f8b739e4b0_0 .net "mem_sel", 0 0, v0x55f8b7360400_0;  1 drivers
v0x55f8b739e5a0_0 .net "pc", 8 0, v0x55f8b739a8e0_0;  1 drivers
v0x55f8b739e6b0_0 .net "regf_data_to_rd", 31 0, L_0x55f8b73b69e0;  1 drivers
v0x55f8b739e7c0_0 .net "regf_sel", 0 0, v0x55f8b73931f0_0;  1 drivers
v0x55f8b739e8b0_0 .net "rst", 0 0, v0x55f8b739fcc0_0;  1 drivers
v0x55f8b739e9a0_0 .net "sw0", 0 0, v0x55f8b739fe40_0;  1 drivers
v0x55f8b739ea40_0 .net "trap", 0 0, v0x55f8b7393370_0;  alias, 1 drivers
L_0x55f8b73b55c0 .part v0x55f8b739a3c0_0, 0, 9;
L_0x55f8b73b6b20 .part v0x55f8b739a3c0_0, 0, 4;
L_0x55f8b73b6cd0 .part L_0x55f8b73b60e0, 0, 8;
S_0x55f8b7374800 .scope module, "addr_decoder" "xaddr_decoder" 4 113, 5 4 0, S_0x55f8b7374100;
 .timescale -9 -12;
    .port_info 0 /INPUT 10 "addr";
    .port_info 1 /INPUT 1 "sel";
    .port_info 2 /OUTPUT 1 "led0_sel";
    .port_info 3 /OUTPUT 1 "mem_sel";
    .port_info 4 /INPUT 32 "mem_data_to_rd";
    .port_info 5 /OUTPUT 1 "regf_sel";
    .port_info 6 /INPUT 32 "regf_data_to_rd";
    .port_info 7 /OUTPUT 1 "cprt_sel";
    .port_info 8 /OUTPUT 1 "trap_sel";
    .port_info 9 /OUTPUT 32 "data_to_rd";
v0x55f8b73702e0_0 .net "addr", 9 0, v0x55f8b739a3c0_0;  alias, 1 drivers
v0x55f8b735f600_0 .var "cprt_sel", 0 0;
v0x55f8b735f6a0_0 .var "data_to_rd", 31 0;
v0x55f8b735fea0_0 .var "led0_sel", 0 0;
v0x55f8b735ff40_0 .net "mem_data_to_rd", 31 0, L_0x55f8b73b6700;  alias, 1 drivers
v0x55f8b7360400_0 .var "mem_sel", 0 0;
v0x55f8b73604a0_0 .net "regf_data_to_rd", 31 0, L_0x55f8b73b69e0;  alias, 1 drivers
v0x55f8b73931f0_0 .var "regf_sel", 0 0;
v0x55f8b73932b0_0 .net "sel", 0 0, L_0x55f8b73b5eb0;  alias, 1 drivers
v0x55f8b7393370_0 .var "trap_sel", 0 0;
E_0x55f8b7307f70 .event edge, v0x55f8b7360400_0, v0x55f8b735ff40_0, v0x55f8b73931f0_0, v0x55f8b73604a0_0;
E_0x55f8b73092f0 .event edge, v0x55f8b73702e0_0, v0x55f8b73932b0_0;
S_0x55f8b7374f00 .scope module, "controller" "xctrl" 4 68, 6 7 0, S_0x55f8b7374100;
 .timescale -9 -12;
    .port_info 0 /INPUT 1 "clk";
    .port_info 1 /INPUT 1 "rst";
    .port_info 2 /OUTPUT 9 "pc";
    .port_info 3 /INPUT 32 "instruction";
    .port_info 4 /OUTPUT 1 "mem_sel";
    .port_info 5 /OUTPUT 1 "mem_we";
    .port_info 6 /OUTPUT 10 "mem_addr";
    .port_info 7 /INPUT 32 "mem_data_from";
    .port_info 8 /OUTPUT 32 "mem_data_to";
L_0x55f8b736a6d0 .functor OR 1, L_0x55f8b73b00f0, L_0x55f8b73b0370, C4<0>, C4<0>;
L_0x55f8b736b310 .functor OR 1, L_0x55f8b73b0690, L_0x55f8b73b08b0, C4<0>, C4<0>;
L_0x55f8b7370120 .functor OR 1, L_0x55f8b736a6d0, L_0x55f8b736b310, C4<0>, C4<0>;
L_0x55f8b735f4e0 .functor OR 1, L_0x55f8b73b0c70, L_0x55f8b73b0e60, C4<0>, C4<0>;
L_0x55f8b73b0fa0 .functor OR 1, L_0x55f8b73b11a0, L_0x55f8b73b1560, C4<0>, C4<0>;
L_0x55f8b735fd80 .functor OR 1, L_0x55f8b73b19d0, L_0x55f8b73b1ca0, C4<0>, C4<0>;
L_0x55f8b735f100 .functor OR 1, L_0x55f8b735fd80, L_0x55f8b73b1fc0, C4<0>, C4<0>;
L_0x55f8b73380b0 .functor OR 1, L_0x55f8b73b2350, L_0x55f8b73b2650, C4<0>, C4<0>;
L_0x55f8b73b2c80 .functor AND 1, L_0x55f8b735f100, L_0x55f8b73b2a50, C4<1>, C4<1>;
L_0x55f8b73b2d90 .functor OR 1, L_0x55f8b73b2c80, L_0x55f8b73380b0, C4<0>, C4<0>;
L_0x55f8b73b2f00 .functor OR 1, L_0x55f8b73b0fa0, L_0x55f8b73380b0, C4<0>, C4<0>;
L_0x55f8b73b2f70 .functor OR 1, L_0x55f8b73b2f00, L_0x55f8b735f100, C4<0>, C4<0>;
L_0x55f8b73b30a0 .functor OR 1, L_0x55f8b736a6d0, L_0x55f8b73b0fa0, C4<0>, C4<0>;
L_0x55f8b73b3780 .functor OR 1, L_0x55f8b73b3200, L_0x55f8b73b3530, C4<0>, C4<0>;
L_0x55f8b73b3030 .functor OR 1, L_0x55f8b73b3780, L_0x55f8b73b3c10, C4<0>, C4<0>;
L_0x55f8b73b3d50 .functor OR 1, L_0x55f8b73b3030, L_0x55f8b73b4000, C4<0>, C4<0>;
L_0x55f8b73b53f0 .functor OR 1, L_0x55f8b735f4e0, L_0x55f8b736b310, C4<0>, C4<0>;
L_0x55f8b73b54b0 .functor OR 1, L_0x55f8b73b53f0, L_0x55f8b73b2d90, C4<0>, C4<0>;
L_0x55f8b73b5a20 .functor AND 1, L_0x55f8b73b54b0, L_0x55f8b73b58e0, C4<1>, C4<1>;
L_0x55f8b73b5eb0 .functor AND 1, L_0x55f8b73b5a20, L_0x55f8b73b5d70, C4<1>, C4<1>;
L_0x55f8b73b6070 .functor BUFZ 1, L_0x55f8b735f4e0, C4<0>, C4<0>, C4<0>;
L_0x55f8b73b60e0 .functor BUFZ 32, v0x55f8b739a9c0_0, C4<00000000000000000000000000000000>, C4<00000000000000000000000000000000>, C4<00000000000000000000000000000000>;
L_0x55f8b73b62a0 .functor AND 32, v0x55f8b739a9c0_0, v0x55f8b739a800_0, C4<11111111111111111111111111111111>, C4<11111111111111111111111111111111>;
L_0x55f8b73b6310 .functor XOR 32, v0x55f8b739a9c0_0, v0x55f8b739a800_0, C4<00000000000000000000000000000000>, C4<00000000000000000000000000000000>;
v0x55f8b73939b0_0 .net *"_s0", 31 0, L_0x55f8b739ffd0;  1 drivers
v0x55f8b7393a90_0 .net *"_s102", 31 0, L_0x55f8b73b2260;  1 drivers
L_0x7f5f0dd9d648 .functor BUFT 1, C4<0000000000000000000000000000>, C4<0>, C4<0>, C4<0>;
v0x55f8b7393b70_0 .net *"_s105", 27 0, L_0x7f5f0dd9d648;  1 drivers
L_0x7f5f0dd9d690 .functor BUFT 1, C4<00000000000000000000000000000100>, C4<0>, C4<0>, C4<0>;
v0x55f8b7393c30_0 .net/2u *"_s106", 31 0, L_0x7f5f0dd9d690;  1 drivers
v0x55f8b7393d10_0 .net *"_s108", 0 0, L_0x55f8b73b2350;  1 drivers
L_0x7f5f0dd9d0a8 .functor BUFT 1, C4<0000000000000000000000000000>, C4<0>, C4<0>, C4<0>;
v0x55f8b7393e20_0 .net *"_s11", 27 0, L_0x7f5f0dd9d0a8;  1 drivers
v0x55f8b7393f00_0 .net *"_s110", 31 0, L_0x55f8b73b2560;  1 drivers
L_0x7f5f0dd9d6d8 .functor BUFT 1, C4<0000000000000000000000000000>, C4<0>, C4<0>, C4<0>;
v0x55f8b7393fe0_0 .net *"_s113", 27 0, L_0x7f5f0dd9d6d8;  1 drivers
L_0x7f5f0dd9d720 .functor BUFT 1, C4<00000000000000000000000000000101>, C4<0>, C4<0>, C4<0>;
v0x55f8b73940c0_0 .net/2u *"_s114", 31 0, L_0x7f5f0dd9d720;  1 drivers
v0x55f8b73941a0_0 .net *"_s116", 0 0, L_0x55f8b73b2650;  1 drivers
L_0x7f5f0dd9d0f0 .functor BUFT 1, C4<00000000000000000000000000000111>, C4<0>, C4<0>, C4<0>;
v0x55f8b7394260_0 .net/2u *"_s12", 31 0, L_0x7f5f0dd9d0f0;  1 drivers
v0x55f8b7394340_0 .net *"_s120", 31 0, L_0x55f8b73b2960;  1 drivers
L_0x7f5f0dd9d768 .functor BUFT 1, C4<0000000000000000000000000000>, C4<0>, C4<0>, C4<0>;
v0x55f8b7394420_0 .net *"_s123", 27 0, L_0x7f5f0dd9d768;  1 drivers
L_0x7f5f0dd9d7b0 .functor BUFT 1, C4<00000000000000000000000000000000>, C4<0>, C4<0>, C4<0>;
v0x55f8b7394500_0 .net/2u *"_s124", 31 0, L_0x7f5f0dd9d7b0;  1 drivers
v0x55f8b73945e0_0 .net *"_s126", 0 0, L_0x55f8b73b2a50;  1 drivers
v0x55f8b73946a0_0 .net *"_s128", 0 0, L_0x55f8b73b2c80;  1 drivers
v0x55f8b7394760_0 .net *"_s132", 0 0, L_0x55f8b73b2f00;  1 drivers
v0x55f8b7394840_0 .net *"_s138", 31 0, L_0x55f8b73b3110;  1 drivers
v0x55f8b7394920_0 .net *"_s14", 0 0, L_0x55f8b73b0370;  1 drivers
L_0x7f5f0dd9d7f8 .functor BUFT 1, C4<0000000000000000000000000000>, C4<0>, C4<0>, C4<0>;
v0x55f8b73949e0_0 .net *"_s141", 27 0, L_0x7f5f0dd9d7f8;  1 drivers
L_0x7f5f0dd9d840 .functor BUFT 1, C4<00000000000000000000000000001100>, C4<0>, C4<0>, C4<0>;
v0x55f8b7394ac0_0 .net/2u *"_s142", 31 0, L_0x7f5f0dd9d840;  1 drivers
v0x55f8b7394ba0_0 .net *"_s144", 0 0, L_0x55f8b73b3200;  1 drivers
v0x55f8b7394c60_0 .net *"_s146", 31 0, L_0x55f8b73b3440;  1 drivers
L_0x7f5f0dd9d888 .functor BUFT 1, C4<0000000000000000000000000000>, C4<0>, C4<0>, C4<0>;
v0x55f8b7394d40_0 .net *"_s149", 27 0, L_0x7f5f0dd9d888;  1 drivers
L_0x7f5f0dd9d8d0 .functor BUFT 1, C4<00000000000000000000000000001110>, C4<0>, C4<0>, C4<0>;
v0x55f8b7394e20_0 .net/2u *"_s150", 31 0, L_0x7f5f0dd9d8d0;  1 drivers
v0x55f8b7394f00_0 .net *"_s152", 0 0, L_0x55f8b73b3530;  1 drivers
v0x55f8b7394fc0_0 .net *"_s154", 0 0, L_0x55f8b73b3780;  1 drivers
v0x55f8b7395080_0 .net *"_s156", 31 0, L_0x55f8b73b3910;  1 drivers
L_0x7f5f0dd9d918 .functor BUFT 1, C4<0000000000000000000000000000>, C4<0>, C4<0>, C4<0>;
v0x55f8b7395160_0 .net *"_s159", 27 0, L_0x7f5f0dd9d918;  1 drivers
L_0x7f5f0dd9d960 .functor BUFT 1, C4<00000000000000000000000000001101>, C4<0>, C4<0>, C4<0>;
v0x55f8b7395240_0 .net/2u *"_s160", 31 0, L_0x7f5f0dd9d960;  1 drivers
v0x55f8b7395320_0 .net *"_s162", 0 0, L_0x55f8b73b3c10;  1 drivers
v0x55f8b73953e0_0 .net *"_s164", 0 0, L_0x55f8b73b3030;  1 drivers
v0x55f8b73954a0_0 .net *"_s166", 31 0, L_0x55f8b73b3f10;  1 drivers
L_0x7f5f0dd9d9a8 .functor BUFT 1, C4<0000000000000000000000000000>, C4<0>, C4<0>, C4<0>;
v0x55f8b7395790_0 .net *"_s169", 27 0, L_0x7f5f0dd9d9a8;  1 drivers
L_0x7f5f0dd9d9f0 .functor BUFT 1, C4<00000000000000000000000000001111>, C4<0>, C4<0>, C4<0>;
v0x55f8b7395870_0 .net/2u *"_s170", 31 0, L_0x7f5f0dd9d9f0;  1 drivers
v0x55f8b7395950_0 .net *"_s172", 0 0, L_0x55f8b73b4000;  1 drivers
v0x55f8b7395a10_0 .net *"_s178", 31 0, L_0x55f8b73b43a0;  1 drivers
v0x55f8b7395af0_0 .net *"_s18", 31 0, L_0x55f8b73b0550;  1 drivers
L_0x7f5f0dd9da38 .functor BUFT 1, C4<0000000000000000000000000000>, C4<0>, C4<0>, C4<0>;
v0x55f8b7395bd0_0 .net *"_s181", 27 0, L_0x7f5f0dd9da38;  1 drivers
L_0x7f5f0dd9da80 .functor BUFT 1, C4<00000000000000000000000000000111>, C4<0>, C4<0>, C4<0>;
v0x55f8b7395cb0_0 .net/2u *"_s182", 31 0, L_0x7f5f0dd9da80;  1 drivers
v0x55f8b7395d90_0 .net *"_s184", 0 0, L_0x55f8b73b45d0;  1 drivers
v0x55f8b7395e50_0 .net *"_s187", 15 0, L_0x55f8b73b4710;  1 drivers
v0x55f8b7395f30_0 .net *"_s189", 15 0, L_0x55f8b73b4900;  1 drivers
v0x55f8b7396010_0 .net *"_s190", 31 0, L_0x55f8b73b49a0;  1 drivers
v0x55f8b73960f0_0 .net *"_s193", 0 0, L_0x55f8b73b4bf0;  1 drivers
v0x55f8b73961d0_0 .net *"_s194", 3 0, L_0x55f8b73b4c90;  1 drivers
v0x55f8b73962b0_0 .net *"_s197", 27 0, L_0x55f8b73b4f20;  1 drivers
v0x55f8b7396390_0 .net *"_s198", 31 0, L_0x55f8b73b4fc0;  1 drivers
v0x55f8b7396470_0 .net *"_s202", 0 0, L_0x55f8b73b53f0;  1 drivers
v0x55f8b7396550_0 .net *"_s204", 0 0, L_0x55f8b73b54b0;  1 drivers
v0x55f8b7396630_0 .net *"_s206", 31 0, L_0x55f8b73b5660;  1 drivers
L_0x7f5f0dd9dac8 .functor BUFT 1, C4<0000000000000000000000>, C4<0>, C4<0>, C4<0>;
v0x55f8b7396710_0 .net *"_s209", 21 0, L_0x7f5f0dd9dac8;  1 drivers
L_0x7f5f0dd9d138 .functor BUFT 1, C4<0000000000000000000000000000>, C4<0>, C4<0>, C4<0>;
v0x55f8b73967f0_0 .net *"_s21", 27 0, L_0x7f5f0dd9d138;  1 drivers
L_0x7f5f0dd9db10 .functor BUFT 1, C4<00000000000000000000001000010000>, C4<0>, C4<0>, C4<0>;
v0x55f8b73968d0_0 .net/2u *"_s210", 31 0, L_0x7f5f0dd9db10;  1 drivers
v0x55f8b73969b0_0 .net *"_s212", 0 0, L_0x55f8b73b58e0;  1 drivers
v0x55f8b7396a70_0 .net *"_s214", 0 0, L_0x55f8b73b5a20;  1 drivers
v0x55f8b7396b30_0 .net *"_s216", 31 0, L_0x55f8b73b5b30;  1 drivers
L_0x7f5f0dd9db58 .functor BUFT 1, C4<0000000000000000000000>, C4<0>, C4<0>, C4<0>;
v0x55f8b7396c10_0 .net *"_s219", 21 0, L_0x7f5f0dd9db58;  1 drivers
L_0x7f5f0dd9d180 .functor BUFT 1, C4<00000000000000000000000000001000>, C4<0>, C4<0>, C4<0>;
v0x55f8b7396cf0_0 .net/2u *"_s22", 31 0, L_0x7f5f0dd9d180;  1 drivers
L_0x7f5f0dd9dba0 .functor BUFT 1, C4<00000000000000000000001000010001>, C4<0>, C4<0>, C4<0>;
v0x55f8b7396dd0_0 .net/2u *"_s220", 31 0, L_0x7f5f0dd9dba0;  1 drivers
v0x55f8b7396eb0_0 .net *"_s222", 0 0, L_0x55f8b73b5d70;  1 drivers
v0x55f8b7396f70_0 .net *"_s24", 0 0, L_0x55f8b73b0690;  1 drivers
v0x55f8b7397030_0 .net *"_s26", 31 0, L_0x55f8b73b0810;  1 drivers
L_0x7f5f0dd9d1c8 .functor BUFT 1, C4<0000000000000000000000000000>, C4<0>, C4<0>, C4<0>;
v0x55f8b7397110_0 .net *"_s29", 27 0, L_0x7f5f0dd9d1c8;  1 drivers
L_0x7f5f0dd9d018 .functor BUFT 1, C4<0000000000000000000000000000>, C4<0>, C4<0>, C4<0>;
v0x55f8b73971f0_0 .net *"_s3", 27 0, L_0x7f5f0dd9d018;  1 drivers
L_0x7f5f0dd9d210 .functor BUFT 1, C4<00000000000000000000000000001010>, C4<0>, C4<0>, C4<0>;
v0x55f8b73976c0_0 .net/2u *"_s30", 31 0, L_0x7f5f0dd9d210;  1 drivers
v0x55f8b73977a0_0 .net *"_s32", 0 0, L_0x55f8b73b08b0;  1 drivers
v0x55f8b7397860_0 .net *"_s38", 31 0, L_0x55f8b73b0b80;  1 drivers
L_0x7f5f0dd9d060 .functor BUFT 1, C4<00000000000000000000000000000110>, C4<0>, C4<0>, C4<0>;
v0x55f8b7397940_0 .net/2u *"_s4", 31 0, L_0x7f5f0dd9d060;  1 drivers
L_0x7f5f0dd9d258 .functor BUFT 1, C4<0000000000000000000000000000>, C4<0>, C4<0>, C4<0>;
v0x55f8b7397a20_0 .net *"_s41", 27 0, L_0x7f5f0dd9d258;  1 drivers
L_0x7f5f0dd9d2a0 .functor BUFT 1, C4<00000000000000000000000000001001>, C4<0>, C4<0>, C4<0>;
v0x55f8b7397b00_0 .net/2u *"_s42", 31 0, L_0x7f5f0dd9d2a0;  1 drivers
v0x55f8b7397be0_0 .net *"_s44", 0 0, L_0x55f8b73b0c70;  1 drivers
v0x55f8b7397ca0_0 .net *"_s46", 31 0, L_0x55f8b73b0dc0;  1 drivers
L_0x7f5f0dd9d2e8 .functor BUFT 1, C4<0000000000000000000000000000>, C4<0>, C4<0>, C4<0>;
v0x55f8b7397d80_0 .net *"_s49", 27 0, L_0x7f5f0dd9d2e8;  1 drivers
L_0x7f5f0dd9d330 .functor BUFT 1, C4<00000000000000000000000000001011>, C4<0>, C4<0>, C4<0>;
v0x55f8b7397e60_0 .net/2u *"_s50", 31 0, L_0x7f5f0dd9d330;  1 drivers
v0x55f8b7397f40_0 .net *"_s52", 0 0, L_0x55f8b73b0e60;  1 drivers
v0x55f8b7398000_0 .net *"_s56", 31 0, L_0x55f8b73b10b0;  1 drivers
L_0x7f5f0dd9d378 .functor BUFT 1, C4<0000000000000000000000000000>, C4<0>, C4<0>, C4<0>;
v0x55f8b73980e0_0 .net *"_s59", 27 0, L_0x7f5f0dd9d378;  1 drivers
v0x55f8b73981c0_0 .net *"_s6", 0 0, L_0x55f8b73b00f0;  1 drivers
L_0x7f5f0dd9d3c0 .functor BUFT 1, C4<00000000000000000000000000000000>, C4<0>, C4<0>, C4<0>;
v0x55f8b7398280_0 .net/2u *"_s60", 31 0, L_0x7f5f0dd9d3c0;  1 drivers
v0x55f8b7398360_0 .net *"_s62", 0 0, L_0x55f8b73b11a0;  1 drivers
v0x55f8b7398420_0 .net *"_s64", 31 0, L_0x55f8b73b1360;  1 drivers
L_0x7f5f0dd9d408 .functor BUFT 1, C4<0000000000000000000000000000>, C4<0>, C4<0>, C4<0>;
v0x55f8b7398500_0 .net *"_s67", 27 0, L_0x7f5f0dd9d408;  1 drivers
L_0x7f5f0dd9d450 .functor BUFT 1, C4<00000000000000000000000000000011>, C4<0>, C4<0>, C4<0>;
v0x55f8b73985e0_0 .net/2u *"_s68", 31 0, L_0x7f5f0dd9d450;  1 drivers
v0x55f8b73986c0_0 .net *"_s70", 0 0, L_0x55f8b73b1560;  1 drivers
v0x55f8b7398780_0 .net *"_s74", 31 0, L_0x55f8b73b17d0;  1 drivers
L_0x7f5f0dd9d498 .functor BUFT 1, C4<0000000000000000000000000000>, C4<0>, C4<0>, C4<0>;
v0x55f8b7398860_0 .net *"_s77", 27 0, L_0x7f5f0dd9d498;  1 drivers
L_0x7f5f0dd9d4e0 .functor BUFT 1, C4<00000000000000000000000000000000>, C4<0>, C4<0>, C4<0>;
v0x55f8b7398940_0 .net/2u *"_s78", 31 0, L_0x7f5f0dd9d4e0;  1 drivers
v0x55f8b7398a20_0 .net *"_s8", 31 0, L_0x55f8b73b0230;  1 drivers
v0x55f8b7398b00_0 .net *"_s80", 0 0, L_0x55f8b73b19d0;  1 drivers
v0x55f8b7398bc0_0 .net *"_s82", 31 0, L_0x55f8b73b1bb0;  1 drivers
L_0x7f5f0dd9d528 .functor BUFT 1, C4<0000000000000000000000000000>, C4<0>, C4<0>, C4<0>;
v0x55f8b7398ca0_0 .net *"_s85", 27 0, L_0x7f5f0dd9d528;  1 drivers
L_0x7f5f0dd9d570 .functor BUFT 1, C4<00000000000000000000000000000001>, C4<0>, C4<0>, C4<0>;
v0x55f8b7398d80_0 .net/2u *"_s86", 31 0, L_0x7f5f0dd9d570;  1 drivers
v0x55f8b7398e60_0 .net *"_s88", 0 0, L_0x55f8b73b1ca0;  1 drivers
v0x55f8b7398f20_0 .net *"_s90", 0 0, L_0x55f8b735fd80;  1 drivers
v0x55f8b7398fe0_0 .net *"_s92", 31 0, L_0x55f8b73b1b10;  1 drivers
L_0x7f5f0dd9d5b8 .functor BUFT 1, C4<0000000000000000000000000000>, C4<0>, C4<0>, C4<0>;
v0x55f8b73990c0_0 .net *"_s95", 27 0, L_0x7f5f0dd9d5b8;  1 drivers
L_0x7f5f0dd9d600 .functor BUFT 1, C4<00000000000000000000000000000010>, C4<0>, C4<0>, C4<0>;
v0x55f8b73991a0_0 .net/2u *"_s96", 31 0, L_0x7f5f0dd9d600;  1 drivers
v0x55f8b7399280_0 .net *"_s98", 0 0, L_0x55f8b73b1fc0;  1 drivers
v0x55f8b7399340_0 .var "adder_res", 31 0;
v0x55f8b7399420_0 .net "alu_arith_ops", 0 0, L_0x55f8b735f100;  1 drivers
v0x55f8b73994e0_0 .var "alu_carry", 0 0;
v0x55f8b73995a0_0 .net "alu_imm_ops", 0 0, L_0x55f8b73b0fa0;  1 drivers
v0x55f8b7399660_0 .net "alu_logic_ops", 0 0, L_0x55f8b73380b0;  1 drivers
v0x55f8b7399720_0 .net "alu_mem_ops", 0 0, L_0x55f8b73b2d90;  1 drivers
v0x55f8b73997e0_0 .var "alu_negative", 0 0;
v0x55f8b73998a0_0 .net "alu_ops", 0 0, L_0x55f8b73b2f70;  1 drivers
v0x55f8b7399960_0 .var "alu_overflow", 0 0;
v0x55f8b7399a20_0 .var "alu_result", 31 0;
v0x55f8b7399b00_0 .net "and_res", 31 0, L_0x55f8b73b62a0;  1 drivers
v0x55f8b7399be0_0 .net "branch_ops", 0 0, L_0x55f8b73b3d50;  1 drivers
v0x55f8b7399ca0_0 .var "carry_res_n", 0 0;
v0x55f8b7399d60_0 .var "carry_res_n_1", 31 0;
v0x55f8b7399e40_0 .net "clk", 0 0, v0x55f8b739eb40_0;  alias, 1 drivers
v0x55f8b7399f00_0 .net/s "imm", 31 0, L_0x55f8b73b5260;  1 drivers
v0x55f8b7399fe0_0 .net "imm_ops", 0 0, L_0x55f8b73b30a0;  1 drivers
v0x55f8b739a0a0_0 .net "instruction", 31 0, v0x55f8b739cb60_0;  alias, 1 drivers
v0x55f8b739a180_0 .net "load_imm_ops", 0 0, L_0x55f8b736a6d0;  1 drivers
v0x55f8b739a240_0 .net "load_mem_ops", 0 0, L_0x55f8b736b310;  1 drivers
v0x55f8b739a300_0 .net "load_ops", 0 0, L_0x55f8b7370120;  1 drivers
v0x55f8b739a3c0_0 .var "mem_addr", 9 0;
v0x55f8b739a480_0 .net "mem_data_from", 31 0, v0x55f8b735f6a0_0;  alias, 1 drivers
v0x55f8b739a520_0 .net "mem_data_to", 31 0, L_0x55f8b73b60e0;  alias, 1 drivers
v0x55f8b739a5e0_0 .net "mem_sel", 0 0, L_0x55f8b73b5eb0;  alias, 1 drivers
v0x55f8b739a680_0 .net "mem_we", 0 0, L_0x55f8b73b6070;  alias, 1 drivers
v0x55f8b739a720_0 .net "opcode", 3 0, L_0x55f8b73b4300;  1 drivers
v0x55f8b739a800_0 .var "operand", 31 0;
v0x55f8b739a8e0_0 .var "pc", 8 0;
v0x55f8b739a9c0_0 .var "regA", 31 0;
v0x55f8b739b2b0_0 .var "regB", 31 0;
v0x55f8b739b390_0 .var "regC", 2 0;
v0x55f8b739b470_0 .net "rst", 0 0, v0x55f8b739fcc0_0;  alias, 1 drivers
v0x55f8b739b530_0 .net "store_mem_ops", 0 0, L_0x55f8b735f4e0;  1 drivers
v0x55f8b739b5f0_0 .net "xor_res", 31 0, L_0x55f8b73b6310;  1 drivers
E_0x55f8b7341330/0 .event edge, v0x55f8b7399420_0, v0x55f8b7399340_0, v0x55f8b7399ca0_0, v0x55f8b7399d60_0;
E_0x55f8b7341330/1 .event edge, v0x55f8b739a720_0, v0x55f8b739a800_0, v0x55f8b739a9c0_0, v0x55f8b7399b00_0;
E_0x55f8b7341330/2 .event edge, v0x55f8b739b5f0_0;
E_0x55f8b7341330 .event/or E_0x55f8b7341330/0, E_0x55f8b7341330/1, E_0x55f8b7341330/2;
E_0x55f8b737a890 .event edge, v0x55f8b739a720_0, v0x55f8b7399d60_0, v0x55f8b739a9c0_0, v0x55f8b739a800_0;
E_0x55f8b737a810 .event edge, v0x55f8b739a720_0, v0x55f8b739a9c0_0, v0x55f8b739a800_0, v0x55f8b7399d60_0;
E_0x55f8b737b700 .event edge, v0x55f8b739a720_0, v0x55f8b739a9c0_0, v0x55f8b739a800_0;
E_0x55f8b7393820 .event posedge, v0x55f8b739b470_0, v0x55f8b7399e40_0;
E_0x55f8b7393880/0 .event edge, v0x55f8b739a300_0, v0x55f8b73998a0_0, v0x55f8b73702e0_0, v0x55f8b739b2b0_0;
E_0x55f8b7393880/1 .event edge, v0x55f8b739b390_0, v0x55f8b7399fe0_0, v0x55f8b7399f00_0, v0x55f8b73932b0_0;
E_0x55f8b7393880/2 .event edge, v0x55f8b735f6a0_0;
E_0x55f8b7393880 .event/or E_0x55f8b7393880/0, E_0x55f8b7393880/1, E_0x55f8b7393880/2;
E_0x55f8b7393950 .event edge, v0x55f8b739a720_0, v0x55f8b739b2b0_0, v0x55f8b7399f00_0;
L_0x55f8b739ffd0 .concat [ 4 28 0 0], L_0x55f8b73b4300, L_0x7f5f0dd9d018;
L_0x55f8b73b00f0 .cmp/eq 32, L_0x55f8b739ffd0, L_0x7f5f0dd9d060;
L_0x55f8b73b0230 .concat [ 4 28 0 0], L_0x55f8b73b4300, L_0x7f5f0dd9d0a8;
L_0x55f8b73b0370 .cmp/eq 32, L_0x55f8b73b0230, L_0x7f5f0dd9d0f0;
L_0x55f8b73b0550 .concat [ 4 28 0 0], L_0x55f8b73b4300, L_0x7f5f0dd9d138;
L_0x55f8b73b0690 .cmp/eq 32, L_0x55f8b73b0550, L_0x7f5f0dd9d180;
L_0x55f8b73b0810 .concat [ 4 28 0 0], L_0x55f8b73b4300, L_0x7f5f0dd9d1c8;
L_0x55f8b73b08b0 .cmp/eq 32, L_0x55f8b73b0810, L_0x7f5f0dd9d210;
L_0x55f8b73b0b80 .concat [ 4 28 0 0], L_0x55f8b73b4300, L_0x7f5f0dd9d258;
L_0x55f8b73b0c70 .cmp/eq 32, L_0x55f8b73b0b80, L_0x7f5f0dd9d2a0;
L_0x55f8b73b0dc0 .concat [ 4 28 0 0], L_0x55f8b73b4300, L_0x7f5f0dd9d2e8;
L_0x55f8b73b0e60 .cmp/eq 32, L_0x55f8b73b0dc0, L_0x7f5f0dd9d330;
L_0x55f8b73b10b0 .concat [ 4 28 0 0], L_0x55f8b73b4300, L_0x7f5f0dd9d378;
L_0x55f8b73b11a0 .cmp/eq 32, L_0x55f8b73b10b0, L_0x7f5f0dd9d3c0;
L_0x55f8b73b1360 .concat [ 4 28 0 0], L_0x55f8b73b4300, L_0x7f5f0dd9d408;
L_0x55f8b73b1560 .cmp/eq 32, L_0x55f8b73b1360, L_0x7f5f0dd9d450;
L_0x55f8b73b17d0 .concat [ 4 28 0 0], L_0x55f8b73b4300, L_0x7f5f0dd9d498;
L_0x55f8b73b19d0 .cmp/eq 32, L_0x55f8b73b17d0, L_0x7f5f0dd9d4e0;
L_0x55f8b73b1bb0 .concat [ 4 28 0 0], L_0x55f8b73b4300, L_0x7f5f0dd9d528;
L_0x55f8b73b1ca0 .cmp/eq 32, L_0x55f8b73b1bb0, L_0x7f5f0dd9d570;
L_0x55f8b73b1b10 .concat [ 4 28 0 0], L_0x55f8b73b4300, L_0x7f5f0dd9d5b8;
L_0x55f8b73b1fc0 .cmp/eq 32, L_0x55f8b73b1b10, L_0x7f5f0dd9d600;
L_0x55f8b73b2260 .concat [ 4 28 0 0], L_0x55f8b73b4300, L_0x7f5f0dd9d648;
L_0x55f8b73b2350 .cmp/eq 32, L_0x55f8b73b2260, L_0x7f5f0dd9d690;
L_0x55f8b73b2560 .concat [ 4 28 0 0], L_0x55f8b73b4300, L_0x7f5f0dd9d6d8;
L_0x55f8b73b2650 .cmp/eq 32, L_0x55f8b73b2560, L_0x7f5f0dd9d720;
L_0x55f8b73b2960 .concat [ 4 28 0 0], L_0x55f8b73b4300, L_0x7f5f0dd9d768;
L_0x55f8b73b2a50 .cmp/ne 32, L_0x55f8b73b2960, L_0x7f5f0dd9d7b0;
L_0x55f8b73b3110 .concat [ 4 28 0 0], L_0x55f8b73b4300, L_0x7f5f0dd9d7f8;
L_0x55f8b73b3200 .cmp/eq 32, L_0x55f8b73b3110, L_0x7f5f0dd9d840;
L_0x55f8b73b3440 .concat [ 4 28 0 0], L_0x55f8b73b4300, L_0x7f5f0dd9d888;
L_0x55f8b73b3530 .cmp/eq 32, L_0x55f8b73b3440, L_0x7f5f0dd9d8d0;
L_0x55f8b73b3910 .concat [ 4 28 0 0], L_0x55f8b73b4300, L_0x7f5f0dd9d918;
L_0x55f8b73b3c10 .cmp/eq 32, L_0x55f8b73b3910, L_0x7f5f0dd9d960;
L_0x55f8b73b3f10 .concat [ 4 28 0 0], L_0x55f8b73b4300, L_0x7f5f0dd9d9a8;
L_0x55f8b73b4000 .cmp/eq 32, L_0x55f8b73b3f10, L_0x7f5f0dd9d9f0;
L_0x55f8b73b4300 .part v0x55f8b739cb60_0, 28, 4;
L_0x55f8b73b43a0 .concat [ 4 28 0 0], L_0x55f8b73b4300, L_0x7f5f0dd9da38;
L_0x55f8b73b45d0 .cmp/eq 32, L_0x55f8b73b43a0, L_0x7f5f0dd9da80;
L_0x55f8b73b4710 .part v0x55f8b739cb60_0, 0, 16;
L_0x55f8b73b4900 .part v0x55f8b739a9c0_0, 0, 16;
L_0x55f8b73b49a0 .concat [ 16 16 0 0], L_0x55f8b73b4900, L_0x55f8b73b4710;
L_0x55f8b73b4bf0 .part v0x55f8b739cb60_0, 27, 1;
L_0x55f8b73b4c90 .concat [ 1 1 1 1], L_0x55f8b73b4bf0, L_0x55f8b73b4bf0, L_0x55f8b73b4bf0, L_0x55f8b73b4bf0;
L_0x55f8b73b4f20 .part v0x55f8b739cb60_0, 0, 28;
L_0x55f8b73b4fc0 .concat [ 28 4 0 0], L_0x55f8b73b4f20, L_0x55f8b73b4c90;
L_0x55f8b73b5260 .functor MUXZ 32, L_0x55f8b73b4fc0, L_0x55f8b73b49a0, L_0x55f8b73b45d0, C4<>;
L_0x55f8b73b5660 .concat [ 10 22 0 0], v0x55f8b739a3c0_0, L_0x7f5f0dd9dac8;
L_0x55f8b73b58e0 .cmp/ne 32, L_0x55f8b73b5660, L_0x7f5f0dd9db10;
L_0x55f8b73b5b30 .concat [ 10 22 0 0], v0x55f8b739a3c0_0, L_0x7f5f0dd9db58;
L_0x55f8b73b5d70 .cmp/ne 32, L_0x55f8b73b5b30, L_0x7f5f0dd9dba0;
S_0x55f8b7375600 .scope module, "cprint" "xcprint" 4 160, 7 4 0, S_0x55f8b7374100;
 .timescale -9 -12;
    .port_info 0 /INPUT 1 "clk";
    .port_info 1 /INPUT 1 "sel";
    .port_info 2 /INPUT 8 "data_in";
v0x55f8b739b8c0_0 .net "clk", 0 0, v0x55f8b739eb40_0;  alias, 1 drivers
v0x55f8b739b980_0 .net "data_in", 7 0, L_0x55f8b73b6cd0;  1 drivers
v0x55f8b739ba40_0 .net "sel", 0 0, L_0x55f8b73b6c10;  1 drivers
E_0x55f8b739b840 .event posedge, v0x55f8b7399e40_0;
S_0x55f8b7375d00 .scope module, "led00" "xled" 4 151, 8 4 0, S_0x55f8b7374100;
 .timescale -9 -12;
    .port_info 0 /INPUT 1 "reset";
    .port_info 1 /INPUT 1 "clk";
    .port_info 2 /INPUT 1 "led0_sel";
    .port_info 3 /INPUT 1 "sw0";
    .port_info 4 /OUTPUT 1 "led0";
v0x55f8b739bbb0_0 .net "clk", 0 0, v0x55f8b739eb40_0;  alias, 1 drivers
v0x55f8b739bca0_0 .var "led0", 0 0;
v0x55f8b739bd60_0 .net "led0_sel", 0 0, v0x55f8b735fea0_0;  alias, 1 drivers
v0x55f8b739be30_0 .net "reset", 0 0, v0x55f8b739fcc0_0;  alias, 1 drivers
v0x55f8b739bf00_0 .net "sw0", 0 0, v0x55f8b739fe40_0;  alias, 1 drivers
S_0x55f8b7376400 .scope module, "ram" "xram" 4 85, 9 4 0, S_0x55f8b7374100;
 .timescale -9 -12;
    .port_info 0 /INPUT 1 "clk";
    .port_info 1 /INPUT 9 "pc";
    .port_info 2 /OUTPUT 32 "instruction";
    .port_info 3 /INPUT 1 "data_sel";
    .port_info 4 /INPUT 1 "data_we";
    .port_info 5 /INPUT 9 "data_addr";
    .port_info 6 /INPUT 32 "data_in";
    .port_info 7 /OUTPUT 32 "data_out";
L_0x55f8b73b64e0 .functor BUFZ 9, L_0x55f8b73b55c0, C4<000000000>, C4<000000000>, C4<000000000>;
L_0x55f8b73b6550 .functor BUFZ 1, L_0x55f8b73b6070, C4<0>, C4<0>, C4<0>;
L_0x55f8b73b65c0 .functor BUFZ 32, L_0x55f8b73b60e0, C4<00000000000000000000000000000000>, C4<00000000000000000000000000000000>, C4<00000000000000000000000000000000>;
L_0x55f8b73b6630 .functor BUFZ 1, v0x55f8b7360400_0, C4<0>, C4<0>, C4<0>;
L_0x55f8b73b6700 .functor BUFZ 32, v0x55f8b739c7c0_0, C4<00000000000000000000000000000000>, C4<00000000000000000000000000000000>, C4<00000000000000000000000000000000>;
v0x55f8b739c210_0 .net "clk", 0 0, v0x55f8b739eb40_0;  alias, 1 drivers
v0x55f8b739c2d0_0 .net "data_addr", 8 0, L_0x55f8b73b55c0;  1 drivers
v0x55f8b739c3b0_0 .net "data_addr_int", 8 0, L_0x55f8b73b64e0;  1 drivers
v0x55f8b739c470_0 .net "data_en_int", 0 0, L_0x55f8b73b6630;  1 drivers
v0x55f8b739c530_0 .net "data_in", 31 0, L_0x55f8b73b60e0;  alias, 1 drivers
v0x55f8b739c640_0 .net "data_in_int", 31 0, L_0x55f8b73b65c0;  1 drivers
v0x55f8b739c700_0 .net "data_out", 31 0, L_0x55f8b73b6700;  alias, 1 drivers
v0x55f8b739c7c0_0 .var "data_out_int", 31 0;
v0x55f8b739c880_0 .net "data_sel", 0 0, v0x55f8b7360400_0;  alias, 1 drivers
v0x55f8b739c950_0 .net "data_we", 0 0, L_0x55f8b73b6070;  alias, 1 drivers
v0x55f8b739ca20_0 .net "data_we_int", 0 0, L_0x55f8b73b6550;  1 drivers
L_0x7f5f0dd9dbe8 .functor BUFT 1, C4<1>, C4<0>, C4<0>, C4<0>;
v0x55f8b739cac0_0 .net "instr_en", 0 0, L_0x7f5f0dd9dbe8;  1 drivers
v0x55f8b739cb60_0 .var "instruction", 31 0;
v0x55f8b739cc50 .array "mem", 0 511, 31 0;
v0x55f8b739ccf0_0 .net "pc", 8 0, v0x55f8b739a8e0_0;  alias, 1 drivers
S_0x55f8b7376b00 .scope module, "regf" "xregf" 4 102, 10 4 0, S_0x55f8b7374100;
 .timescale -9 -12;
    .port_info 0 /INPUT 1 "clk";
    .port_info 1 /INPUT 1 "sel";
    .port_info 2 /INPUT 1 "we";
    .port_info 3 /INPUT 4 "addr";
    .port_info 4 /INPUT 32 "data_in";
    .port_info 5 /OUTPUT 32 "data_out";
v0x55f8b739cfa0_0 .net *"_s0", 31 0, L_0x55f8b73b67a0;  1 drivers
v0x55f8b739d0a0_0 .net *"_s2", 5 0, L_0x55f8b73b6870;  1 drivers
L_0x7f5f0dd9dc30 .functor BUFT 1, C4<00>, C4<0>, C4<0>, C4<0>;
v0x55f8b739d180_0 .net *"_s5", 1 0, L_0x7f5f0dd9dc30;  1 drivers
L_0x7f5f0dd9dc78 .functor BUFT 1, C4<00000000000000000000000000000000>, C4<0>, C4<0>, C4<0>;
v0x55f8b739d270_0 .net/2u *"_s6", 31 0, L_0x7f5f0dd9dc78;  1 drivers
v0x55f8b739d350_0 .net "addr", 3 0, L_0x55f8b73b6b20;  1 drivers
v0x55f8b739d480_0 .net "clk", 0 0, v0x55f8b739eb40_0;  alias, 1 drivers
v0x55f8b739d520_0 .net "data_in", 31 0, L_0x55f8b73b60e0;  alias, 1 drivers
v0x55f8b739d5e0_0 .net "data_out", 31 0, L_0x55f8b73b69e0;  alias, 1 drivers
v0x55f8b739d6a0 .array "regf", 0 15, 31 0;
v0x55f8b739d940_0 .net "sel", 0 0, v0x55f8b73931f0_0;  alias, 1 drivers
v0x55f8b739d9e0_0 .net "we", 0 0, L_0x55f8b73b6070;  alias, 1 drivers
L_0x55f8b73b67a0 .array/port v0x55f8b739d6a0, L_0x55f8b73b6870;
L_0x55f8b73b6870 .concat [ 4 2 0 0], L_0x55f8b73b6b20, L_0x7f5f0dd9dc30;
L_0x55f8b73b69e0 .functor MUXZ 32, L_0x7f5f0dd9dc78, L_0x55f8b73b67a0, v0x55f8b73931f0_0, C4<>;
    .scope S_0x55f8b7374f00;
T_0 ;
    %wait E_0x55f8b7393950;
    %load/vec4 v0x55f8b739a720_0;
    %pad/u 32;
    %cmpi/e 10, 0, 32;
    %flag_mov 8, 4;
    %load/vec4 v0x55f8b739a720_0;
    %pad/u 32;
    %cmpi/e 11, 0, 32;
    %flag_or 4, 8;
    %jmp/0xz  T_0.0, 4;
    %load/vec4 v0x55f8b739b2b0_0;
    %parti/s 10, 0, 2;
    %store/vec4 v0x55f8b739a3c0_0, 0, 10;
    %jmp T_0.1;
T_0.0 ;
    %load/vec4 v0x55f8b7399f00_0;
    %parti/s 10, 0, 2;
    %store/vec4 v0x55f8b739a3c0_0, 0, 10;
T_0.1 ;
    %jmp T_0;
    .thread T_0, $push;
    .scope S_0x55f8b7374f00;
T_1 ;
    %wait E_0x55f8b7393880;
    %pushi/vec4 0, 0, 32;
    %store/vec4 v0x55f8b739a800_0, 0, 32;
    %load/vec4 v0x55f8b739a300_0;
    %flag_set/vec4 8;
    %load/vec4 v0x55f8b73998a0_0;
    %flag_set/vec4 9;
    %flag_or 9, 8;
    %jmp/0xz  T_1.0, 9;
    %load/vec4 v0x55f8b739a3c0_0;
    %pad/u 32;
    %cmpi/e 528, 0, 32;
    %jmp/0xz  T_1.2, 4;
    %load/vec4 v0x55f8b739b2b0_0;
    %store/vec4 v0x55f8b739a800_0, 0, 32;
    %jmp T_1.3;
T_1.2 ;
    %load/vec4 v0x55f8b739a3c0_0;
    %pad/u 32;
    %cmpi/e 529, 0, 32;
    %jmp/0xz  T_1.4, 4;
    %load/vec4 v0x55f8b739b390_0;
    %pad/u 32;
    %pushi/vec4 0, 0, 32;
    %or;
    %store/vec4 v0x55f8b739a800_0, 0, 32;
    %jmp T_1.5;
T_1.4 ;
    %load/vec4 v0x55f8b7399fe0_0;
    %flag_set/vec4 8;
    %jmp/0xz  T_1.6, 8;
    %load/vec4 v0x55f8b7399f00_0;
    %store/vec4 v0x55f8b739a800_0, 0, 32;
    %jmp T_1.7;
T_1.6 ;
    %load/vec4 v0x55f8b739a5e0_0;
    %flag_set/vec4 8;
    %jmp/0xz  T_1.8, 8;
    %load/vec4 v0x55f8b739a480_0;
    %store/vec4 v0x55f8b739a800_0, 0, 32;
T_1.8 ;
T_1.7 ;
T_1.5 ;
T_1.3 ;
T_1.0 ;
    %jmp T_1;
    .thread T_1, $push;
    .scope S_0x55f8b7374f00;
T_2 ;
    %wait E_0x55f8b7393820;
    %load/vec4 v0x55f8b739b470_0;
    %flag_set/vec4 8;
    %jmp/0xz  T_2.0, 8;
    %pushi/vec4 0, 0, 9;
    %assign/vec4 v0x55f8b739a8e0_0, 0;
    %jmp T_2.1;
T_2.0 ;
    %load/vec4 v0x55f8b739a8e0_0;
    %addi 1, 0, 9;
    %assign/vec4 v0x55f8b739a8e0_0, 0;
    %load/vec4 v0x55f8b739a720_0;
    %pad/u 32;
    %pushi/vec4 12, 0, 32;
    %cmp/e;
    %flag_get/vec4 4;
    %load/vec4 v0x55f8b739a9c0_0;
    %pushi/vec4 0, 0, 32;
    %cmp/e;
    %flag_get/vec4 4;
    %and;
    %flag_set/vec4 8;
    %jmp/0xz  T_2.2, 8;
    %load/vec4 v0x55f8b7399f00_0;
    %parti/s 10, 0, 2;
    %pad/u 9;
    %assign/vec4 v0x55f8b739a8e0_0, 0;
    %jmp T_2.3;
T_2.2 ;
    %load/vec4 v0x55f8b739a720_0;
    %pad/u 32;
    %pushi/vec4 14, 0, 32;
    %cmp/e;
    %flag_get/vec4 4;
    %load/vec4 v0x55f8b739a9c0_0;
    %pushi/vec4 0, 0, 32;
    %cmp/ne;
    %flag_get/vec4 4;
    %and;
    %flag_set/vec4 8;
    %jmp/0xz  T_2.4, 8;
    %load/vec4 v0x55f8b7399f00_0;
    %parti/s 10, 0, 2;
    %pad/u 9;
    %assign/vec4 v0x55f8b739a8e0_0, 0;
    %jmp T_2.5;
T_2.4 ;
    %load/vec4 v0x55f8b739a720_0;
    %pad/u 32;
    %pushi/vec4 13, 0, 32;
    %cmp/e;
    %flag_get/vec4 4;
    %load/vec4 v0x55f8b739a9c0_0;
    %pushi/vec4 0, 0, 32;
    %cmp/e;
    %flag_get/vec4 4;
    %and;
    %flag_set/vec4 8;
    %jmp/0xz  T_2.6, 8;
    %load/vec4 v0x55f8b739b2b0_0;
    %parti/s 10, 0, 2;
    %pad/u 9;
    %assign/vec4 v0x55f8b739a8e0_0, 0;
    %jmp T_2.7;
T_2.6 ;
    %load/vec4 v0x55f8b739a720_0;
    %pad/u 32;
    %pushi/vec4 15, 0, 32;
    %cmp/e;
    %flag_get/vec4 4;
    %load/vec4 v0x55f8b739a9c0_0;
    %pushi/vec4 0, 0, 32;
    %cmp/ne;
    %flag_get/vec4 4;
    %and;
    %flag_set/vec4 8;
    %jmp/0xz  T_2.8, 8;
    %load/vec4 v0x55f8b739b2b0_0;
    %parti/s 10, 0, 2;
    %pad/u 9;
    %assign/vec4 v0x55f8b739a8e0_0, 0;
T_2.8 ;
T_2.7 ;
T_2.5 ;
T_2.3 ;
T_2.1 ;
    %jmp T_2;
    .thread T_2;
    .scope S_0x55f8b7374f00;
T_3 ;
    %wait E_0x55f8b7393820;
    %load/vec4 v0x55f8b739b470_0;
    %flag_set/vec4 8;
    %jmp/0xz  T_3.0, 8;
    %pushi/vec4 0, 0, 32;
    %assign/vec4 v0x55f8b739a9c0_0, 0;
    %jmp T_3.1;
T_3.0 ;
    %load/vec4 v0x55f8b739a300_0;
    %flag_set/vec4 8;
    %jmp/0xz  T_3.2, 8;
    %load/vec4 v0x55f8b739a800_0;
    %assign/vec4 v0x55f8b739a9c0_0, 0;
    %jmp T_3.3;
T_3.2 ;
    %load/vec4 v0x55f8b73998a0_0;
    %flag_set/vec4 8;
    %jmp/0xz  T_3.4, 8;
    %load/vec4 v0x55f8b7399a20_0;
    %assign/vec4 v0x55f8b739a9c0_0, 0;
    %jmp T_3.5;
T_3.4 ;
    %load/vec4 v0x55f8b7399be0_0;
    %flag_set/vec4 8;
    %jmp/0xz  T_3.6, 8;
    %load/vec4 v0x55f8b739a9c0_0;
    %subi 1, 0, 32;
    %assign/vec4 v0x55f8b739a9c0_0, 0;
T_3.6 ;
T_3.5 ;
T_3.3 ;
T_3.1 ;
    %jmp T_3;
    .thread T_3;
    .scope S_0x55f8b7374f00;
T_4 ;
    %wait E_0x55f8b7393820;
    %load/vec4 v0x55f8b739b470_0;
    %flag_set/vec4 8;
    %jmp/0xz  T_4.0, 8;
    %pushi/vec4 0, 0, 32;
    %assign/vec4 v0x55f8b739b2b0_0, 0;
    %jmp T_4.1;
T_4.0 ;
    %load/vec4 v0x55f8b739a3c0_0;
    %pad/u 32;
    %pushi/vec4 528, 0, 32;
    %cmp/e;
    %flag_get/vec4 4;
    %load/vec4 v0x55f8b739a680_0;
    %and;
    %flag_set/vec4 8;
    %jmp/0xz  T_4.2, 8;
    %load/vec4 v0x55f8b739a9c0_0;
    %assign/vec4 v0x55f8b739b2b0_0, 0;
T_4.2 ;
T_4.1 ;
    %jmp T_4;
    .thread T_4;
    .scope S_0x55f8b7374f00;
T_5 ;
    %wait E_0x55f8b7393820;
    %load/vec4 v0x55f8b739b470_0;
    %flag_set/vec4 8;
    %jmp/0xz  T_5.0, 8;
    %pushi/vec4 0, 0, 3;
    %assign/vec4 v0x55f8b739b390_0, 0;
    %jmp T_5.1;
T_5.0 ;
    %load/vec4 v0x55f8b73998a0_0;
    %flag_set/vec4 8;
    %jmp/0xz  T_5.2, 8;
    %load/vec4 v0x55f8b73997e0_0;
    %load/vec4 v0x55f8b7399960_0;
    %concat/vec4; draw_concat_vec4
    %load/vec4 v0x55f8b73994e0_0;
    %concat/vec4; draw_concat_vec4
    %assign/vec4 v0x55f8b739b390_0, 0;
T_5.2 ;
T_5.1 ;
    %jmp T_5;
    .thread T_5;
    .scope S_0x55f8b7374f00;
T_6 ;
    %wait E_0x55f8b737b700;
    %load/vec4 v0x55f8b739a720_0;
    %pad/u 32;
    %cmpi/e 2, 0, 32;
    %jmp/0xz  T_6.0, 4;
    %pushi/vec4 0, 0, 1;
    %load/vec4 v0x55f8b739a9c0_0;
    %parti/s 31, 0, 2;
    %concat/vec4; draw_concat_vec4
    %pushi/vec4 0, 0, 1;
    %load/vec4 v0x55f8b739a800_0;
    %parti/s 31, 0, 2;
    %concat/vec4; draw_concat_vec4
    %sub;
    %store/vec4 v0x55f8b7399d60_0, 0, 32;
    %jmp T_6.1;
T_6.0 ;
    %pushi/vec4 0, 0, 1;
    %load/vec4 v0x55f8b739a9c0_0;
    %parti/s 31, 0, 2;
    %concat/vec4; draw_concat_vec4
    %pushi/vec4 0, 0, 1;
    %load/vec4 v0x55f8b739a800_0;
    %parti/s 31, 0, 2;
    %concat/vec4; draw_concat_vec4
    %add;
    %store/vec4 v0x55f8b7399d60_0, 0, 32;
T_6.1 ;
    %jmp T_6;
    .thread T_6, $push;
    .scope S_0x55f8b7374f00;
T_7 ;
    %wait E_0x55f8b737a810;
    %load/vec4 v0x55f8b739a720_0;
    %pad/u 32;
    %cmpi/e 2, 0, 32;
    %jmp/0xz  T_7.0, 4;
    %load/vec4 v0x55f8b739a9c0_0;
    %parti/s 1, 31, 6;
    %load/vec4 v0x55f8b739a800_0;
    %parti/s 1, 31, 6;
    %inv;
    %and;
    %load/vec4 v0x55f8b739a9c0_0;
    %parti/s 1, 31, 6;
    %load/vec4 v0x55f8b739a800_0;
    %parti/s 1, 31, 6;
    %inv;
    %xor;
    %add;
    %load/vec4 v0x55f8b7399d60_0;
    %parti/s 1, 31, 6;
    %and;
    %store/vec4 v0x55f8b7399ca0_0, 0, 1;
    %jmp T_7.1;
T_7.0 ;
    %load/vec4 v0x55f8b739a9c0_0;
    %parti/s 1, 31, 6;
    %load/vec4 v0x55f8b739a800_0;
    %parti/s 1, 31, 6;
    %and;
    %load/vec4 v0x55f8b739a9c0_0;
    %parti/s 1, 31, 6;
    %load/vec4 v0x55f8b739a800_0;
    %parti/s 1, 31, 6;
    %xor;
    %add;
    %load/vec4 v0x55f8b7399d60_0;
    %parti/s 1, 31, 6;
    %and;
    %store/vec4 v0x55f8b7399ca0_0, 0, 1;
T_7.1 ;
    %jmp T_7;
    .thread T_7, $push;
    .scope S_0x55f8b7374f00;
T_8 ;
    %wait E_0x55f8b737a890;
    %load/vec4 v0x55f8b739a720_0;
    %pad/u 32;
    %cmpi/e 2, 0, 32;
    %jmp/0xz  T_8.0, 4;
    %load/vec4 v0x55f8b7399d60_0;
    %load/vec4 v0x55f8b739a9c0_0;
    %parti/s 1, 31, 6;
    %concati/vec4 0, 0, 31;
    %add;
    %load/vec4 v0x55f8b739a800_0;
    %parti/s 1, 31, 6;
    %concati/vec4 0, 0, 31;
    %sub;
    %store/vec4 v0x55f8b7399340_0, 0, 32;
    %jmp T_8.1;
T_8.0 ;
    %load/vec4 v0x55f8b7399d60_0;
    %load/vec4 v0x55f8b739a9c0_0;
    %parti/s 1, 31, 6;
    %concati/vec4 0, 0, 31;
    %add;
    %load/vec4 v0x55f8b739a800_0;
    %parti/s 1, 31, 6;
    %concati/vec4 0, 0, 31;
    %add;
    %store/vec4 v0x55f8b7399340_0, 0, 32;
T_8.1 ;
    %jmp T_8;
    .thread T_8, $push;
    .scope S_0x55f8b7374f00;
T_9 ;
    %wait E_0x55f8b7341330;
    %pushi/vec4 0, 0, 32;
    %store/vec4 v0x55f8b7399a20_0, 0, 32;
    %pushi/vec4 0, 0, 1;
    %store/vec4 v0x55f8b73994e0_0, 0, 1;
    %pushi/vec4 0, 0, 1;
    %store/vec4 v0x55f8b73997e0_0, 0, 1;
    %pushi/vec4 0, 0, 1;
    %store/vec4 v0x55f8b7399960_0, 0, 1;
    %load/vec4 v0x55f8b7399420_0;
    %flag_set/vec4 8;
    %jmp/0xz  T_9.0, 8;
    %load/vec4 v0x55f8b7399340_0;
    %store/vec4 v0x55f8b7399a20_0, 0, 32;
    %load/vec4 v0x55f8b7399ca0_0;
    %store/vec4 v0x55f8b73994e0_0, 0, 1;
    %load/vec4 v0x55f8b7399ca0_0;
    %load/vec4 v0x55f8b7399d60_0;
    %parti/s 1, 31, 6;
    %xor;
    %store/vec4 v0x55f8b7399960_0, 0, 1;
    %load/vec4 v0x55f8b7399340_0;
    %parti/s 1, 31, 6;
    %store/vec4 v0x55f8b73997e0_0, 0, 1;
    %jmp T_9.1;
T_9.0 ;
    %load/vec4 v0x55f8b739a720_0;
    %pad/u 32;
    %cmpi/e 3, 0, 32;
    %jmp/0xz  T_9.2, 4;
    %load/vec4 v0x55f8b739a800_0;
    %parti/s 1, 31, 6;
    %flag_set/vec4 8;
    %jmp/0xz  T_9.4, 8;
    %load/vec4 v0x55f8b739a9c0_0;
    %ix/load 4, 1, 0;
    %flag_set/imm 4, 0;
    %shiftl 4;
    %store/vec4 v0x55f8b7399a20_0, 0, 32;
    %load/vec4 v0x55f8b739a9c0_0;
    %parti/s 1, 31, 6;
    %store/vec4 v0x55f8b73994e0_0, 0, 1;
    %load/vec4 v0x55f8b739a9c0_0;
    %parti/s 1, 31, 6;
    %load/vec4 v0x55f8b739a9c0_0;
    %parti/s 1, 30, 6;
    %xor;
    %store/vec4 v0x55f8b7399960_0, 0, 1;
    %load/vec4 v0x55f8b739a9c0_0;
    %parti/s 1, 30, 6;
    %store/vec4 v0x55f8b73997e0_0, 0, 1;
    %jmp T_9.5;
T_9.4 ;
    %load/vec4 v0x55f8b739a9c0_0;
    %parti/s 1, 31, 6;
    %load/vec4 v0x55f8b739a9c0_0;
    %parti/s 31, 1, 2;
    %concat/vec4; draw_concat_vec4
    %store/vec4 v0x55f8b7399a20_0, 0, 32;
    %pushi/vec4 0, 0, 1;
    %store/vec4 v0x55f8b73994e0_0, 0, 1;
    %pushi/vec4 0, 0, 1;
    %store/vec4 v0x55f8b7399960_0, 0, 1;
    %load/vec4 v0x55f8b739a9c0_0;
    %parti/s 1, 31, 6;
    %store/vec4 v0x55f8b73997e0_0, 0, 1;
T_9.5 ;
    %jmp T_9.3;
T_9.2 ;
    %load/vec4 v0x55f8b739a720_0;
    %pad/u 32;
    %cmpi/e 4, 0, 32;
    %jmp/0xz  T_9.6, 4;
    %load/vec4 v0x55f8b7399b00_0;
    %store/vec4 v0x55f8b7399a20_0, 0, 32;
    %pushi/vec4 0, 0, 1;
    %store/vec4 v0x55f8b73994e0_0, 0, 1;
    %load/vec4 v0x55f8b7399b00_0;
    %parti/s 1, 31, 6;
    %store/vec4 v0x55f8b73997e0_0, 0, 1;
    %pushi/vec4 0, 0, 1;
    %store/vec4 v0x55f8b7399960_0, 0, 1;
    %jmp T_9.7;
T_9.6 ;
    %load/vec4 v0x55f8b739a720_0;
    %pad/u 32;
    %cmpi/e 5, 0, 32;
    %jmp/0xz  T_9.8, 4;
    %load/vec4 v0x55f8b739b5f0_0;
    %store/vec4 v0x55f8b7399a20_0, 0, 32;
    %pushi/vec4 0, 0, 1;
    %store/vec4 v0x55f8b73994e0_0, 0, 1;
    %load/vec4 v0x55f8b739b5f0_0;
    %parti/s 1, 31, 6;
    %store/vec4 v0x55f8b73997e0_0, 0, 1;
    %pushi/vec4 0, 0, 1;
    %store/vec4 v0x55f8b7399960_0, 0, 1;
T_9.8 ;
T_9.7 ;
T_9.3 ;
T_9.1 ;
    %jmp T_9;
    .thread T_9, $push;
    .scope S_0x55f8b7376400;
T_10 ;
    %vpi_call/w 9 63 "$readmemh", "program.hex", v0x55f8b739cc50, 32'sb00000000000000000000000000000000, 32'sb00000000000000000000000111111111 {0 0 0};
    %end;
    .thread T_10;
    .scope S_0x55f8b7376400;
T_11 ;
    %wait E_0x55f8b739b840;
    %load/vec4 v0x55f8b739cac0_0;
    %flag_set/vec4 8;
    %jmp/0xz  T_11.0, 8;
    %load/vec4 v0x55f8b739ccf0_0;
    %pad/u 11;
    %ix/vec4 4;
    %load/vec4a v0x55f8b739cc50, 4;
    %assign/vec4 v0x55f8b739cb60_0, 0;
T_11.0 ;
    %jmp T_11;
    .thread T_11;
    .scope S_0x55f8b7376400;
T_12 ;
    %wait E_0x55f8b739b840;
    %load/vec4 v0x55f8b739c470_0;
    %flag_set/vec4 8;
    %jmp/0xz  T_12.0, 8;
    %load/vec4 v0x55f8b739ca20_0;
    %flag_set/vec4 8;
    %jmp/0xz  T_12.2, 8;
    %load/vec4 v0x55f8b739c640_0;
    %load/vec4 v0x55f8b739c3b0_0;
    %pad/u 11;
    %ix/vec4 3;
    %ix/load 4, 0, 0; Constant delay
    %assign/vec4/a/d v0x55f8b739cc50, 0, 4;
T_12.2 ;
    %load/vec4 v0x55f8b739c3b0_0;
    %pad/u 11;
    %ix/vec4 4;
    %load/vec4a v0x55f8b739cc50, 4;
    %assign/vec4 v0x55f8b739c7c0_0, 0;
T_12.0 ;
    %jmp T_12;
    .thread T_12;
    .scope S_0x55f8b7376b00;
T_13 ;
    %wait E_0x55f8b739b840;
    %load/vec4 v0x55f8b739d940_0;
    %load/vec4 v0x55f8b739d9e0_0;
    %and;
    %flag_set/vec4 8;
    %jmp/0xz  T_13.0, 8;
    %load/vec4 v0x55f8b739d520_0;
    %load/vec4 v0x55f8b739d350_0;
    %pad/u 6;
    %ix/vec4 3;
    %ix/load 4, 0, 0; Constant delay
    %assign/vec4/a/d v0x55f8b739d6a0, 0, 4;
T_13.0 ;
    %jmp T_13;
    .thread T_13;
    .scope S_0x55f8b7374800;
T_14 ;
    %wait E_0x55f8b73092f0;
    %pushi/vec4 0, 0, 1;
    %store/vec4 v0x55f8b735fea0_0, 0, 1;
    %pushi/vec4 0, 0, 1;
    %store/vec4 v0x55f8b7360400_0, 0, 1;
    %pushi/vec4 0, 0, 1;
    %store/vec4 v0x55f8b73931f0_0, 0, 1;
    %pushi/vec4 0, 0, 1;
    %store/vec4 v0x55f8b735f600_0, 0, 1;
    %pushi/vec4 0, 0, 1;
    %store/vec4 v0x55f8b7393370_0, 0, 1;
    %load/vec4 v0x55f8b73702e0_0;
    %pad/u 32;
    %pushi/vec4 512, 0, 32;
    %and;
    %cmpi/e 0, 0, 32;
    %jmp/0xz  T_14.0, 4;
    %load/vec4 v0x55f8b73932b0_0;
    %store/vec4 v0x55f8b7360400_0, 0, 1;
    %jmp T_14.1;
T_14.0 ;
    %load/vec4 v0x55f8b73702e0_0;
    %pad/u 32;
    %pushi/vec4 1008, 0, 32;
    %and;
    %cmpi/e 512, 0, 32;
    %jmp/0xz  T_14.2, 4;
    %load/vec4 v0x55f8b73932b0_0;
    %store/vec4 v0x55f8b73931f0_0, 0, 1;
    %jmp T_14.3;
T_14.2 ;
    %load/vec4 v0x55f8b73702e0_0;
    %pad/u 32;
    %pushi/vec4 1023, 0, 32;
    %and;
    %cmpi/e 600, 0, 32;
    %jmp/0xz  T_14.4, 4;
    %load/vec4 v0x55f8b73932b0_0;
    %store/vec4 v0x55f8b735f600_0, 0, 1;
    %jmp T_14.5;
T_14.4 ;
    %load/vec4 v0x55f8b73702e0_0;
    %pad/u 32;
    %pushi/vec4 1023, 0, 32;
    %and;
    %cmpi/e 700, 0, 32;
    %jmp/0xz  T_14.6, 4;
    %load/vec4 v0x55f8b73932b0_0;
    %store/vec4 v0x55f8b735fea0_0, 0, 1;
    %jmp T_14.7;
T_14.6 ;
    %load/vec4 v0x55f8b73932b0_0;
    %store/vec4 v0x55f8b7393370_0, 0, 1;
T_14.7 ;
T_14.5 ;
T_14.3 ;
T_14.1 ;
    %jmp T_14;
    .thread T_14, $push;
    .scope S_0x55f8b7374800;
T_15 ;
    %wait E_0x55f8b7307f70;
    %pushi/vec4 0, 0, 32;
    %store/vec4 v0x55f8b735f6a0_0, 0, 32;
    %load/vec4 v0x55f8b7360400_0;
    %flag_set/vec4 8;
    %jmp/0xz  T_15.0, 8;
    %load/vec4 v0x55f8b735ff40_0;
    %store/vec4 v0x55f8b735f6a0_0, 0, 32;
    %jmp T_15.1;
T_15.0 ;
    %load/vec4 v0x55f8b73931f0_0;
    %flag_set/vec4 8;
    %jmp/0xz  T_15.2, 8;
    %load/vec4 v0x55f8b73604a0_0;
    %store/vec4 v0x55f8b735f6a0_0, 0, 32;
T_15.2 ;
T_15.1 ;
    %jmp T_15;
    .thread T_15, $push;
    .scope S_0x55f8b7375d00;
T_16 ;
    %wait E_0x55f8b7393820;
    %load/vec4 v0x55f8b739be30_0;
    %flag_set/vec4 8;
    %jmp/0xz  T_16.0, 8;
    %pushi/vec4 0, 0, 1;
    %assign/vec4 v0x55f8b739bca0_0, 0;
    %jmp T_16.1;
T_16.0 ;
    %load/vec4 v0x55f8b739bd60_0;
    %load/vec4 v0x55f8b739bf00_0;
    %and;
    %flag_set/vec4 8;
    %jmp/0xz  T_16.2, 8;
    %pushi/vec4 1, 0, 1;
    %assign/vec4 v0x55f8b739bca0_0, 0;
T_16.2 ;
T_16.1 ;
    %jmp T_16;
    .thread T_16;
    .scope S_0x55f8b7375600;
T_17 ;
    %wait E_0x55f8b739b840;
    %load/vec4 v0x55f8b739ba40_0;
    %flag_set/vec4 8;
    %jmp/0xz  T_17.0, 8;
    %vpi_call/w 7 12 "$write", "%c", v0x55f8b739b980_0 {0 0 0};
T_17.0 ;
    %jmp T_17;
    .thread T_17;
    .scope S_0x55f8b7377200;
T_18 ;
    %vpi_call/w 3 53 "$dumpfile", "xtop.vcd" {0 0 0};
    %vpi_call/w 3 54 "$dumpvars", 32'sb00000000000000000000000000000000, S_0x55f8b7377200 {0 0 0};
    %pushi/vec4 1, 0, 1;
    %store/vec4 v0x55f8b739eb40_0, 0, 1;
    %pushi/vec4 0, 0, 1;
    %store/vec4 v0x55f8b739fcc0_0, 0, 1;
    %pushi/vec4 1, 0, 1;
    %store/vec4 v0x55f8b739fe40_0, 0, 1;
    %delay 11000, 0;
    %pushi/vec4 1, 0, 1;
    %store/vec4 v0x55f8b739fcc0_0, 0, 1;
    %delay 10000, 0;
    %pushi/vec4 0, 0, 1;
    %store/vec4 v0x55f8b739fcc0_0, 0, 1;
    %vpi_func 3 71 "$time" 64 {0 0 0};
    %pad/u 32;
    %store/vec4 v0x55f8b739fd60_0, 0, 32;
    %pushi/vec4 0, 0, 32;
    %store/vec4 v0x55f8b739ecc0_0, 0, 32;
T_18.0 ;
    %load/vec4 v0x55f8b739ecc0_0;
    %cmpi/s 16, 0, 32;
    %jmp/0xz T_18.1, 5;
    %ix/getv/s 4, v0x55f8b739ecc0_0;
    %load/vec4a v0x55f8b739d6a0, 4;
    %ix/getv/s 4, v0x55f8b739ecc0_0;
    %store/vec4a v0x55f8b739ec00, 4, 0;
    %load/vec4 v0x55f8b739ecc0_0;
    %addi 1, 0, 32;
    %store/vec4 v0x55f8b739ecc0_0, 0, 32;
    %jmp T_18.0;
T_18.1 ;
    %vpi_call/w 3 80 "$writememh", "data_out.hex", v0x55f8b739ec00, 32'sb00000000000000000000000000000000, 32'sb00000000000000000000000000001111 {0 0 0};
    %end;
    .thread T_18;
    .scope S_0x55f8b7377200;
T_19 ;
    %wait E_0x55f8b739b840;
    %load/vec4 v0x55f8b739fee0_0;
    %flag_set/vec4 8;
    %jmp/0xz  T_19.0, 8;
    %vpi_func 3 90 "$time" 64 {0 0 0};
    %load/vec4 v0x55f8b739fd60_0;
    %pad/u 64;
    %sub;
    %pushi/vec4 10, 0, 64;
    %div;
    %vpi_call/w 3 90 "$display", "Catched Trap at time  %0d clock cycles:", S<0,vec4,u64> {1 0 0};
    %load/vec4 v0x55f8b739e0d0_0;
    %flag_set/vec4 8;
    %jmp/0 T_19.2, 8;
    %pushi/vec4 1467115892, 0, 32; draw_string_vec4
    %pushi/vec4 101, 0, 8; draw_string_vec4
    %concat/vec4; draw_string_vec4
    %jmp/1 T_19.3, 8;
T_19.2 ; End of true expr.
    %pushi/vec4 5399905, 0, 32; draw_string_vec4
    %pushi/vec4 100, 0, 8; draw_string_vec4
    %concat/vec4; draw_string_vec4
    %jmp/0 T_19.3, 8;
 ; End of false expr.
    %blend;
T_19.3;
    %vpi_call/w 3 91 "$display", "%s address %d, PC 0x%x", S<0,vec4,u40>, v0x55f8b739dce0_0, v0x55f8b739e5a0_0 {1 0 0};
    %vpi_call/w 3 92 "$finish" {0 0 0};
T_19.0 ;
    %jmp T_19;
    .thread T_19;
    .scope S_0x55f8b7377200;
T_20 ;
    %delay 5000, 0;
    %load/vec4 v0x55f8b739eb40_0;
    %inv;
    %store/vec4 v0x55f8b739eb40_0, 0, 1;
    %jmp T_20;
    .thread T_20;
# The file index is used to find the file name in the following table.
:file_names 11;
    "N/A";
    "<interactive>";
    "-";
    "rtl/testbench/xtop_tb.v";
    "rtl/src/xtop.v";
    "rtl/src/xaddr_decoder.v";
    "rtl/src/xctrl.v";
    "rtl/src/xcprint.v";
    "rtl/src/xled.v";
    "rtl/src/xram.v";
    "rtl/src/xregf.v";
