#! /usr/local/bin/vvp
:ivl_version "11.0 (devel)" "(s20150603-659-g791c056b)";
:ivl_delay_selection "TYPICAL";
:vpi_time_precision - 12;
:vpi_module "system";
:vpi_module "vhdl_sys";
:vpi_module "vhdl_textio";
:vpi_module "v2005_math";
:vpi_module "va_math";
:vpi_module "v2009";
S_0x56279b549fc0 .scope package, "$unit" "$unit" 2 1;
 .timescale 0 0;
S_0x56279b546e00 .scope module, "xtop_tb" "xtop_tb" 3 5;
 .timescale -9 -12;
P_0x56279b497b90 .param/l "clk_period" 0 3 8, +C4<00000000000000000000000000001010>;
v0x56279b56d0d0_0 .array/port v0x56279b56d0d0, 0;
L_0x56279b586a50 .functor BUFZ 32, v0x56279b56d0d0_0, C4<00000000000000000000000000000000>, C4<00000000000000000000000000000000>, C4<00000000000000000000000000000000>;
v0x56279b56d0d0_1 .array/port v0x56279b56d0d0, 1;
L_0x56279b586ac0 .functor BUFZ 32, v0x56279b56d0d0_1, C4<00000000000000000000000000000000>, C4<00000000000000000000000000000000>, C4<00000000000000000000000000000000>;
v0x56279b56d0d0_2 .array/port v0x56279b56d0d0, 2;
L_0x56279b586b90 .functor BUFZ 32, v0x56279b56d0d0_2, C4<00000000000000000000000000000000>, C4<00000000000000000000000000000000>, C4<00000000000000000000000000000000>;
v0x56279b56d0d0_3 .array/port v0x56279b56d0d0, 3;
L_0x56279b586c60 .functor BUFZ 32, v0x56279b56d0d0_3, C4<00000000000000000000000000000000>, C4<00000000000000000000000000000000>, C4<00000000000000000000000000000000>;
v0x56279b56d0d0_4 .array/port v0x56279b56d0d0, 4;
L_0x56279b586d60 .functor BUFZ 32, v0x56279b56d0d0_4, C4<00000000000000000000000000000000>, C4<00000000000000000000000000000000>, C4<00000000000000000000000000000000>;
v0x56279b56d0d0_5 .array/port v0x56279b56d0d0, 5;
L_0x56279b586e30 .functor BUFZ 32, v0x56279b56d0d0_5, C4<00000000000000000000000000000000>, C4<00000000000000000000000000000000>, C4<00000000000000000000000000000000>;
v0x56279b56d0d0_6 .array/port v0x56279b56d0d0, 6;
L_0x56279b586f40 .functor BUFZ 32, v0x56279b56d0d0_6, C4<00000000000000000000000000000000>, C4<00000000000000000000000000000000>, C4<00000000000000000000000000000000>;
v0x56279b56d0d0_7 .array/port v0x56279b56d0d0, 7;
L_0x56279b586fe0 .functor BUFZ 32, v0x56279b56d0d0_7, C4<00000000000000000000000000000000>, C4<00000000000000000000000000000000>, C4<00000000000000000000000000000000>;
v0x56279b56d0d0_8 .array/port v0x56279b56d0d0, 8;
L_0x56279b587100 .functor BUFZ 32, v0x56279b56d0d0_8, C4<00000000000000000000000000000000>, C4<00000000000000000000000000000000>, C4<00000000000000000000000000000000>;
v0x56279b56d0d0_9 .array/port v0x56279b56d0d0, 9;
L_0x56279b5871d0 .functor BUFZ 32, v0x56279b56d0d0_9, C4<00000000000000000000000000000000>, C4<00000000000000000000000000000000>, C4<00000000000000000000000000000000>;
v0x56279b56d0d0_10 .array/port v0x56279b56d0d0, 10;
L_0x56279b587300 .functor BUFZ 32, v0x56279b56d0d0_10, C4<00000000000000000000000000000000>, C4<00000000000000000000000000000000>, C4<00000000000000000000000000000000>;
v0x56279b56d0d0_11 .array/port v0x56279b56d0d0, 11;
L_0x56279b5873d0 .functor BUFZ 32, v0x56279b56d0d0_11, C4<00000000000000000000000000000000>, C4<00000000000000000000000000000000>, C4<00000000000000000000000000000000>;
v0x56279b56d0d0_12 .array/port v0x56279b56d0d0, 12;
L_0x56279b587510 .functor BUFZ 32, v0x56279b56d0d0_12, C4<00000000000000000000000000000000>, C4<00000000000000000000000000000000>, C4<00000000000000000000000000000000>;
v0x56279b56d0d0_13 .array/port v0x56279b56d0d0, 13;
L_0x56279b5875e0 .functor BUFZ 32, v0x56279b56d0d0_13, C4<00000000000000000000000000000000>, C4<00000000000000000000000000000000>, C4<00000000000000000000000000000000>;
v0x56279b56d0d0_14 .array/port v0x56279b56d0d0, 14;
L_0x56279b5874a0 .functor BUFZ 32, v0x56279b56d0d0_14, C4<00000000000000000000000000000000>, C4<00000000000000000000000000000000>, C4<00000000000000000000000000000000>;
v0x56279b56d0d0_15 .array/port v0x56279b56d0d0, 15;
L_0x56279b587790 .functor BUFZ 32, v0x56279b56d0d0_15, C4<00000000000000000000000000000000>, C4<00000000000000000000000000000000>, C4<00000000000000000000000000000000>;
v0x56279b56e6d0_0 .var "clk", 0 0;
v0x56279b56e790 .array "data", 0 15, 31 0;
v0x56279b56e850_0 .var/i "k", 31 0;
v0x56279b56e910_0 .net "led", 0 0, v0x56279b56b600_0;  1 drivers
v0x56279b56ea00_0 .var "push_button", 0 0;
v0x56279b56eb40_0 .net "r0", 31 0, L_0x56279b586a50;  1 drivers
v0x56279b56ec20_0 .net "r1", 31 0, L_0x56279b586ac0;  1 drivers
v0x56279b56ed00_0 .net "r10", 31 0, L_0x56279b587300;  1 drivers
v0x56279b56ede0_0 .net "r11", 31 0, L_0x56279b5873d0;  1 drivers
v0x56279b56eec0_0 .net "r12", 31 0, L_0x56279b587510;  1 drivers
v0x56279b56efa0_0 .net "r13", 31 0, L_0x56279b5875e0;  1 drivers
v0x56279b56f080_0 .net "r14", 31 0, L_0x56279b5874a0;  1 drivers
v0x56279b56f160_0 .net "r15", 31 0, L_0x56279b587790;  1 drivers
v0x56279b56f240_0 .net "r2", 31 0, L_0x56279b586b90;  1 drivers
v0x56279b56f320_0 .net "r3", 31 0, L_0x56279b586c60;  1 drivers
v0x56279b56f400_0 .net "r4", 31 0, L_0x56279b586d60;  1 drivers
v0x56279b56f4e0_0 .net "r5", 31 0, L_0x56279b586e30;  1 drivers
v0x56279b56f6d0_0 .net "r6", 31 0, L_0x56279b586f40;  1 drivers
v0x56279b56f7b0_0 .net "r7", 31 0, L_0x56279b586fe0;  1 drivers
v0x56279b56f890_0 .net "r8", 31 0, L_0x56279b587100;  1 drivers
v0x56279b56f970_0 .net "r9", 31 0, L_0x56279b5871d0;  1 drivers
v0x56279b56fa50_0 .var "rst", 0 0;
v0x56279b56faf0_0 .var/i "start_time", 31 0;
v0x56279b56fbd0_0 .net "trap", 0 0, v0x56279b5626f0_0;  1 drivers
S_0x56279b543d00 .scope module, "uut" "xtop" 3 34, 4 5 0, S_0x56279b546e00;
 .timescale -9 -12;
    .port_info 0 /INPUT 1 "clk";
    .port_info 1 /INPUT 1 "rst";
    .port_info 2 /INPUT 1 "push_button";
    .port_info 3 /OUTPUT 1 "trap";
    .port_info 4 /OUTPUT 1 "led";
L_0x56279b5868f0 .functor AND 1, v0x56279b52ed50_0, L_0x56279b585d50, C4<1>, C4<1>;
v0x56279b56d590_0 .net "button", 0 0, v0x56279b5629b0_0;  1 drivers
v0x56279b56d6a0_0 .net "button_sel", 0 0, v0x56279b52ecb0_0;  1 drivers
v0x56279b56d7b0_0 .net "clk", 0 0, v0x56279b56e6d0_0;  1 drivers
v0x56279b56d850_0 .net "cprt_sel", 0 0, v0x56279b52ed50_0;  1 drivers
v0x56279b56d8f0_0 .net "data_addr", 9 0, v0x56279b569c00_0;  1 drivers
v0x56279b56da30_0 .net "data_sel", 0 0, L_0x56279b585b90;  1 drivers
v0x56279b56db20_0 .net "data_to_rd", 31 0, v0x56279b52f190_0;  1 drivers
v0x56279b56dc10_0 .net "data_to_wr", 31 0, L_0x56279b585dc0;  1 drivers
v0x56279b56dcb0_0 .net "data_we", 0 0, L_0x56279b585d50;  1 drivers
v0x56279b56dd50_0 .net "instruction", 31 0, v0x56279b56c3b0_0;  1 drivers
v0x56279b56de10_0 .net "led", 0 0, v0x56279b56b600_0;  alias, 1 drivers
v0x56279b56deb0_0 .net "led_sel", 0 0, v0x56279b52f230_0;  1 drivers
v0x56279b56dfa0_0 .net "mem_data_to_rd", 31 0, L_0x56279b5863e0;  1 drivers
v0x56279b56e090_0 .net "mem_sel", 0 0, v0x56279b52fd10_0;  1 drivers
v0x56279b56e180_0 .net "pc", 8 0, v0x56279b56a120_0;  1 drivers
v0x56279b56e290_0 .net "push_button", 0 0, v0x56279b56ea00_0;  1 drivers
v0x56279b56e330_0 .net "regf_data_to_rd", 31 0, L_0x56279b5866c0;  1 drivers
v0x56279b56e420_0 .net "regf_sel", 0 0, v0x56279b562570_0;  1 drivers
v0x56279b56e510_0 .net "rst", 0 0, v0x56279b56fa50_0;  1 drivers
v0x56279b56e5b0_0 .net "trap", 0 0, v0x56279b5626f0_0;  alias, 1 drivers
L_0x56279b5852a0 .part v0x56279b569c00_0, 0, 9;
L_0x56279b586800 .part v0x56279b569c00_0, 0, 4;
L_0x56279b5869b0 .part L_0x56279b585dc0, 0, 8;
S_0x56279b544400 .scope module, "addr_decoder" "xaddr_decoder" 4 114, 5 4 0, S_0x56279b543d00;
 .timescale -9 -12;
    .port_info 0 /INPUT 10 "addr";
    .port_info 1 /INPUT 1 "sel";
    .port_info 2 /OUTPUT 1 "led_sel";
    .port_info 3 /OUTPUT 1 "button_sel";
    .port_info 4 /OUTPUT 1 "mem_sel";
    .port_info 5 /INPUT 32 "mem_data_to_rd";
    .port_info 6 /OUTPUT 1 "regf_sel";
    .port_info 7 /INPUT 32 "regf_data_to_rd";
    .port_info 8 /OUTPUT 1 "cprt_sel";
    .port_info 9 /OUTPUT 1 "trap_sel";
    .port_info 10 /OUTPUT 32 "data_to_rd";
v0x56279b52e4b0_0 .net "addr", 9 0, v0x56279b569c00_0;  alias, 1 drivers
v0x56279b52ecb0_0 .var "button_sel", 0 0;
v0x56279b52ed50_0 .var "cprt_sel", 0 0;
v0x56279b52f190_0 .var "data_to_rd", 31 0;
v0x56279b52f230_0 .var "led_sel", 0 0;
v0x56279b52fc70_0 .net "mem_data_to_rd", 31 0, L_0x56279b5863e0;  alias, 1 drivers
v0x56279b52fd10_0 .var "mem_sel", 0 0;
v0x56279b562490_0 .net "regf_data_to_rd", 31 0, L_0x56279b5866c0;  alias, 1 drivers
v0x56279b562570_0 .var "regf_sel", 0 0;
v0x56279b562630_0 .net "sel", 0 0, L_0x56279b585b90;  alias, 1 drivers
v0x56279b5626f0_0 .var "trap_sel", 0 0;
E_0x56279b4d38f0 .event edge, v0x56279b52fd10_0, v0x56279b52fc70_0, v0x56279b562570_0, v0x56279b562490_0;
E_0x56279b4d4f60 .event edge, v0x56279b52e4b0_0, v0x56279b562630_0;
S_0x56279b544b00 .scope module, "button1" "xbutton" 4 150, 6 4 0, S_0x56279b543d00;
 .timescale -9 -12;
    .port_info 0 /INPUT 1 "reset";
    .port_info 1 /INPUT 1 "clk";
    .port_info 2 /INPUT 1 "push_button";
    .port_info 3 /INPUT 1 "button_sel";
    .port_info 4 /OUTPUT 1 "button";
v0x56279b5629b0_0 .var "button", 0 0;
v0x56279b562a90_0 .net "button_sel", 0 0, v0x56279b52ecb0_0;  alias, 1 drivers
v0x56279b562b50_0 .net "clk", 0 0, v0x56279b56e6d0_0;  alias, 1 drivers
v0x56279b562bf0_0 .net "push_button", 0 0, v0x56279b56ea00_0;  alias, 1 drivers
v0x56279b562c90_0 .net "reset", 0 0, v0x56279b56fa50_0;  alias, 1 drivers
E_0x56279b50ef10 .event posedge, v0x56279b562c90_0, v0x56279b562b50_0;
S_0x56279b545200 .scope module, "controller" "xctrl" 4 69, 7 7 0, S_0x56279b543d00;
 .timescale -9 -12;
    .port_info 0 /INPUT 1 "clk";
    .port_info 1 /INPUT 1 "rst";
    .port_info 2 /OUTPUT 9 "pc";
    .port_info 3 /INPUT 32 "instruction";
    .port_info 4 /OUTPUT 1 "mem_sel";
    .port_info 5 /OUTPUT 1 "mem_we";
    .port_info 6 /OUTPUT 10 "mem_addr";
    .port_info 7 /INPUT 32 "mem_data_from";
    .port_info 8 /OUTPUT 32 "mem_data_to";
L_0x56279b53a120 .functor OR 1, L_0x56279b57fd40, L_0x56279b57ffc0, C4<0>, C4<0>;
L_0x56279b53fb90 .functor OR 1, L_0x56279b5802e0, L_0x56279b580500, C4<0>, C4<0>;
L_0x56279b52e2f0 .functor OR 1, L_0x56279b53a120, L_0x56279b53fb90, C4<0>, C4<0>;
L_0x56279b52eb90 .functor OR 1, L_0x56279b580950, L_0x56279b580b40, C4<0>, C4<0>;
L_0x56279b580c80 .functor OR 1, L_0x56279b580e80, L_0x56279b581240, C4<0>, C4<0>;
L_0x56279b52df10 .functor OR 1, L_0x56279b5816b0, L_0x56279b581980, C4<0>, C4<0>;
L_0x56279b52fb50 .functor OR 1, L_0x56279b52df10, L_0x56279b581ca0, C4<0>, C4<0>;
L_0x56279b505c90 .functor OR 1, L_0x56279b582030, L_0x56279b582330, C4<0>, C4<0>;
L_0x56279b582960 .functor AND 1, L_0x56279b52fb50, L_0x56279b582730, C4<1>, C4<1>;
L_0x56279b582a70 .functor OR 1, L_0x56279b582960, L_0x56279b505c90, C4<0>, C4<0>;
L_0x56279b582be0 .functor OR 1, L_0x56279b580c80, L_0x56279b505c90, C4<0>, C4<0>;
L_0x56279b582c50 .functor OR 1, L_0x56279b582be0, L_0x56279b52fb50, C4<0>, C4<0>;
L_0x56279b582d80 .functor OR 1, L_0x56279b53a120, L_0x56279b580c80, C4<0>, C4<0>;
L_0x56279b583460 .functor OR 1, L_0x56279b582ee0, L_0x56279b583210, C4<0>, C4<0>;
L_0x56279b582d10 .functor OR 1, L_0x56279b583460, L_0x56279b5838f0, C4<0>, C4<0>;
L_0x56279b583a30 .functor OR 1, L_0x56279b582d10, L_0x56279b583ce0, C4<0>, C4<0>;
L_0x56279b5850d0 .functor OR 1, L_0x56279b52eb90, L_0x56279b53fb90, C4<0>, C4<0>;
L_0x56279b585190 .functor OR 1, L_0x56279b5850d0, L_0x56279b582a70, C4<0>, C4<0>;
L_0x56279b585700 .functor AND 1, L_0x56279b585190, L_0x56279b5855c0, C4<1>, C4<1>;
L_0x56279b585b90 .functor AND 1, L_0x56279b585700, L_0x56279b585a50, C4<1>, C4<1>;
L_0x56279b585d50 .functor BUFZ 1, L_0x56279b52eb90, C4<0>, C4<0>, C4<0>;
L_0x56279b585dc0 .functor BUFZ 32, v0x56279b56a200_0, C4<00000000000000000000000000000000>, C4<00000000000000000000000000000000>, C4<00000000000000000000000000000000>;
L_0x56279b585f80 .functor AND 32, v0x56279b56a200_0, v0x56279b56a040_0, C4<11111111111111111111111111111111>, C4<11111111111111111111111111111111>;
L_0x56279b585ff0 .functor XOR 32, v0x56279b56a200_0, v0x56279b56a040_0, C4<00000000000000000000000000000000>, C4<00000000000000000000000000000000>;
v0x56279b563210_0 .net *"_s0", 31 0, L_0x56279b56fc70;  1 drivers
v0x56279b5632f0_0 .net *"_s102", 31 0, L_0x56279b581f40;  1 drivers
L_0x7f6ffe424648 .functor BUFT 1, C4<0000000000000000000000000000>, C4<0>, C4<0>, C4<0>;
v0x56279b5633d0_0 .net *"_s105", 27 0, L_0x7f6ffe424648;  1 drivers
L_0x7f6ffe424690 .functor BUFT 1, C4<00000000000000000000000000000100>, C4<0>, C4<0>, C4<0>;
v0x56279b563490_0 .net/2u *"_s106", 31 0, L_0x7f6ffe424690;  1 drivers
v0x56279b563570_0 .net *"_s108", 0 0, L_0x56279b582030;  1 drivers
L_0x7f6ffe4240a8 .functor BUFT 1, C4<0000000000000000000000000000>, C4<0>, C4<0>, C4<0>;
v0x56279b563680_0 .net *"_s11", 27 0, L_0x7f6ffe4240a8;  1 drivers
v0x56279b563760_0 .net *"_s110", 31 0, L_0x56279b582240;  1 drivers
L_0x7f6ffe4246d8 .functor BUFT 1, C4<0000000000000000000000000000>, C4<0>, C4<0>, C4<0>;
v0x56279b563840_0 .net *"_s113", 27 0, L_0x7f6ffe4246d8;  1 drivers
L_0x7f6ffe424720 .functor BUFT 1, C4<00000000000000000000000000000101>, C4<0>, C4<0>, C4<0>;
v0x56279b563920_0 .net/2u *"_s114", 31 0, L_0x7f6ffe424720;  1 drivers
v0x56279b563a00_0 .net *"_s116", 0 0, L_0x56279b582330;  1 drivers
L_0x7f6ffe4240f0 .functor BUFT 1, C4<00000000000000000000000000000111>, C4<0>, C4<0>, C4<0>;
v0x56279b563ac0_0 .net/2u *"_s12", 31 0, L_0x7f6ffe4240f0;  1 drivers
v0x56279b563ba0_0 .net *"_s120", 31 0, L_0x56279b582640;  1 drivers
L_0x7f6ffe424768 .functor BUFT 1, C4<0000000000000000000000000000>, C4<0>, C4<0>, C4<0>;
v0x56279b563c80_0 .net *"_s123", 27 0, L_0x7f6ffe424768;  1 drivers
L_0x7f6ffe4247b0 .functor BUFT 1, C4<00000000000000000000000000000000>, C4<0>, C4<0>, C4<0>;
v0x56279b563d60_0 .net/2u *"_s124", 31 0, L_0x7f6ffe4247b0;  1 drivers
v0x56279b563e40_0 .net *"_s126", 0 0, L_0x56279b582730;  1 drivers
v0x56279b563f00_0 .net *"_s128", 0 0, L_0x56279b582960;  1 drivers
v0x56279b563fc0_0 .net *"_s132", 0 0, L_0x56279b582be0;  1 drivers
v0x56279b5640a0_0 .net *"_s138", 31 0, L_0x56279b582df0;  1 drivers
v0x56279b564180_0 .net *"_s14", 0 0, L_0x56279b57ffc0;  1 drivers
L_0x7f6ffe4247f8 .functor BUFT 1, C4<0000000000000000000000000000>, C4<0>, C4<0>, C4<0>;
v0x56279b564240_0 .net *"_s141", 27 0, L_0x7f6ffe4247f8;  1 drivers
L_0x7f6ffe424840 .functor BUFT 1, C4<00000000000000000000000000001100>, C4<0>, C4<0>, C4<0>;
v0x56279b564320_0 .net/2u *"_s142", 31 0, L_0x7f6ffe424840;  1 drivers
v0x56279b564400_0 .net *"_s144", 0 0, L_0x56279b582ee0;  1 drivers
v0x56279b5644c0_0 .net *"_s146", 31 0, L_0x56279b583120;  1 drivers
L_0x7f6ffe424888 .functor BUFT 1, C4<0000000000000000000000000000>, C4<0>, C4<0>, C4<0>;
v0x56279b5645a0_0 .net *"_s149", 27 0, L_0x7f6ffe424888;  1 drivers
L_0x7f6ffe4248d0 .functor BUFT 1, C4<00000000000000000000000000001110>, C4<0>, C4<0>, C4<0>;
v0x56279b564680_0 .net/2u *"_s150", 31 0, L_0x7f6ffe4248d0;  1 drivers
v0x56279b564760_0 .net *"_s152", 0 0, L_0x56279b583210;  1 drivers
v0x56279b564820_0 .net *"_s154", 0 0, L_0x56279b583460;  1 drivers
v0x56279b5648e0_0 .net *"_s156", 31 0, L_0x56279b5835f0;  1 drivers
L_0x7f6ffe424918 .functor BUFT 1, C4<0000000000000000000000000000>, C4<0>, C4<0>, C4<0>;
v0x56279b5649c0_0 .net *"_s159", 27 0, L_0x7f6ffe424918;  1 drivers
L_0x7f6ffe424960 .functor BUFT 1, C4<00000000000000000000000000001101>, C4<0>, C4<0>, C4<0>;
v0x56279b564aa0_0 .net/2u *"_s160", 31 0, L_0x7f6ffe424960;  1 drivers
v0x56279b564b80_0 .net *"_s162", 0 0, L_0x56279b5838f0;  1 drivers
v0x56279b564c40_0 .net *"_s164", 0 0, L_0x56279b582d10;  1 drivers
v0x56279b564d00_0 .net *"_s166", 31 0, L_0x56279b583bf0;  1 drivers
L_0x7f6ffe4249a8 .functor BUFT 1, C4<0000000000000000000000000000>, C4<0>, C4<0>, C4<0>;
v0x56279b564ff0_0 .net *"_s169", 27 0, L_0x7f6ffe4249a8;  1 drivers
L_0x7f6ffe4249f0 .functor BUFT 1, C4<00000000000000000000000000001111>, C4<0>, C4<0>, C4<0>;
v0x56279b5650d0_0 .net/2u *"_s170", 31 0, L_0x7f6ffe4249f0;  1 drivers
v0x56279b5651b0_0 .net *"_s172", 0 0, L_0x56279b583ce0;  1 drivers
v0x56279b565270_0 .net *"_s178", 31 0, L_0x56279b584080;  1 drivers
v0x56279b565350_0 .net *"_s18", 31 0, L_0x56279b5801a0;  1 drivers
L_0x7f6ffe424a38 .functor BUFT 1, C4<0000000000000000000000000000>, C4<0>, C4<0>, C4<0>;
v0x56279b565430_0 .net *"_s181", 27 0, L_0x7f6ffe424a38;  1 drivers
L_0x7f6ffe424a80 .functor BUFT 1, C4<00000000000000000000000000000111>, C4<0>, C4<0>, C4<0>;
v0x56279b565510_0 .net/2u *"_s182", 31 0, L_0x7f6ffe424a80;  1 drivers
v0x56279b5655f0_0 .net *"_s184", 0 0, L_0x56279b5842b0;  1 drivers
v0x56279b5656b0_0 .net *"_s187", 15 0, L_0x56279b5843f0;  1 drivers
v0x56279b565790_0 .net *"_s189", 15 0, L_0x56279b5845e0;  1 drivers
v0x56279b565870_0 .net *"_s190", 31 0, L_0x56279b584680;  1 drivers
v0x56279b565950_0 .net *"_s193", 0 0, L_0x56279b5848d0;  1 drivers
v0x56279b565a30_0 .net *"_s194", 3 0, L_0x56279b584970;  1 drivers
v0x56279b565b10_0 .net *"_s197", 27 0, L_0x56279b584c00;  1 drivers
v0x56279b565bf0_0 .net *"_s198", 31 0, L_0x56279b584ca0;  1 drivers
v0x56279b565cd0_0 .net *"_s202", 0 0, L_0x56279b5850d0;  1 drivers
v0x56279b565db0_0 .net *"_s204", 0 0, L_0x56279b585190;  1 drivers
v0x56279b565e90_0 .net *"_s206", 31 0, L_0x56279b585340;  1 drivers
L_0x7f6ffe424ac8 .functor BUFT 1, C4<0000000000000000000000>, C4<0>, C4<0>, C4<0>;
v0x56279b565f70_0 .net *"_s209", 21 0, L_0x7f6ffe424ac8;  1 drivers
L_0x7f6ffe424138 .functor BUFT 1, C4<0000000000000000000000000000>, C4<0>, C4<0>, C4<0>;
v0x56279b566050_0 .net *"_s21", 27 0, L_0x7f6ffe424138;  1 drivers
L_0x7f6ffe424b10 .functor BUFT 1, C4<00000000000000000000001000010000>, C4<0>, C4<0>, C4<0>;
v0x56279b566130_0 .net/2u *"_s210", 31 0, L_0x7f6ffe424b10;  1 drivers
v0x56279b566210_0 .net *"_s212", 0 0, L_0x56279b5855c0;  1 drivers
v0x56279b5662d0_0 .net *"_s214", 0 0, L_0x56279b585700;  1 drivers
v0x56279b566390_0 .net *"_s216", 31 0, L_0x56279b585810;  1 drivers
L_0x7f6ffe424b58 .functor BUFT 1, C4<0000000000000000000000>, C4<0>, C4<0>, C4<0>;
v0x56279b566470_0 .net *"_s219", 21 0, L_0x7f6ffe424b58;  1 drivers
L_0x7f6ffe424180 .functor BUFT 1, C4<00000000000000000000000000001000>, C4<0>, C4<0>, C4<0>;
v0x56279b566550_0 .net/2u *"_s22", 31 0, L_0x7f6ffe424180;  1 drivers
L_0x7f6ffe424ba0 .functor BUFT 1, C4<00000000000000000000001000010001>, C4<0>, C4<0>, C4<0>;
v0x56279b566630_0 .net/2u *"_s220", 31 0, L_0x7f6ffe424ba0;  1 drivers
v0x56279b566710_0 .net *"_s222", 0 0, L_0x56279b585a50;  1 drivers
v0x56279b5667d0_0 .net *"_s24", 0 0, L_0x56279b5802e0;  1 drivers
v0x56279b566890_0 .net *"_s26", 31 0, L_0x56279b580460;  1 drivers
L_0x7f6ffe4241c8 .functor BUFT 1, C4<0000000000000000000000000000>, C4<0>, C4<0>, C4<0>;
v0x56279b566970_0 .net *"_s29", 27 0, L_0x7f6ffe4241c8;  1 drivers
L_0x7f6ffe424018 .functor BUFT 1, C4<0000000000000000000000000000>, C4<0>, C4<0>, C4<0>;
v0x56279b566a50_0 .net *"_s3", 27 0, L_0x7f6ffe424018;  1 drivers
L_0x7f6ffe424210 .functor BUFT 1, C4<00000000000000000000000000001010>, C4<0>, C4<0>, C4<0>;
v0x56279b566f40_0 .net/2u *"_s30", 31 0, L_0x7f6ffe424210;  1 drivers
v0x56279b567020_0 .net *"_s32", 0 0, L_0x56279b580500;  1 drivers
v0x56279b5670e0_0 .net *"_s38", 31 0, L_0x56279b5807d0;  1 drivers
L_0x7f6ffe424060 .functor BUFT 1, C4<00000000000000000000000000000110>, C4<0>, C4<0>, C4<0>;
v0x56279b5671c0_0 .net/2u *"_s4", 31 0, L_0x7f6ffe424060;  1 drivers
L_0x7f6ffe424258 .functor BUFT 1, C4<0000000000000000000000000000>, C4<0>, C4<0>, C4<0>;
v0x56279b5672a0_0 .net *"_s41", 27 0, L_0x7f6ffe424258;  1 drivers
L_0x7f6ffe4242a0 .functor BUFT 1, C4<00000000000000000000000000001001>, C4<0>, C4<0>, C4<0>;
v0x56279b567380_0 .net/2u *"_s42", 31 0, L_0x7f6ffe4242a0;  1 drivers
v0x56279b567460_0 .net *"_s44", 0 0, L_0x56279b580950;  1 drivers
v0x56279b567520_0 .net *"_s46", 31 0, L_0x56279b580aa0;  1 drivers
L_0x7f6ffe4242e8 .functor BUFT 1, C4<0000000000000000000000000000>, C4<0>, C4<0>, C4<0>;
v0x56279b567600_0 .net *"_s49", 27 0, L_0x7f6ffe4242e8;  1 drivers
L_0x7f6ffe424330 .functor BUFT 1, C4<00000000000000000000000000001011>, C4<0>, C4<0>, C4<0>;
v0x56279b5676e0_0 .net/2u *"_s50", 31 0, L_0x7f6ffe424330;  1 drivers
v0x56279b5677c0_0 .net *"_s52", 0 0, L_0x56279b580b40;  1 drivers
v0x56279b567880_0 .net *"_s56", 31 0, L_0x56279b580d90;  1 drivers
L_0x7f6ffe424378 .functor BUFT 1, C4<0000000000000000000000000000>, C4<0>, C4<0>, C4<0>;
v0x56279b567960_0 .net *"_s59", 27 0, L_0x7f6ffe424378;  1 drivers
v0x56279b567a40_0 .net *"_s6", 0 0, L_0x56279b57fd40;  1 drivers
L_0x7f6ffe4243c0 .functor BUFT 1, C4<00000000000000000000000000000000>, C4<0>, C4<0>, C4<0>;
v0x56279b567b00_0 .net/2u *"_s60", 31 0, L_0x7f6ffe4243c0;  1 drivers
v0x56279b567be0_0 .net *"_s62", 0 0, L_0x56279b580e80;  1 drivers
v0x56279b567ca0_0 .net *"_s64", 31 0, L_0x56279b581040;  1 drivers
L_0x7f6ffe424408 .functor BUFT 1, C4<0000000000000000000000000000>, C4<0>, C4<0>, C4<0>;
v0x56279b567d80_0 .net *"_s67", 27 0, L_0x7f6ffe424408;  1 drivers
L_0x7f6ffe424450 .functor BUFT 1, C4<00000000000000000000000000000011>, C4<0>, C4<0>, C4<0>;
v0x56279b567e60_0 .net/2u *"_s68", 31 0, L_0x7f6ffe424450;  1 drivers
v0x56279b567f40_0 .net *"_s70", 0 0, L_0x56279b581240;  1 drivers
v0x56279b568000_0 .net *"_s74", 31 0, L_0x56279b5814b0;  1 drivers
L_0x7f6ffe424498 .functor BUFT 1, C4<0000000000000000000000000000>, C4<0>, C4<0>, C4<0>;
v0x56279b5680e0_0 .net *"_s77", 27 0, L_0x7f6ffe424498;  1 drivers
L_0x7f6ffe4244e0 .functor BUFT 1, C4<00000000000000000000000000000000>, C4<0>, C4<0>, C4<0>;
v0x56279b5681c0_0 .net/2u *"_s78", 31 0, L_0x7f6ffe4244e0;  1 drivers
v0x56279b5682a0_0 .net *"_s8", 31 0, L_0x56279b57fe80;  1 drivers
v0x56279b568380_0 .net *"_s80", 0 0, L_0x56279b5816b0;  1 drivers
v0x56279b568440_0 .net *"_s82", 31 0, L_0x56279b581890;  1 drivers
L_0x7f6ffe424528 .functor BUFT 1, C4<0000000000000000000000000000>, C4<0>, C4<0>, C4<0>;
v0x56279b568520_0 .net *"_s85", 27 0, L_0x7f6ffe424528;  1 drivers
L_0x7f6ffe424570 .functor BUFT 1, C4<00000000000000000000000000000001>, C4<0>, C4<0>, C4<0>;
v0x56279b568600_0 .net/2u *"_s86", 31 0, L_0x7f6ffe424570;  1 drivers
v0x56279b5686e0_0 .net *"_s88", 0 0, L_0x56279b581980;  1 drivers
v0x56279b5687a0_0 .net *"_s90", 0 0, L_0x56279b52df10;  1 drivers
v0x56279b568860_0 .net *"_s92", 31 0, L_0x56279b5817f0;  1 drivers
L_0x7f6ffe4245b8 .functor BUFT 1, C4<0000000000000000000000000000>, C4<0>, C4<0>, C4<0>;
v0x56279b568940_0 .net *"_s95", 27 0, L_0x7f6ffe4245b8;  1 drivers
L_0x7f6ffe424600 .functor BUFT 1, C4<00000000000000000000000000000010>, C4<0>, C4<0>, C4<0>;
v0x56279b568a20_0 .net/2u *"_s96", 31 0, L_0x7f6ffe424600;  1 drivers
v0x56279b568b00_0 .net *"_s98", 0 0, L_0x56279b581ca0;  1 drivers
v0x56279b568bc0_0 .var "adder_res", 31 0;
v0x56279b568ca0_0 .net "alu_arith_ops", 0 0, L_0x56279b52fb50;  1 drivers
v0x56279b568d60_0 .var "alu_carry", 0 0;
v0x56279b568e20_0 .net "alu_imm_ops", 0 0, L_0x56279b580c80;  1 drivers
v0x56279b568ee0_0 .net "alu_logic_ops", 0 0, L_0x56279b505c90;  1 drivers
v0x56279b568fa0_0 .net "alu_mem_ops", 0 0, L_0x56279b582a70;  1 drivers
v0x56279b569060_0 .var "alu_negative", 0 0;
v0x56279b569120_0 .net "alu_ops", 0 0, L_0x56279b582c50;  1 drivers
v0x56279b5691e0_0 .var "alu_overflow", 0 0;
v0x56279b5692a0_0 .var "alu_result", 31 0;
v0x56279b569380_0 .net "and_res", 31 0, L_0x56279b585f80;  1 drivers
v0x56279b569460_0 .net "branch_ops", 0 0, L_0x56279b583a30;  1 drivers
v0x56279b569520_0 .var "carry_res_n", 0 0;
v0x56279b5695e0_0 .var "carry_res_n_1", 31 0;
v0x56279b5696c0_0 .net "clk", 0 0, v0x56279b56e6d0_0;  alias, 1 drivers
v0x56279b569760_0 .net/s "imm", 31 0, L_0x56279b584f40;  1 drivers
v0x56279b569820_0 .net "imm_ops", 0 0, L_0x56279b582d80;  1 drivers
v0x56279b5698e0_0 .net "instruction", 31 0, v0x56279b56c3b0_0;  alias, 1 drivers
v0x56279b5699c0_0 .net "load_imm_ops", 0 0, L_0x56279b53a120;  1 drivers
v0x56279b569a80_0 .net "load_mem_ops", 0 0, L_0x56279b53fb90;  1 drivers
v0x56279b569b40_0 .net "load_ops", 0 0, L_0x56279b52e2f0;  1 drivers
v0x56279b569c00_0 .var "mem_addr", 9 0;
v0x56279b569cc0_0 .net "mem_data_from", 31 0, v0x56279b52f190_0;  alias, 1 drivers
v0x56279b569d60_0 .net "mem_data_to", 31 0, L_0x56279b585dc0;  alias, 1 drivers
v0x56279b569e20_0 .net "mem_sel", 0 0, L_0x56279b585b90;  alias, 1 drivers
v0x56279b569ec0_0 .net "mem_we", 0 0, L_0x56279b585d50;  alias, 1 drivers
v0x56279b569f60_0 .net "opcode", 3 0, L_0x56279b583fe0;  1 drivers
v0x56279b56a040_0 .var "operand", 31 0;
v0x56279b56a120_0 .var "pc", 8 0;
v0x56279b56a200_0 .var "regA", 31 0;
v0x56279b56aaf0_0 .var "regB", 31 0;
v0x56279b56abd0_0 .var "regC", 2 0;
v0x56279b56acb0_0 .net "rst", 0 0, v0x56279b56fa50_0;  alias, 1 drivers
v0x56279b56ad50_0 .net "store_mem_ops", 0 0, L_0x56279b52eb90;  1 drivers
v0x56279b56adf0_0 .net "xor_res", 31 0, L_0x56279b585ff0;  1 drivers
E_0x56279b54a490/0 .event edge, v0x56279b568ca0_0, v0x56279b568bc0_0, v0x56279b569520_0, v0x56279b5695e0_0;
E_0x56279b54a490/1 .event edge, v0x56279b569f60_0, v0x56279b56a040_0, v0x56279b56a200_0, v0x56279b569380_0;
E_0x56279b54a490/2 .event edge, v0x56279b56adf0_0;
E_0x56279b54a490 .event/or E_0x56279b54a490/0, E_0x56279b54a490/1, E_0x56279b54a490/2;
E_0x56279b54a410 .event edge, v0x56279b569f60_0, v0x56279b5695e0_0, v0x56279b56a200_0, v0x56279b56a040_0;
E_0x56279b54b300 .event edge, v0x56279b569f60_0, v0x56279b56a200_0, v0x56279b56a040_0, v0x56279b5695e0_0;
E_0x56279b563050 .event edge, v0x56279b569f60_0, v0x56279b56a200_0, v0x56279b56a040_0;
E_0x56279b5630e0/0 .event edge, v0x56279b569b40_0, v0x56279b569120_0, v0x56279b52e4b0_0, v0x56279b56aaf0_0;
E_0x56279b5630e0/1 .event edge, v0x56279b56abd0_0, v0x56279b569820_0, v0x56279b569760_0, v0x56279b562630_0;
E_0x56279b5630e0/2 .event edge, v0x56279b52f190_0;
E_0x56279b5630e0 .event/or E_0x56279b5630e0/0, E_0x56279b5630e0/1, E_0x56279b5630e0/2;
E_0x56279b563170 .event edge, v0x56279b569f60_0, v0x56279b56aaf0_0, v0x56279b569760_0;
L_0x56279b56fc70 .concat [ 4 28 0 0], L_0x56279b583fe0, L_0x7f6ffe424018;
L_0x56279b57fd40 .cmp/eq 32, L_0x56279b56fc70, L_0x7f6ffe424060;
L_0x56279b57fe80 .concat [ 4 28 0 0], L_0x56279b583fe0, L_0x7f6ffe4240a8;
L_0x56279b57ffc0 .cmp/eq 32, L_0x56279b57fe80, L_0x7f6ffe4240f0;
L_0x56279b5801a0 .concat [ 4 28 0 0], L_0x56279b583fe0, L_0x7f6ffe424138;
L_0x56279b5802e0 .cmp/eq 32, L_0x56279b5801a0, L_0x7f6ffe424180;
L_0x56279b580460 .concat [ 4 28 0 0], L_0x56279b583fe0, L_0x7f6ffe4241c8;
L_0x56279b580500 .cmp/eq 32, L_0x56279b580460, L_0x7f6ffe424210;
L_0x56279b5807d0 .concat [ 4 28 0 0], L_0x56279b583fe0, L_0x7f6ffe424258;
L_0x56279b580950 .cmp/eq 32, L_0x56279b5807d0, L_0x7f6ffe4242a0;
L_0x56279b580aa0 .concat [ 4 28 0 0], L_0x56279b583fe0, L_0x7f6ffe4242e8;
L_0x56279b580b40 .cmp/eq 32, L_0x56279b580aa0, L_0x7f6ffe424330;
L_0x56279b580d90 .concat [ 4 28 0 0], L_0x56279b583fe0, L_0x7f6ffe424378;
L_0x56279b580e80 .cmp/eq 32, L_0x56279b580d90, L_0x7f6ffe4243c0;
L_0x56279b581040 .concat [ 4 28 0 0], L_0x56279b583fe0, L_0x7f6ffe424408;
L_0x56279b581240 .cmp/eq 32, L_0x56279b581040, L_0x7f6ffe424450;
L_0x56279b5814b0 .concat [ 4 28 0 0], L_0x56279b583fe0, L_0x7f6ffe424498;
L_0x56279b5816b0 .cmp/eq 32, L_0x56279b5814b0, L_0x7f6ffe4244e0;
L_0x56279b581890 .concat [ 4 28 0 0], L_0x56279b583fe0, L_0x7f6ffe424528;
L_0x56279b581980 .cmp/eq 32, L_0x56279b581890, L_0x7f6ffe424570;
L_0x56279b5817f0 .concat [ 4 28 0 0], L_0x56279b583fe0, L_0x7f6ffe4245b8;
L_0x56279b581ca0 .cmp/eq 32, L_0x56279b5817f0, L_0x7f6ffe424600;
L_0x56279b581f40 .concat [ 4 28 0 0], L_0x56279b583fe0, L_0x7f6ffe424648;
L_0x56279b582030 .cmp/eq 32, L_0x56279b581f40, L_0x7f6ffe424690;
L_0x56279b582240 .concat [ 4 28 0 0], L_0x56279b583fe0, L_0x7f6ffe4246d8;
L_0x56279b582330 .cmp/eq 32, L_0x56279b582240, L_0x7f6ffe424720;
L_0x56279b582640 .concat [ 4 28 0 0], L_0x56279b583fe0, L_0x7f6ffe424768;
L_0x56279b582730 .cmp/ne 32, L_0x56279b582640, L_0x7f6ffe4247b0;
L_0x56279b582df0 .concat [ 4 28 0 0], L_0x56279b583fe0, L_0x7f6ffe4247f8;
L_0x56279b582ee0 .cmp/eq 32, L_0x56279b582df0, L_0x7f6ffe424840;
L_0x56279b583120 .concat [ 4 28 0 0], L_0x56279b583fe0, L_0x7f6ffe424888;
L_0x56279b583210 .cmp/eq 32, L_0x56279b583120, L_0x7f6ffe4248d0;
L_0x56279b5835f0 .concat [ 4 28 0 0], L_0x56279b583fe0, L_0x7f6ffe424918;
L_0x56279b5838f0 .cmp/eq 32, L_0x56279b5835f0, L_0x7f6ffe424960;
L_0x56279b583bf0 .concat [ 4 28 0 0], L_0x56279b583fe0, L_0x7f6ffe4249a8;
L_0x56279b583ce0 .cmp/eq 32, L_0x56279b583bf0, L_0x7f6ffe4249f0;
L_0x56279b583fe0 .part v0x56279b56c3b0_0, 28, 4;
L_0x56279b584080 .concat [ 4 28 0 0], L_0x56279b583fe0, L_0x7f6ffe424a38;
L_0x56279b5842b0 .cmp/eq 32, L_0x56279b584080, L_0x7f6ffe424a80;
L_0x56279b5843f0 .part v0x56279b56c3b0_0, 0, 16;
L_0x56279b5845e0 .part v0x56279b56a200_0, 0, 16;
L_0x56279b584680 .concat [ 16 16 0 0], L_0x56279b5845e0, L_0x56279b5843f0;
L_0x56279b5848d0 .part v0x56279b56c3b0_0, 27, 1;
L_0x56279b584970 .concat [ 1 1 1 1], L_0x56279b5848d0, L_0x56279b5848d0, L_0x56279b5848d0, L_0x56279b5848d0;
L_0x56279b584c00 .part v0x56279b56c3b0_0, 0, 28;
L_0x56279b584ca0 .concat [ 28 4 0 0], L_0x56279b584c00, L_0x56279b584970;
L_0x56279b584f40 .functor MUXZ 32, L_0x56279b584ca0, L_0x56279b584680, L_0x56279b5842b0, C4<>;
L_0x56279b585340 .concat [ 10 22 0 0], v0x56279b569c00_0, L_0x7f6ffe424ac8;
L_0x56279b5855c0 .cmp/ne 32, L_0x56279b585340, L_0x7f6ffe424b10;
L_0x56279b585810 .concat [ 10 22 0 0], v0x56279b569c00_0, L_0x7f6ffe424b58;
L_0x56279b585a50 .cmp/ne 32, L_0x56279b585810, L_0x7f6ffe424ba0;
S_0x56279b545900 .scope module, "cprint" "xcprint" 4 167, 8 4 0, S_0x56279b543d00;
 .timescale -9 -12;
    .port_info 0 /INPUT 1 "clk";
    .port_info 1 /INPUT 1 "sel";
    .port_info 2 /INPUT 8 "data_in";
v0x56279b56b0e0_0 .net "clk", 0 0, v0x56279b56e6d0_0;  alias, 1 drivers
v0x56279b56b1f0_0 .net "data_in", 7 0, L_0x56279b5869b0;  1 drivers
v0x56279b56b2d0_0 .net "sel", 0 0, L_0x56279b5868f0;  1 drivers
E_0x56279b56b060 .event posedge, v0x56279b562b50_0;
S_0x56279b546000 .scope module, "led1" "xled" 4 158, 9 4 0, S_0x56279b543d00;
 .timescale -9 -12;
    .port_info 0 /INPUT 1 "reset";
    .port_info 1 /INPUT 1 "clk";
    .port_info 2 /INPUT 1 "led_sel";
    .port_info 3 /INPUT 1 "button";
    .port_info 4 /OUTPUT 1 "led";
v0x56279b56b490_0 .net "button", 0 0, v0x56279b5629b0_0;  alias, 1 drivers
v0x56279b56b560_0 .net "clk", 0 0, v0x56279b56e6d0_0;  alias, 1 drivers
v0x56279b56b600_0 .var "led", 0 0;
v0x56279b56b6d0_0 .net "led_sel", 0 0, v0x56279b52f230_0;  alias, 1 drivers
v0x56279b56b7a0_0 .net "reset", 0 0, v0x56279b56fa50_0;  alias, 1 drivers
S_0x56279b546700 .scope module, "ram" "xram" 4 86, 10 4 0, S_0x56279b543d00;
 .timescale -9 -12;
    .port_info 0 /INPUT 1 "clk";
    .port_info 1 /INPUT 9 "pc";
    .port_info 2 /OUTPUT 32 "instruction";
    .port_info 3 /INPUT 1 "data_sel";
    .port_info 4 /INPUT 1 "data_we";
    .port_info 5 /INPUT 9 "data_addr";
    .port_info 6 /INPUT 32 "data_in";
    .port_info 7 /OUTPUT 32 "data_out";
L_0x56279b5861c0 .functor BUFZ 9, L_0x56279b5852a0, C4<000000000>, C4<000000000>, C4<000000000>;
L_0x56279b586230 .functor BUFZ 1, L_0x56279b585d50, C4<0>, C4<0>, C4<0>;
L_0x56279b5862a0 .functor BUFZ 32, L_0x56279b585dc0, C4<00000000000000000000000000000000>, C4<00000000000000000000000000000000>, C4<00000000000000000000000000000000>;
L_0x56279b586310 .functor BUFZ 1, v0x56279b52fd10_0, C4<0>, C4<0>, C4<0>;
L_0x56279b5863e0 .functor BUFZ 32, v0x56279b56c010_0, C4<00000000000000000000000000000000>, C4<00000000000000000000000000000000>, C4<00000000000000000000000000000000>;
v0x56279b56bab0_0 .net "clk", 0 0, v0x56279b56e6d0_0;  alias, 1 drivers
v0x56279b56bb70_0 .net "data_addr", 8 0, L_0x56279b5852a0;  1 drivers
v0x56279b56bc50_0 .net "data_addr_int", 8 0, L_0x56279b5861c0;  1 drivers
v0x56279b56bd10_0 .net "data_en_int", 0 0, L_0x56279b586310;  1 drivers
v0x56279b56bdd0_0 .net "data_in", 31 0, L_0x56279b585dc0;  alias, 1 drivers
v0x56279b56be90_0 .net "data_in_int", 31 0, L_0x56279b5862a0;  1 drivers
v0x56279b56bf50_0 .net "data_out", 31 0, L_0x56279b5863e0;  alias, 1 drivers
v0x56279b56c010_0 .var "data_out_int", 31 0;
v0x56279b56c0d0_0 .net "data_sel", 0 0, v0x56279b52fd10_0;  alias, 1 drivers
v0x56279b56c1a0_0 .net "data_we", 0 0, L_0x56279b585d50;  alias, 1 drivers
v0x56279b56c270_0 .net "data_we_int", 0 0, L_0x56279b586230;  1 drivers
L_0x7f6ffe424be8 .functor BUFT 1, C4<1>, C4<0>, C4<0>, C4<0>;
v0x56279b56c310_0 .net "instr_en", 0 0, L_0x7f6ffe424be8;  1 drivers
v0x56279b56c3b0_0 .var "instruction", 31 0;
v0x56279b56c4a0 .array "mem", 0 511, 31 0;
v0x56279b56c540_0 .net "pc", 8 0, v0x56279b56a120_0;  alias, 1 drivers
S_0x56279b56c710 .scope module, "regf" "xregf" 4 103, 11 4 0, S_0x56279b543d00;
 .timescale -9 -12;
    .port_info 0 /INPUT 1 "clk";
    .port_info 1 /INPUT 1 "sel";
    .port_info 2 /INPUT 1 "we";
    .port_info 3 /INPUT 4 "addr";
    .port_info 4 /INPUT 32 "data_in";
    .port_info 5 /OUTPUT 32 "data_out";
v0x56279b56c980_0 .net *"_s0", 31 0, L_0x56279b586480;  1 drivers
v0x56279b56ca80_0 .net *"_s2", 5 0, L_0x56279b586550;  1 drivers
L_0x7f6ffe424c30 .functor BUFT 1, C4<00>, C4<0>, C4<0>, C4<0>;
v0x56279b56cb60_0 .net *"_s5", 1 0, L_0x7f6ffe424c30;  1 drivers
L_0x7f6ffe424c78 .functor BUFT 1, C4<00000000000000000000000000000000>, C4<0>, C4<0>, C4<0>;
v0x56279b56cc50_0 .net/2u *"_s6", 31 0, L_0x7f6ffe424c78;  1 drivers
v0x56279b56cd30_0 .net "addr", 3 0, L_0x56279b586800;  1 drivers
v0x56279b56ce60_0 .net "clk", 0 0, v0x56279b56e6d0_0;  alias, 1 drivers
v0x56279b56cf00_0 .net "data_in", 31 0, L_0x56279b585dc0;  alias, 1 drivers
v0x56279b56d010_0 .net "data_out", 31 0, L_0x56279b5866c0;  alias, 1 drivers
v0x56279b56d0d0 .array "regf", 0 15, 31 0;
v0x56279b56d370_0 .net "sel", 0 0, v0x56279b562570_0;  alias, 1 drivers
v0x56279b56d410_0 .net "we", 0 0, L_0x56279b585d50;  alias, 1 drivers
L_0x56279b586480 .array/port v0x56279b56d0d0, L_0x56279b586550;
L_0x56279b586550 .concat [ 4 2 0 0], L_0x56279b586800, L_0x7f6ffe424c30;
L_0x56279b5866c0 .functor MUXZ 32, L_0x7f6ffe424c78, L_0x56279b586480, v0x56279b562570_0, C4<>;
    .scope S_0x56279b545200;
T_0 ;
    %wait E_0x56279b563170;
    %load/vec4 v0x56279b569f60_0;
    %pad/u 32;
    %cmpi/e 10, 0, 32;
    %flag_mov 8, 4;
    %load/vec4 v0x56279b569f60_0;
    %pad/u 32;
    %cmpi/e 11, 0, 32;
    %flag_or 4, 8;
    %jmp/0xz  T_0.0, 4;
    %load/vec4 v0x56279b56aaf0_0;
    %parti/s 10, 0, 2;
    %store/vec4 v0x56279b569c00_0, 0, 10;
    %jmp T_0.1;
T_0.0 ;
    %load/vec4 v0x56279b569760_0;
    %parti/s 10, 0, 2;
    %store/vec4 v0x56279b569c00_0, 0, 10;
T_0.1 ;
    %jmp T_0;
    .thread T_0, $push;
    .scope S_0x56279b545200;
T_1 ;
    %wait E_0x56279b5630e0;
    %pushi/vec4 0, 0, 32;
    %store/vec4 v0x56279b56a040_0, 0, 32;
    %load/vec4 v0x56279b569b40_0;
    %flag_set/vec4 8;
    %load/vec4 v0x56279b569120_0;
    %flag_set/vec4 9;
    %flag_or 9, 8;
    %jmp/0xz  T_1.0, 9;
    %load/vec4 v0x56279b569c00_0;
    %pad/u 32;
    %cmpi/e 528, 0, 32;
    %jmp/0xz  T_1.2, 4;
    %load/vec4 v0x56279b56aaf0_0;
    %store/vec4 v0x56279b56a040_0, 0, 32;
    %jmp T_1.3;
T_1.2 ;
    %load/vec4 v0x56279b569c00_0;
    %pad/u 32;
    %cmpi/e 529, 0, 32;
    %jmp/0xz  T_1.4, 4;
    %load/vec4 v0x56279b56abd0_0;
    %pad/u 32;
    %pushi/vec4 0, 0, 32;
    %or;
    %store/vec4 v0x56279b56a040_0, 0, 32;
    %jmp T_1.5;
T_1.4 ;
    %load/vec4 v0x56279b569820_0;
    %flag_set/vec4 8;
    %jmp/0xz  T_1.6, 8;
    %load/vec4 v0x56279b569760_0;
    %store/vec4 v0x56279b56a040_0, 0, 32;
    %jmp T_1.7;
T_1.6 ;
    %load/vec4 v0x56279b569e20_0;
    %flag_set/vec4 8;
    %jmp/0xz  T_1.8, 8;
    %load/vec4 v0x56279b569cc0_0;
    %store/vec4 v0x56279b56a040_0, 0, 32;
T_1.8 ;
T_1.7 ;
T_1.5 ;
T_1.3 ;
T_1.0 ;
    %jmp T_1;
    .thread T_1, $push;
    .scope S_0x56279b545200;
T_2 ;
    %wait E_0x56279b50ef10;
    %load/vec4 v0x56279b56acb0_0;
    %flag_set/vec4 8;
    %jmp/0xz  T_2.0, 8;
    %pushi/vec4 0, 0, 9;
    %assign/vec4 v0x56279b56a120_0, 0;
    %jmp T_2.1;
T_2.0 ;
    %load/vec4 v0x56279b56a120_0;
    %addi 1, 0, 9;
    %assign/vec4 v0x56279b56a120_0, 0;
    %load/vec4 v0x56279b569f60_0;
    %pad/u 32;
    %pushi/vec4 12, 0, 32;
    %cmp/e;
    %flag_get/vec4 4;
    %load/vec4 v0x56279b56a200_0;
    %pushi/vec4 0, 0, 32;
    %cmp/e;
    %flag_get/vec4 4;
    %and;
    %flag_set/vec4 8;
    %jmp/0xz  T_2.2, 8;
    %load/vec4 v0x56279b569760_0;
    %parti/s 10, 0, 2;
    %pad/u 9;
    %assign/vec4 v0x56279b56a120_0, 0;
    %jmp T_2.3;
T_2.2 ;
    %load/vec4 v0x56279b569f60_0;
    %pad/u 32;
    %pushi/vec4 14, 0, 32;
    %cmp/e;
    %flag_get/vec4 4;
    %load/vec4 v0x56279b56a200_0;
    %pushi/vec4 0, 0, 32;
    %cmp/ne;
    %flag_get/vec4 4;
    %and;
    %flag_set/vec4 8;
    %jmp/0xz  T_2.4, 8;
    %load/vec4 v0x56279b569760_0;
    %parti/s 10, 0, 2;
    %pad/u 9;
    %assign/vec4 v0x56279b56a120_0, 0;
    %jmp T_2.5;
T_2.4 ;
    %load/vec4 v0x56279b569f60_0;
    %pad/u 32;
    %pushi/vec4 13, 0, 32;
    %cmp/e;
    %flag_get/vec4 4;
    %load/vec4 v0x56279b56a200_0;
    %pushi/vec4 0, 0, 32;
    %cmp/e;
    %flag_get/vec4 4;
    %and;
    %flag_set/vec4 8;
    %jmp/0xz  T_2.6, 8;
    %load/vec4 v0x56279b56aaf0_0;
    %parti/s 10, 0, 2;
    %pad/u 9;
    %assign/vec4 v0x56279b56a120_0, 0;
    %jmp T_2.7;
T_2.6 ;
    %load/vec4 v0x56279b569f60_0;
    %pad/u 32;
    %pushi/vec4 15, 0, 32;
    %cmp/e;
    %flag_get/vec4 4;
    %load/vec4 v0x56279b56a200_0;
    %pushi/vec4 0, 0, 32;
    %cmp/ne;
    %flag_get/vec4 4;
    %and;
    %flag_set/vec4 8;
    %jmp/0xz  T_2.8, 8;
    %load/vec4 v0x56279b56aaf0_0;
    %parti/s 10, 0, 2;
    %pad/u 9;
    %assign/vec4 v0x56279b56a120_0, 0;
T_2.8 ;
T_2.7 ;
T_2.5 ;
T_2.3 ;
T_2.1 ;
    %jmp T_2;
    .thread T_2;
    .scope S_0x56279b545200;
T_3 ;
    %wait E_0x56279b50ef10;
    %load/vec4 v0x56279b56acb0_0;
    %flag_set/vec4 8;
    %jmp/0xz  T_3.0, 8;
    %pushi/vec4 0, 0, 32;
    %assign/vec4 v0x56279b56a200_0, 0;
    %jmp T_3.1;
T_3.0 ;
    %load/vec4 v0x56279b569b40_0;
    %flag_set/vec4 8;
    %jmp/0xz  T_3.2, 8;
    %load/vec4 v0x56279b56a040_0;
    %assign/vec4 v0x56279b56a200_0, 0;
    %jmp T_3.3;
T_3.2 ;
    %load/vec4 v0x56279b569120_0;
    %flag_set/vec4 8;
    %jmp/0xz  T_3.4, 8;
    %load/vec4 v0x56279b5692a0_0;
    %assign/vec4 v0x56279b56a200_0, 0;
    %jmp T_3.5;
T_3.4 ;
    %load/vec4 v0x56279b569460_0;
    %flag_set/vec4 8;
    %jmp/0xz  T_3.6, 8;
    %load/vec4 v0x56279b56a200_0;
    %subi 1, 0, 32;
    %assign/vec4 v0x56279b56a200_0, 0;
T_3.6 ;
T_3.5 ;
T_3.3 ;
T_3.1 ;
    %jmp T_3;
    .thread T_3;
    .scope S_0x56279b545200;
T_4 ;
    %wait E_0x56279b50ef10;
    %load/vec4 v0x56279b56acb0_0;
    %flag_set/vec4 8;
    %jmp/0xz  T_4.0, 8;
    %pushi/vec4 0, 0, 32;
    %assign/vec4 v0x56279b56aaf0_0, 0;
    %jmp T_4.1;
T_4.0 ;
    %load/vec4 v0x56279b569c00_0;
    %pad/u 32;
    %pushi/vec4 528, 0, 32;
    %cmp/e;
    %flag_get/vec4 4;
    %load/vec4 v0x56279b569ec0_0;
    %and;
    %flag_set/vec4 8;
    %jmp/0xz  T_4.2, 8;
    %load/vec4 v0x56279b56a200_0;
    %assign/vec4 v0x56279b56aaf0_0, 0;
T_4.2 ;
T_4.1 ;
    %jmp T_4;
    .thread T_4;
    .scope S_0x56279b545200;
T_5 ;
    %wait E_0x56279b50ef10;
    %load/vec4 v0x56279b56acb0_0;
    %flag_set/vec4 8;
    %jmp/0xz  T_5.0, 8;
    %pushi/vec4 0, 0, 3;
    %assign/vec4 v0x56279b56abd0_0, 0;
    %jmp T_5.1;
T_5.0 ;
    %load/vec4 v0x56279b569120_0;
    %flag_set/vec4 8;
    %jmp/0xz  T_5.2, 8;
    %load/vec4 v0x56279b569060_0;
    %load/vec4 v0x56279b5691e0_0;
    %concat/vec4; draw_concat_vec4
    %load/vec4 v0x56279b568d60_0;
    %concat/vec4; draw_concat_vec4
    %assign/vec4 v0x56279b56abd0_0, 0;
T_5.2 ;
T_5.1 ;
    %jmp T_5;
    .thread T_5;
    .scope S_0x56279b545200;
T_6 ;
    %wait E_0x56279b563050;
    %load/vec4 v0x56279b569f60_0;
    %pad/u 32;
    %cmpi/e 2, 0, 32;
    %jmp/0xz  T_6.0, 4;
    %pushi/vec4 0, 0, 1;
    %load/vec4 v0x56279b56a200_0;
    %parti/s 31, 0, 2;
    %concat/vec4; draw_concat_vec4
    %pushi/vec4 0, 0, 1;
    %load/vec4 v0x56279b56a040_0;
    %parti/s 31, 0, 2;
    %concat/vec4; draw_concat_vec4
    %sub;
    %store/vec4 v0x56279b5695e0_0, 0, 32;
    %jmp T_6.1;
T_6.0 ;
    %pushi/vec4 0, 0, 1;
    %load/vec4 v0x56279b56a200_0;
    %parti/s 31, 0, 2;
    %concat/vec4; draw_concat_vec4
    %pushi/vec4 0, 0, 1;
    %load/vec4 v0x56279b56a040_0;
    %parti/s 31, 0, 2;
    %concat/vec4; draw_concat_vec4
    %add;
    %store/vec4 v0x56279b5695e0_0, 0, 32;
T_6.1 ;
    %jmp T_6;
    .thread T_6, $push;
    .scope S_0x56279b545200;
T_7 ;
    %wait E_0x56279b54b300;
    %load/vec4 v0x56279b569f60_0;
    %pad/u 32;
    %cmpi/e 2, 0, 32;
    %jmp/0xz  T_7.0, 4;
    %load/vec4 v0x56279b56a200_0;
    %parti/s 1, 31, 6;
    %load/vec4 v0x56279b56a040_0;
    %parti/s 1, 31, 6;
    %inv;
    %and;
    %load/vec4 v0x56279b56a200_0;
    %parti/s 1, 31, 6;
    %load/vec4 v0x56279b56a040_0;
    %parti/s 1, 31, 6;
    %inv;
    %xor;
    %add;
    %load/vec4 v0x56279b5695e0_0;
    %parti/s 1, 31, 6;
    %and;
    %store/vec4 v0x56279b569520_0, 0, 1;
    %jmp T_7.1;
T_7.0 ;
    %load/vec4 v0x56279b56a200_0;
    %parti/s 1, 31, 6;
    %load/vec4 v0x56279b56a040_0;
    %parti/s 1, 31, 6;
    %and;
    %load/vec4 v0x56279b56a200_0;
    %parti/s 1, 31, 6;
    %load/vec4 v0x56279b56a040_0;
    %parti/s 1, 31, 6;
    %xor;
    %add;
    %load/vec4 v0x56279b5695e0_0;
    %parti/s 1, 31, 6;
    %and;
    %store/vec4 v0x56279b569520_0, 0, 1;
T_7.1 ;
    %jmp T_7;
    .thread T_7, $push;
    .scope S_0x56279b545200;
T_8 ;
    %wait E_0x56279b54a410;
    %load/vec4 v0x56279b569f60_0;
    %pad/u 32;
    %cmpi/e 2, 0, 32;
    %jmp/0xz  T_8.0, 4;
    %load/vec4 v0x56279b5695e0_0;
    %load/vec4 v0x56279b56a200_0;
    %parti/s 1, 31, 6;
    %concati/vec4 0, 0, 31;
    %add;
    %load/vec4 v0x56279b56a040_0;
    %parti/s 1, 31, 6;
    %concati/vec4 0, 0, 31;
    %sub;
    %store/vec4 v0x56279b568bc0_0, 0, 32;
    %jmp T_8.1;
T_8.0 ;
    %load/vec4 v0x56279b5695e0_0;
    %load/vec4 v0x56279b56a200_0;
    %parti/s 1, 31, 6;
    %concati/vec4 0, 0, 31;
    %add;
    %load/vec4 v0x56279b56a040_0;
    %parti/s 1, 31, 6;
    %concati/vec4 0, 0, 31;
    %add;
    %store/vec4 v0x56279b568bc0_0, 0, 32;
T_8.1 ;
    %jmp T_8;
    .thread T_8, $push;
    .scope S_0x56279b545200;
T_9 ;
    %wait E_0x56279b54a490;
    %pushi/vec4 0, 0, 32;
    %store/vec4 v0x56279b5692a0_0, 0, 32;
    %pushi/vec4 0, 0, 1;
    %store/vec4 v0x56279b568d60_0, 0, 1;
    %pushi/vec4 0, 0, 1;
    %store/vec4 v0x56279b569060_0, 0, 1;
    %pushi/vec4 0, 0, 1;
    %store/vec4 v0x56279b5691e0_0, 0, 1;
    %load/vec4 v0x56279b568ca0_0;
    %flag_set/vec4 8;
    %jmp/0xz  T_9.0, 8;
    %load/vec4 v0x56279b568bc0_0;
    %store/vec4 v0x56279b5692a0_0, 0, 32;
    %load/vec4 v0x56279b569520_0;
    %store/vec4 v0x56279b568d60_0, 0, 1;
    %load/vec4 v0x56279b569520_0;
    %load/vec4 v0x56279b5695e0_0;
    %parti/s 1, 31, 6;
    %xor;
    %store/vec4 v0x56279b5691e0_0, 0, 1;
    %load/vec4 v0x56279b568bc0_0;
    %parti/s 1, 31, 6;
    %store/vec4 v0x56279b569060_0, 0, 1;
    %jmp T_9.1;
T_9.0 ;
    %load/vec4 v0x56279b569f60_0;
    %pad/u 32;
    %cmpi/e 3, 0, 32;
    %jmp/0xz  T_9.2, 4;
    %load/vec4 v0x56279b56a040_0;
    %parti/s 1, 31, 6;
    %flag_set/vec4 8;
    %jmp/0xz  T_9.4, 8;
    %load/vec4 v0x56279b56a200_0;
    %ix/load 4, 1, 0;
    %flag_set/imm 4, 0;
    %shiftl 4;
    %store/vec4 v0x56279b5692a0_0, 0, 32;
    %load/vec4 v0x56279b56a200_0;
    %parti/s 1, 31, 6;
    %store/vec4 v0x56279b568d60_0, 0, 1;
    %load/vec4 v0x56279b56a200_0;
    %parti/s 1, 31, 6;
    %load/vec4 v0x56279b56a200_0;
    %parti/s 1, 30, 6;
    %xor;
    %store/vec4 v0x56279b5691e0_0, 0, 1;
    %load/vec4 v0x56279b56a200_0;
    %parti/s 1, 30, 6;
    %store/vec4 v0x56279b569060_0, 0, 1;
    %jmp T_9.5;
T_9.4 ;
    %load/vec4 v0x56279b56a200_0;
    %parti/s 1, 31, 6;
    %load/vec4 v0x56279b56a200_0;
    %parti/s 31, 1, 2;
    %concat/vec4; draw_concat_vec4
    %store/vec4 v0x56279b5692a0_0, 0, 32;
    %pushi/vec4 0, 0, 1;
    %store/vec4 v0x56279b568d60_0, 0, 1;
    %pushi/vec4 0, 0, 1;
    %store/vec4 v0x56279b5691e0_0, 0, 1;
    %load/vec4 v0x56279b56a200_0;
    %parti/s 1, 31, 6;
    %store/vec4 v0x56279b569060_0, 0, 1;
T_9.5 ;
    %jmp T_9.3;
T_9.2 ;
    %load/vec4 v0x56279b569f60_0;
    %pad/u 32;
    %cmpi/e 4, 0, 32;
    %jmp/0xz  T_9.6, 4;
    %load/vec4 v0x56279b569380_0;
    %store/vec4 v0x56279b5692a0_0, 0, 32;
    %pushi/vec4 0, 0, 1;
    %store/vec4 v0x56279b568d60_0, 0, 1;
    %load/vec4 v0x56279b569380_0;
    %parti/s 1, 31, 6;
    %store/vec4 v0x56279b569060_0, 0, 1;
    %pushi/vec4 0, 0, 1;
    %store/vec4 v0x56279b5691e0_0, 0, 1;
    %jmp T_9.7;
T_9.6 ;
    %load/vec4 v0x56279b569f60_0;
    %pad/u 32;
    %cmpi/e 5, 0, 32;
    %jmp/0xz  T_9.8, 4;
    %load/vec4 v0x56279b56adf0_0;
    %store/vec4 v0x56279b5692a0_0, 0, 32;
    %pushi/vec4 0, 0, 1;
    %store/vec4 v0x56279b568d60_0, 0, 1;
    %load/vec4 v0x56279b56adf0_0;
    %parti/s 1, 31, 6;
    %store/vec4 v0x56279b569060_0, 0, 1;
    %pushi/vec4 0, 0, 1;
    %store/vec4 v0x56279b5691e0_0, 0, 1;
T_9.8 ;
T_9.7 ;
T_9.3 ;
T_9.1 ;
    %jmp T_9;
    .thread T_9, $push;
    .scope S_0x56279b546700;
T_10 ;
    %vpi_call/w 10 63 "$readmemh", "program.hex", v0x56279b56c4a0, 32'sb00000000000000000000000000000000, 32'sb00000000000000000000000111111111 {0 0 0};
    %end;
    .thread T_10;
    .scope S_0x56279b546700;
T_11 ;
    %wait E_0x56279b56b060;
    %load/vec4 v0x56279b56c310_0;
    %flag_set/vec4 8;
    %jmp/0xz  T_11.0, 8;
    %load/vec4 v0x56279b56c540_0;
    %pad/u 11;
    %ix/vec4 4;
    %load/vec4a v0x56279b56c4a0, 4;
    %assign/vec4 v0x56279b56c3b0_0, 0;
T_11.0 ;
    %jmp T_11;
    .thread T_11;
    .scope S_0x56279b546700;
T_12 ;
    %wait E_0x56279b56b060;
    %load/vec4 v0x56279b56bd10_0;
    %flag_set/vec4 8;
    %jmp/0xz  T_12.0, 8;
    %load/vec4 v0x56279b56c270_0;
    %flag_set/vec4 8;
    %jmp/0xz  T_12.2, 8;
    %load/vec4 v0x56279b56be90_0;
    %load/vec4 v0x56279b56bc50_0;
    %pad/u 11;
    %ix/vec4 3;
    %ix/load 4, 0, 0; Constant delay
    %assign/vec4/a/d v0x56279b56c4a0, 0, 4;
T_12.2 ;
    %load/vec4 v0x56279b56bc50_0;
    %pad/u 11;
    %ix/vec4 4;
    %load/vec4a v0x56279b56c4a0, 4;
    %assign/vec4 v0x56279b56c010_0, 0;
T_12.0 ;
    %jmp T_12;
    .thread T_12;
    .scope S_0x56279b56c710;
T_13 ;
    %wait E_0x56279b56b060;
    %load/vec4 v0x56279b56d370_0;
    %load/vec4 v0x56279b56d410_0;
    %and;
    %flag_set/vec4 8;
    %jmp/0xz  T_13.0, 8;
    %load/vec4 v0x56279b56cf00_0;
    %load/vec4 v0x56279b56cd30_0;
    %pad/u 6;
    %ix/vec4 3;
    %ix/load 4, 0, 0; Constant delay
    %assign/vec4/a/d v0x56279b56d0d0, 0, 4;
T_13.0 ;
    %jmp T_13;
    .thread T_13;
    .scope S_0x56279b544400;
T_14 ;
    %wait E_0x56279b4d4f60;
    %pushi/vec4 0, 0, 1;
    %store/vec4 v0x56279b52ecb0_0, 0, 1;
    %pushi/vec4 0, 0, 1;
    %store/vec4 v0x56279b52f230_0, 0, 1;
    %pushi/vec4 0, 0, 1;
    %store/vec4 v0x56279b52fd10_0, 0, 1;
    %pushi/vec4 0, 0, 1;
    %store/vec4 v0x56279b562570_0, 0, 1;
    %pushi/vec4 0, 0, 1;
    %store/vec4 v0x56279b52ed50_0, 0, 1;
    %pushi/vec4 0, 0, 1;
    %store/vec4 v0x56279b5626f0_0, 0, 1;
    %load/vec4 v0x56279b52e4b0_0;
    %pad/u 32;
    %pushi/vec4 512, 0, 32;
    %and;
    %cmpi/e 0, 0, 32;
    %jmp/0xz  T_14.0, 4;
    %load/vec4 v0x56279b562630_0;
    %store/vec4 v0x56279b52fd10_0, 0, 1;
    %jmp T_14.1;
T_14.0 ;
    %load/vec4 v0x56279b52e4b0_0;
    %pad/u 32;
    %pushi/vec4 1008, 0, 32;
    %and;
    %cmpi/e 512, 0, 32;
    %jmp/0xz  T_14.2, 4;
    %load/vec4 v0x56279b562630_0;
    %store/vec4 v0x56279b562570_0, 0, 1;
    %jmp T_14.3;
T_14.2 ;
    %load/vec4 v0x56279b52e4b0_0;
    %pad/u 32;
    %pushi/vec4 1023, 0, 32;
    %and;
    %cmpi/e 600, 0, 32;
    %jmp/0xz  T_14.4, 4;
    %load/vec4 v0x56279b562630_0;
    %store/vec4 v0x56279b52ed50_0, 0, 1;
    %jmp T_14.5;
T_14.4 ;
    %load/vec4 v0x56279b52e4b0_0;
    %pad/u 32;
    %pushi/vec4 1023, 0, 32;
    %and;
    %cmpi/e 700, 0, 32;
    %jmp/0xz  T_14.6, 4;
    %load/vec4 v0x56279b562630_0;
    %store/vec4 v0x56279b52f230_0, 0, 1;
    %jmp T_14.7;
T_14.6 ;
    %load/vec4 v0x56279b52e4b0_0;
    %pad/u 32;
    %pushi/vec4 1023, 0, 32;
    %and;
    %cmpi/e 750, 0, 32;
    %jmp/0xz  T_14.8, 4;
    %load/vec4 v0x56279b562630_0;
    %store/vec4 v0x56279b52ecb0_0, 0, 1;
    %jmp T_14.9;
T_14.8 ;
    %load/vec4 v0x56279b562630_0;
    %store/vec4 v0x56279b5626f0_0, 0, 1;
T_14.9 ;
T_14.7 ;
T_14.5 ;
T_14.3 ;
T_14.1 ;
    %jmp T_14;
    .thread T_14, $push;
    .scope S_0x56279b544400;
T_15 ;
    %wait E_0x56279b4d38f0;
    %pushi/vec4 0, 0, 32;
    %store/vec4 v0x56279b52f190_0, 0, 32;
    %load/vec4 v0x56279b52fd10_0;
    %flag_set/vec4 8;
    %jmp/0xz  T_15.0, 8;
    %load/vec4 v0x56279b52fc70_0;
    %store/vec4 v0x56279b52f190_0, 0, 32;
    %jmp T_15.1;
T_15.0 ;
    %load/vec4 v0x56279b562570_0;
    %flag_set/vec4 8;
    %jmp/0xz  T_15.2, 8;
    %load/vec4 v0x56279b562490_0;
    %store/vec4 v0x56279b52f190_0, 0, 32;
T_15.2 ;
T_15.1 ;
    %jmp T_15;
    .thread T_15, $push;
    .scope S_0x56279b544b00;
T_16 ;
    %wait E_0x56279b50ef10;
    %load/vec4 v0x56279b562a90_0;
    %load/vec4 v0x56279b562bf0_0;
    %and;
    %flag_set/vec4 8;
    %jmp/0xz  T_16.0, 8;
    %pushi/vec4 1, 0, 1;
    %assign/vec4 v0x56279b5629b0_0, 0;
T_16.0 ;
    %jmp T_16;
    .thread T_16;
    .scope S_0x56279b546000;
T_17 ;
    %wait E_0x56279b50ef10;
    %load/vec4 v0x56279b56b7a0_0;
    %flag_set/vec4 8;
    %jmp/0xz  T_17.0, 8;
    %pushi/vec4 0, 0, 1;
    %assign/vec4 v0x56279b56b600_0, 0;
    %jmp T_17.1;
T_17.0 ;
    %load/vec4 v0x56279b56b6d0_0;
    %load/vec4 v0x56279b56b490_0;
    %and;
    %flag_set/vec4 8;
    %jmp/0xz  T_17.2, 8;
    %pushi/vec4 1, 0, 1;
    %assign/vec4 v0x56279b56b600_0, 0;
T_17.2 ;
T_17.1 ;
    %jmp T_17;
    .thread T_17;
    .scope S_0x56279b545900;
T_18 ;
    %wait E_0x56279b56b060;
    %load/vec4 v0x56279b56b2d0_0;
    %flag_set/vec4 8;
    %jmp/0xz  T_18.0, 8;
    %vpi_call/w 8 12 "$write", "%c", v0x56279b56b1f0_0 {0 0 0};
T_18.0 ;
    %jmp T_18;
    .thread T_18;
    .scope S_0x56279b546e00;
T_19 ;
    %vpi_call/w 3 53 "$dumpfile", "xtop.vcd" {0 0 0};
    %vpi_call/w 3 54 "$dumpvars", 32'sb00000000000000000000000000000000, S_0x56279b546e00 {0 0 0};
    %pushi/vec4 1, 0, 1;
    %store/vec4 v0x56279b56e6d0_0, 0, 1;
    %pushi/vec4 0, 0, 1;
    %store/vec4 v0x56279b56fa50_0, 0, 1;
    %pushi/vec4 1, 0, 1;
    %store/vec4 v0x56279b56ea00_0, 0, 1;
    %delay 11000, 0;
    %pushi/vec4 1, 0, 1;
    %store/vec4 v0x56279b56fa50_0, 0, 1;
    %delay 10000, 0;
    %pushi/vec4 0, 0, 1;
    %store/vec4 v0x56279b56fa50_0, 0, 1;
    %vpi_func 3 71 "$time" 64 {0 0 0};
    %pad/u 32;
    %store/vec4 v0x56279b56faf0_0, 0, 32;
    %pushi/vec4 0, 0, 32;
    %store/vec4 v0x56279b56e850_0, 0, 32;
T_19.0 ;
    %load/vec4 v0x56279b56e850_0;
    %cmpi/s 16, 0, 32;
    %jmp/0xz T_19.1, 5;
    %ix/getv/s 4, v0x56279b56e850_0;
    %load/vec4a v0x56279b56d0d0, 4;
    %ix/getv/s 4, v0x56279b56e850_0;
    %store/vec4a v0x56279b56e790, 4, 0;
    %load/vec4 v0x56279b56e850_0;
    %addi 1, 0, 32;
    %store/vec4 v0x56279b56e850_0, 0, 32;
    %jmp T_19.0;
T_19.1 ;
    %vpi_call/w 3 80 "$writememh", "data_out.hex", v0x56279b56e790, 32'sb00000000000000000000000000000000, 32'sb00000000000000000000000000001111 {0 0 0};
    %end;
    .thread T_19;
    .scope S_0x56279b546e00;
T_20 ;
    %wait E_0x56279b56b060;
    %load/vec4 v0x56279b56fbd0_0;
    %flag_set/vec4 8;
    %jmp/0xz  T_20.0, 8;
    %vpi_func 3 90 "$time" 64 {0 0 0};
    %load/vec4 v0x56279b56faf0_0;
    %pad/u 64;
    %sub;
    %pushi/vec4 10, 0, 64;
    %div;
    %vpi_call/w 3 90 "$display", "Catched Trap at time  %0d clock cycles:", S<0,vec4,u64> {1 0 0};
    %load/vec4 v0x56279b56dcb0_0;
    %flag_set/vec4 8;
    %jmp/0 T_20.2, 8;
    %pushi/vec4 1467115892, 0, 32; draw_string_vec4
    %pushi/vec4 101, 0, 8; draw_string_vec4
    %concat/vec4; draw_string_vec4
    %jmp/1 T_20.3, 8;
T_20.2 ; End of true expr.
    %pushi/vec4 5399905, 0, 32; draw_string_vec4
    %pushi/vec4 100, 0, 8; draw_string_vec4
    %concat/vec4; draw_string_vec4
    %jmp/0 T_20.3, 8;
 ; End of false expr.
    %blend;
T_20.3;
    %vpi_call/w 3 91 "$display", "%s address %d, PC 0x%x", S<0,vec4,u40>, v0x56279b56d8f0_0, v0x56279b56e180_0 {1 0 0};
    %vpi_call/w 3 92 "$finish" {0 0 0};
T_20.0 ;
    %jmp T_20;
    .thread T_20;
    .scope S_0x56279b546e00;
T_21 ;
    %delay 5000, 0;
    %load/vec4 v0x56279b56e6d0_0;
    %inv;
    %store/vec4 v0x56279b56e6d0_0, 0, 1;
    %jmp T_21;
    .thread T_21;
# The file index is used to find the file name in the following table.
:file_names 12;
    "N/A";
    "<interactive>";
    "-";
    "rtl/testbench/xtop_tb.v";
    "rtl/src/xtop.v";
    "rtl/src/xaddr_decoder.v";
    "rtl/src/xbutton.v";
    "rtl/src/xctrl.v";
    "rtl/src/xcprint.v";
    "rtl/src/xled.v";
    "rtl/src/xram.v";
    "rtl/src/xregf.v";
