#! /usr/local/bin/vvp
:ivl_version "11.0 (devel)" "(s20150603-659-g791c056b)";
:ivl_delay_selection "TYPICAL";
:vpi_time_precision - 12;
:vpi_module "system";
:vpi_module "vhdl_sys";
:vpi_module "vhdl_textio";
:vpi_module "v2005_math";
:vpi_module "va_math";
:vpi_module "v2009";
S_0x5608687b2bf0 .scope package, "$unit" "$unit" 2 1;
 .timescale 0 0;
S_0x5608687afb30 .scope module, "xtop_tb" "xtop_tb" 3 5;
 .timescale -9 -12;
P_0x560868705b90 .param/l "clk_period" 0 3 8, +C4<00000000000000000000000000001010>;
v0x5608687d5c10_0 .array/port v0x5608687d5c10, 0;
L_0x5608687ef290 .functor BUFZ 32, v0x5608687d5c10_0, C4<00000000000000000000000000000000>, C4<00000000000000000000000000000000>, C4<00000000000000000000000000000000>;
v0x5608687d5c10_1 .array/port v0x5608687d5c10, 1;
L_0x5608687ef330 .functor BUFZ 32, v0x5608687d5c10_1, C4<00000000000000000000000000000000>, C4<00000000000000000000000000000000>, C4<00000000000000000000000000000000>;
v0x5608687d5c10_2 .array/port v0x5608687d5c10, 2;
L_0x5608687ef400 .functor BUFZ 32, v0x5608687d5c10_2, C4<00000000000000000000000000000000>, C4<00000000000000000000000000000000>, C4<00000000000000000000000000000000>;
v0x5608687d5c10_3 .array/port v0x5608687d5c10, 3;
L_0x5608687ef4d0 .functor BUFZ 32, v0x5608687d5c10_3, C4<00000000000000000000000000000000>, C4<00000000000000000000000000000000>, C4<00000000000000000000000000000000>;
v0x5608687d5c10_4 .array/port v0x5608687d5c10, 4;
L_0x5608687ef5d0 .functor BUFZ 32, v0x5608687d5c10_4, C4<00000000000000000000000000000000>, C4<00000000000000000000000000000000>, C4<00000000000000000000000000000000>;
v0x5608687d5c10_5 .array/port v0x5608687d5c10, 5;
L_0x5608687ef6a0 .functor BUFZ 32, v0x5608687d5c10_5, C4<00000000000000000000000000000000>, C4<00000000000000000000000000000000>, C4<00000000000000000000000000000000>;
v0x5608687d5c10_6 .array/port v0x5608687d5c10, 6;
L_0x5608687ef7b0 .functor BUFZ 32, v0x5608687d5c10_6, C4<00000000000000000000000000000000>, C4<00000000000000000000000000000000>, C4<00000000000000000000000000000000>;
v0x5608687d5c10_7 .array/port v0x5608687d5c10, 7;
L_0x5608687ef850 .functor BUFZ 32, v0x5608687d5c10_7, C4<00000000000000000000000000000000>, C4<00000000000000000000000000000000>, C4<00000000000000000000000000000000>;
v0x5608687d5c10_8 .array/port v0x5608687d5c10, 8;
L_0x5608687ef970 .functor BUFZ 32, v0x5608687d5c10_8, C4<00000000000000000000000000000000>, C4<00000000000000000000000000000000>, C4<00000000000000000000000000000000>;
v0x5608687d5c10_9 .array/port v0x5608687d5c10, 9;
L_0x5608687efa40 .functor BUFZ 32, v0x5608687d5c10_9, C4<00000000000000000000000000000000>, C4<00000000000000000000000000000000>, C4<00000000000000000000000000000000>;
v0x5608687d5c10_10 .array/port v0x5608687d5c10, 10;
L_0x5608687efb70 .functor BUFZ 32, v0x5608687d5c10_10, C4<00000000000000000000000000000000>, C4<00000000000000000000000000000000>, C4<00000000000000000000000000000000>;
v0x5608687d5c10_11 .array/port v0x5608687d5c10, 11;
L_0x5608687efc40 .functor BUFZ 32, v0x5608687d5c10_11, C4<00000000000000000000000000000000>, C4<00000000000000000000000000000000>, C4<00000000000000000000000000000000>;
v0x5608687d5c10_12 .array/port v0x5608687d5c10, 12;
L_0x5608687efd80 .functor BUFZ 32, v0x5608687d5c10_12, C4<00000000000000000000000000000000>, C4<00000000000000000000000000000000>, C4<00000000000000000000000000000000>;
v0x5608687d5c10_13 .array/port v0x5608687d5c10, 13;
L_0x5608687efe50 .functor BUFZ 32, v0x5608687d5c10_13, C4<00000000000000000000000000000000>, C4<00000000000000000000000000000000>, C4<00000000000000000000000000000000>;
v0x5608687d5c10_14 .array/port v0x5608687d5c10, 14;
L_0x5608687efd10 .functor BUFZ 32, v0x5608687d5c10_14, C4<00000000000000000000000000000000>, C4<00000000000000000000000000000000>, C4<00000000000000000000000000000000>;
v0x5608687d5c10_15 .array/port v0x5608687d5c10, 15;
L_0x5608687f0000 .functor BUFZ 32, v0x5608687d5c10_15, C4<00000000000000000000000000000000>, C4<00000000000000000000000000000000>, C4<00000000000000000000000000000000>;
v0x5608687d7010_0 .var "clk", 0 0;
v0x5608687d70d0 .array "data", 0 15, 31 0;
v0x5608687d7190_0 .var/i "k", 31 0;
v0x5608687d7250_0 .net "led", 0 0, v0x5608687d42d0_0;  1 drivers
v0x5608687d7340_0 .net "r0", 31 0, L_0x5608687ef290;  1 drivers
v0x5608687d7470_0 .net "r1", 31 0, L_0x5608687ef330;  1 drivers
v0x5608687d7550_0 .net "r10", 31 0, L_0x5608687efb70;  1 drivers
v0x5608687d7630_0 .net "r11", 31 0, L_0x5608687efc40;  1 drivers
v0x5608687d7710_0 .net "r12", 31 0, L_0x5608687efd80;  1 drivers
v0x5608687d77f0_0 .net "r13", 31 0, L_0x5608687efe50;  1 drivers
v0x5608687d78d0_0 .net "r14", 31 0, L_0x5608687efd10;  1 drivers
v0x5608687d79b0_0 .net "r15", 31 0, L_0x5608687f0000;  1 drivers
v0x5608687d7a90_0 .net "r2", 31 0, L_0x5608687ef400;  1 drivers
v0x5608687d7b70_0 .net "r3", 31 0, L_0x5608687ef4d0;  1 drivers
v0x5608687d7c50_0 .net "r4", 31 0, L_0x5608687ef5d0;  1 drivers
v0x5608687d7d30_0 .net "r5", 31 0, L_0x5608687ef6a0;  1 drivers
v0x5608687d7e10_0 .net "r6", 31 0, L_0x5608687ef7b0;  1 drivers
v0x5608687d7ef0_0 .net "r7", 31 0, L_0x5608687ef850;  1 drivers
v0x5608687d7fd0_0 .net "r8", 31 0, L_0x5608687ef970;  1 drivers
v0x5608687d80b0_0 .net "r9", 31 0, L_0x5608687efa40;  1 drivers
v0x5608687d8190_0 .var "rst", 0 0;
v0x5608687d8230_0 .var/i "start_time", 31 0;
v0x5608687d8310_0 .net "trap", 0 0, v0x5608687cb860_0;  1 drivers
S_0x5608687aca30 .scope module, "uut" "xtop" 3 33, 4 5 0, S_0x5608687afb30;
 .timescale -9 -12;
    .port_info 0 /INPUT 1 "clk";
    .port_info 1 /INPUT 1 "rst";
    .port_info 2 /OUTPUT 1 "trap";
    .port_info 3 /OUTPUT 1 "led";
L_0x5608687ef100 .functor AND 1, v0x560868797c60_0, L_0x5608687ee4c0, C4<1>, C4<1>;
v0x5608687d60d0_0 .net "clk", 0 0, v0x5608687d7010_0;  1 drivers
v0x5608687d6190_0 .net "cprt_sel", 0 0, v0x560868797c60_0;  1 drivers
v0x5608687d6250_0 .net "data_addr", 9 0, v0x5608687d28b0_0;  1 drivers
v0x5608687d6370_0 .net "data_sel", 0 0, L_0x5608687ee300;  1 drivers
v0x5608687d6460_0 .net "data_to_rd", 31 0, v0x560868797d00_0;  1 drivers
v0x5608687d65a0_0 .net "data_to_wr", 31 0, L_0x5608687ee530;  1 drivers
v0x5608687d6640_0 .net "data_we", 0 0, L_0x5608687ee4c0;  1 drivers
v0x5608687d66e0_0 .net "instruction", 31 0, v0x5608687d50d0_0;  1 drivers
v0x5608687d67f0_0 .net "led", 0 0, v0x5608687d42d0_0;  alias, 1 drivers
v0x5608687d6890_0 .net "led_sel", 0 0, v0x560868798500_0;  1 drivers
v0x5608687d6930_0 .net "mem_data_to_rd", 31 0, L_0x5608687eeb50;  1 drivers
v0x5608687d6a20_0 .net "mem_sel", 0 0, v0x560868798a60_0;  1 drivers
v0x5608687d6b10_0 .net "pc", 8 0, v0x5608687d2dd0_0;  1 drivers
v0x5608687d6c20_0 .net "regf_data_to_rd", 31 0, L_0x5608687eee30;  1 drivers
v0x5608687d6d30_0 .net "regf_sel", 0 0, v0x5608687cb6e0_0;  1 drivers
v0x5608687d6e20_0 .net "rst", 0 0, v0x5608687d8190_0;  1 drivers
v0x5608687d6f10_0 .net "trap", 0 0, v0x5608687cb860_0;  alias, 1 drivers
L_0x5608687eda10 .part v0x5608687d28b0_0, 0, 9;
L_0x5608687eef70 .part v0x5608687d28b0_0, 0, 4;
L_0x5608687ef060 .part L_0x5608687ee530, 0, 1;
L_0x5608687ef1c0 .part L_0x5608687ee530, 0, 8;
S_0x5608687ad130 .scope module, "addr_decoder" "xaddr_decoder" 4 111, 5 4 0, S_0x5608687aca30;
 .timescale -9 -12;
    .port_info 0 /INPUT 10 "addr";
    .port_info 1 /INPUT 1 "sel";
    .port_info 2 /OUTPUT 1 "led_sel";
    .port_info 3 /OUTPUT 1 "mem_sel";
    .port_info 4 /INPUT 32 "mem_data_to_rd";
    .port_info 5 /OUTPUT 1 "regf_sel";
    .port_info 6 /INPUT 32 "regf_data_to_rd";
    .port_info 7 /OUTPUT 1 "cprt_sel";
    .port_info 8 /OUTPUT 1 "trap_sel";
    .port_info 9 /OUTPUT 32 "data_to_rd";
v0x5608687a88f0_0 .net "addr", 9 0, v0x5608687d28b0_0;  alias, 1 drivers
v0x560868797c60_0 .var "cprt_sel", 0 0;
v0x560868797d00_0 .var "data_to_rd", 31 0;
v0x560868798500_0 .var "led_sel", 0 0;
v0x5608687985a0_0 .net "mem_data_to_rd", 31 0, L_0x5608687eeb50;  alias, 1 drivers
v0x560868798a60_0 .var "mem_sel", 0 0;
v0x560868798b00_0 .net "regf_data_to_rd", 31 0, L_0x5608687eee30;  alias, 1 drivers
v0x5608687cb6e0_0 .var "regf_sel", 0 0;
v0x5608687cb7a0_0 .net "sel", 0 0, L_0x5608687ee300;  alias, 1 drivers
v0x5608687cb860_0 .var "trap_sel", 0 0;
E_0x560868740dd0 .event edge, v0x560868798a60_0, v0x5608687985a0_0, v0x5608687cb6e0_0, v0x560868798b00_0;
E_0x5608687421a0 .event edge, v0x5608687a88f0_0, v0x5608687cb7a0_0;
S_0x5608687ad830 .scope module, "controller" "xctrl" 4 66, 6 7 0, S_0x5608687aca30;
 .timescale -9 -12;
    .port_info 0 /INPUT 1 "clk";
    .port_info 1 /INPUT 1 "rst";
    .port_info 2 /OUTPUT 9 "pc";
    .port_info 3 /INPUT 32 "instruction";
    .port_info 4 /OUTPUT 1 "mem_sel";
    .port_info 5 /OUTPUT 1 "mem_we";
    .port_info 6 /OUTPUT 10 "mem_addr";
    .port_info 7 /INPUT 32 "mem_data_from";
    .port_info 8 /OUTPUT 32 "mem_data_to";
L_0x5608687a3960 .functor OR 1, L_0x5608687e84d0, L_0x5608687e8750, C4<0>, C4<0>;
L_0x5608687a8730 .functor OR 1, L_0x5608687e8a70, L_0x5608687e8c90, C4<0>, C4<0>;
L_0x560868797b40 .functor OR 1, L_0x5608687a3960, L_0x5608687a8730, C4<0>, C4<0>;
L_0x5608687983e0 .functor OR 1, L_0x5608687e9050, L_0x5608687e9240, C4<0>, C4<0>;
L_0x5608687e9380 .functor OR 1, L_0x5608687e9580, L_0x5608687e9940, C4<0>, C4<0>;
L_0x560868797760 .functor OR 1, L_0x5608687e9db0, L_0x5608687ea080, C4<0>, C4<0>;
L_0x560868770ea0 .functor OR 1, L_0x560868797760, L_0x5608687ea3a0, C4<0>, C4<0>;
L_0x5608687eac50 .functor OR 1, L_0x5608687ea730, L_0x5608687eaa30, C4<0>, C4<0>;
L_0x5608687eb0d0 .functor AND 1, L_0x560868770ea0, L_0x5608687eaea0, C4<1>, C4<1>;
L_0x5608687eb1e0 .functor OR 1, L_0x5608687eb0d0, L_0x5608687eac50, C4<0>, C4<0>;
L_0x5608687eb350 .functor OR 1, L_0x5608687e9380, L_0x5608687eac50, C4<0>, C4<0>;
L_0x5608687eb3c0 .functor OR 1, L_0x5608687eb350, L_0x560868770ea0, C4<0>, C4<0>;
L_0x5608687eb4f0 .functor OR 1, L_0x5608687a3960, L_0x5608687e9380, C4<0>, C4<0>;
L_0x5608687ebbd0 .functor OR 1, L_0x5608687eb650, L_0x5608687eb980, C4<0>, C4<0>;
L_0x5608687eb480 .functor OR 1, L_0x5608687ebbd0, L_0x5608687ec060, C4<0>, C4<0>;
L_0x5608687ec1a0 .functor OR 1, L_0x5608687eb480, L_0x5608687ec450, C4<0>, C4<0>;
L_0x5608687ed840 .functor OR 1, L_0x5608687983e0, L_0x5608687a8730, C4<0>, C4<0>;
L_0x5608687ed900 .functor OR 1, L_0x5608687ed840, L_0x5608687eb1e0, C4<0>, C4<0>;
L_0x5608687ede70 .functor AND 1, L_0x5608687ed900, L_0x5608687edd30, C4<1>, C4<1>;
L_0x5608687ee300 .functor AND 1, L_0x5608687ede70, L_0x5608687ee1c0, C4<1>, C4<1>;
L_0x5608687ee4c0 .functor BUFZ 1, L_0x5608687983e0, C4<0>, C4<0>, C4<0>;
L_0x5608687ee530 .functor BUFZ 32, v0x5608687d2eb0_0, C4<00000000000000000000000000000000>, C4<00000000000000000000000000000000>, C4<00000000000000000000000000000000>;
L_0x5608687ee6f0 .functor AND 32, v0x5608687d2eb0_0, v0x5608687d2cf0_0, C4<11111111111111111111111111111111>, C4<11111111111111111111111111111111>;
L_0x5608687ee760 .functor XOR 32, v0x5608687d2eb0_0, v0x5608687d2cf0_0, C4<00000000000000000000000000000000>, C4<00000000000000000000000000000000>;
v0x5608687cbea0_0 .net *"_s0", 31 0, L_0x5608687d83b0;  1 drivers
v0x5608687cbf80_0 .net *"_s102", 31 0, L_0x5608687ea640;  1 drivers
L_0x7f96301f7648 .functor BUFT 1, C4<0000000000000000000000000000>, C4<0>, C4<0>, C4<0>;
v0x5608687cc060_0 .net *"_s105", 27 0, L_0x7f96301f7648;  1 drivers
L_0x7f96301f7690 .functor BUFT 1, C4<00000000000000000000000000000100>, C4<0>, C4<0>, C4<0>;
v0x5608687cc120_0 .net/2u *"_s106", 31 0, L_0x7f96301f7690;  1 drivers
v0x5608687cc200_0 .net *"_s108", 0 0, L_0x5608687ea730;  1 drivers
L_0x7f96301f70a8 .functor BUFT 1, C4<0000000000000000000000000000>, C4<0>, C4<0>, C4<0>;
v0x5608687cc310_0 .net *"_s11", 27 0, L_0x7f96301f70a8;  1 drivers
v0x5608687cc3f0_0 .net *"_s110", 31 0, L_0x5608687ea940;  1 drivers
L_0x7f96301f76d8 .functor BUFT 1, C4<0000000000000000000000000000>, C4<0>, C4<0>, C4<0>;
v0x5608687cc4d0_0 .net *"_s113", 27 0, L_0x7f96301f76d8;  1 drivers
L_0x7f96301f7720 .functor BUFT 1, C4<00000000000000000000000000000101>, C4<0>, C4<0>, C4<0>;
v0x5608687cc5b0_0 .net/2u *"_s114", 31 0, L_0x7f96301f7720;  1 drivers
v0x5608687cc690_0 .net *"_s116", 0 0, L_0x5608687eaa30;  1 drivers
L_0x7f96301f70f0 .functor BUFT 1, C4<00000000000000000000000000000111>, C4<0>, C4<0>, C4<0>;
v0x5608687cc750_0 .net/2u *"_s12", 31 0, L_0x7f96301f70f0;  1 drivers
v0x5608687cc830_0 .net *"_s120", 31 0, L_0x5608687eadb0;  1 drivers
L_0x7f96301f7768 .functor BUFT 1, C4<0000000000000000000000000000>, C4<0>, C4<0>, C4<0>;
v0x5608687cc910_0 .net *"_s123", 27 0, L_0x7f96301f7768;  1 drivers
L_0x7f96301f77b0 .functor BUFT 1, C4<00000000000000000000000000000000>, C4<0>, C4<0>, C4<0>;
v0x5608687cc9f0_0 .net/2u *"_s124", 31 0, L_0x7f96301f77b0;  1 drivers
v0x5608687ccad0_0 .net *"_s126", 0 0, L_0x5608687eaea0;  1 drivers
v0x5608687ccb90_0 .net *"_s128", 0 0, L_0x5608687eb0d0;  1 drivers
v0x5608687ccc50_0 .net *"_s132", 0 0, L_0x5608687eb350;  1 drivers
v0x5608687ccd30_0 .net *"_s138", 31 0, L_0x5608687eb560;  1 drivers
v0x5608687cce10_0 .net *"_s14", 0 0, L_0x5608687e8750;  1 drivers
L_0x7f96301f77f8 .functor BUFT 1, C4<0000000000000000000000000000>, C4<0>, C4<0>, C4<0>;
v0x5608687cced0_0 .net *"_s141", 27 0, L_0x7f96301f77f8;  1 drivers
L_0x7f96301f7840 .functor BUFT 1, C4<00000000000000000000000000001100>, C4<0>, C4<0>, C4<0>;
v0x5608687ccfb0_0 .net/2u *"_s142", 31 0, L_0x7f96301f7840;  1 drivers
v0x5608687cd090_0 .net *"_s144", 0 0, L_0x5608687eb650;  1 drivers
v0x5608687cd150_0 .net *"_s146", 31 0, L_0x5608687eb890;  1 drivers
L_0x7f96301f7888 .functor BUFT 1, C4<0000000000000000000000000000>, C4<0>, C4<0>, C4<0>;
v0x5608687cd230_0 .net *"_s149", 27 0, L_0x7f96301f7888;  1 drivers
L_0x7f96301f78d0 .functor BUFT 1, C4<00000000000000000000000000001110>, C4<0>, C4<0>, C4<0>;
v0x5608687cd310_0 .net/2u *"_s150", 31 0, L_0x7f96301f78d0;  1 drivers
v0x5608687cd3f0_0 .net *"_s152", 0 0, L_0x5608687eb980;  1 drivers
v0x5608687cd4b0_0 .net *"_s154", 0 0, L_0x5608687ebbd0;  1 drivers
v0x5608687cd570_0 .net *"_s156", 31 0, L_0x5608687ebd60;  1 drivers
L_0x7f96301f7918 .functor BUFT 1, C4<0000000000000000000000000000>, C4<0>, C4<0>, C4<0>;
v0x5608687cd650_0 .net *"_s159", 27 0, L_0x7f96301f7918;  1 drivers
L_0x7f96301f7960 .functor BUFT 1, C4<00000000000000000000000000001101>, C4<0>, C4<0>, C4<0>;
v0x5608687cd730_0 .net/2u *"_s160", 31 0, L_0x7f96301f7960;  1 drivers
v0x5608687cd810_0 .net *"_s162", 0 0, L_0x5608687ec060;  1 drivers
v0x5608687cd8d0_0 .net *"_s164", 0 0, L_0x5608687eb480;  1 drivers
v0x5608687cd990_0 .net *"_s166", 31 0, L_0x5608687ec360;  1 drivers
L_0x7f96301f79a8 .functor BUFT 1, C4<0000000000000000000000000000>, C4<0>, C4<0>, C4<0>;
v0x5608687cdc80_0 .net *"_s169", 27 0, L_0x7f96301f79a8;  1 drivers
L_0x7f96301f79f0 .functor BUFT 1, C4<00000000000000000000000000001111>, C4<0>, C4<0>, C4<0>;
v0x5608687cdd60_0 .net/2u *"_s170", 31 0, L_0x7f96301f79f0;  1 drivers
v0x5608687cde40_0 .net *"_s172", 0 0, L_0x5608687ec450;  1 drivers
v0x5608687cdf00_0 .net *"_s178", 31 0, L_0x5608687ec7f0;  1 drivers
v0x5608687cdfe0_0 .net *"_s18", 31 0, L_0x5608687e8930;  1 drivers
L_0x7f96301f7a38 .functor BUFT 1, C4<0000000000000000000000000000>, C4<0>, C4<0>, C4<0>;
v0x5608687ce0c0_0 .net *"_s181", 27 0, L_0x7f96301f7a38;  1 drivers
L_0x7f96301f7a80 .functor BUFT 1, C4<00000000000000000000000000000111>, C4<0>, C4<0>, C4<0>;
v0x5608687ce1a0_0 .net/2u *"_s182", 31 0, L_0x7f96301f7a80;  1 drivers
v0x5608687ce280_0 .net *"_s184", 0 0, L_0x5608687eca20;  1 drivers
v0x5608687ce340_0 .net *"_s187", 15 0, L_0x5608687ecb60;  1 drivers
v0x5608687ce420_0 .net *"_s189", 15 0, L_0x5608687ecd50;  1 drivers
v0x5608687ce500_0 .net *"_s190", 31 0, L_0x5608687ecdf0;  1 drivers
v0x5608687ce5e0_0 .net *"_s193", 0 0, L_0x5608687ed040;  1 drivers
v0x5608687ce6c0_0 .net *"_s194", 3 0, L_0x5608687ed0e0;  1 drivers
v0x5608687ce7a0_0 .net *"_s197", 27 0, L_0x5608687ed370;  1 drivers
v0x5608687ce880_0 .net *"_s198", 31 0, L_0x5608687ed410;  1 drivers
v0x5608687ce960_0 .net *"_s202", 0 0, L_0x5608687ed840;  1 drivers
v0x5608687cea40_0 .net *"_s204", 0 0, L_0x5608687ed900;  1 drivers
v0x5608687ceb20_0 .net *"_s206", 31 0, L_0x5608687edab0;  1 drivers
L_0x7f96301f7ac8 .functor BUFT 1, C4<0000000000000000000000>, C4<0>, C4<0>, C4<0>;
v0x5608687cec00_0 .net *"_s209", 21 0, L_0x7f96301f7ac8;  1 drivers
L_0x7f96301f7138 .functor BUFT 1, C4<0000000000000000000000000000>, C4<0>, C4<0>, C4<0>;
v0x5608687cece0_0 .net *"_s21", 27 0, L_0x7f96301f7138;  1 drivers
L_0x7f96301f7b10 .functor BUFT 1, C4<00000000000000000000001000010000>, C4<0>, C4<0>, C4<0>;
v0x5608687cedc0_0 .net/2u *"_s210", 31 0, L_0x7f96301f7b10;  1 drivers
v0x5608687ceea0_0 .net *"_s212", 0 0, L_0x5608687edd30;  1 drivers
v0x5608687cef60_0 .net *"_s214", 0 0, L_0x5608687ede70;  1 drivers
v0x5608687cf020_0 .net *"_s216", 31 0, L_0x5608687edf80;  1 drivers
L_0x7f96301f7b58 .functor BUFT 1, C4<0000000000000000000000>, C4<0>, C4<0>, C4<0>;
v0x5608687cf100_0 .net *"_s219", 21 0, L_0x7f96301f7b58;  1 drivers
L_0x7f96301f7180 .functor BUFT 1, C4<00000000000000000000000000001000>, C4<0>, C4<0>, C4<0>;
v0x5608687cf1e0_0 .net/2u *"_s22", 31 0, L_0x7f96301f7180;  1 drivers
L_0x7f96301f7ba0 .functor BUFT 1, C4<00000000000000000000001000010001>, C4<0>, C4<0>, C4<0>;
v0x5608687cf2c0_0 .net/2u *"_s220", 31 0, L_0x7f96301f7ba0;  1 drivers
v0x5608687cf3a0_0 .net *"_s222", 0 0, L_0x5608687ee1c0;  1 drivers
v0x5608687cf460_0 .net *"_s24", 0 0, L_0x5608687e8a70;  1 drivers
v0x5608687cf520_0 .net *"_s26", 31 0, L_0x5608687e8bf0;  1 drivers
L_0x7f96301f71c8 .functor BUFT 1, C4<0000000000000000000000000000>, C4<0>, C4<0>, C4<0>;
v0x5608687cf600_0 .net *"_s29", 27 0, L_0x7f96301f71c8;  1 drivers
L_0x7f96301f7018 .functor BUFT 1, C4<0000000000000000000000000000>, C4<0>, C4<0>, C4<0>;
v0x5608687cf6e0_0 .net *"_s3", 27 0, L_0x7f96301f7018;  1 drivers
L_0x7f96301f7210 .functor BUFT 1, C4<00000000000000000000000000001010>, C4<0>, C4<0>, C4<0>;
v0x5608687cfbb0_0 .net/2u *"_s30", 31 0, L_0x7f96301f7210;  1 drivers
v0x5608687cfc90_0 .net *"_s32", 0 0, L_0x5608687e8c90;  1 drivers
v0x5608687cfd50_0 .net *"_s38", 31 0, L_0x5608687e8f60;  1 drivers
L_0x7f96301f7060 .functor BUFT 1, C4<00000000000000000000000000000110>, C4<0>, C4<0>, C4<0>;
v0x5608687cfe30_0 .net/2u *"_s4", 31 0, L_0x7f96301f7060;  1 drivers
L_0x7f96301f7258 .functor BUFT 1, C4<0000000000000000000000000000>, C4<0>, C4<0>, C4<0>;
v0x5608687cff10_0 .net *"_s41", 27 0, L_0x7f96301f7258;  1 drivers
L_0x7f96301f72a0 .functor BUFT 1, C4<00000000000000000000000000001001>, C4<0>, C4<0>, C4<0>;
v0x5608687cfff0_0 .net/2u *"_s42", 31 0, L_0x7f96301f72a0;  1 drivers
v0x5608687d00d0_0 .net *"_s44", 0 0, L_0x5608687e9050;  1 drivers
v0x5608687d0190_0 .net *"_s46", 31 0, L_0x5608687e91a0;  1 drivers
L_0x7f96301f72e8 .functor BUFT 1, C4<0000000000000000000000000000>, C4<0>, C4<0>, C4<0>;
v0x5608687d0270_0 .net *"_s49", 27 0, L_0x7f96301f72e8;  1 drivers
L_0x7f96301f7330 .functor BUFT 1, C4<00000000000000000000000000001011>, C4<0>, C4<0>, C4<0>;
v0x5608687d0350_0 .net/2u *"_s50", 31 0, L_0x7f96301f7330;  1 drivers
v0x5608687d0430_0 .net *"_s52", 0 0, L_0x5608687e9240;  1 drivers
v0x5608687d04f0_0 .net *"_s56", 31 0, L_0x5608687e9490;  1 drivers
L_0x7f96301f7378 .functor BUFT 1, C4<0000000000000000000000000000>, C4<0>, C4<0>, C4<0>;
v0x5608687d05d0_0 .net *"_s59", 27 0, L_0x7f96301f7378;  1 drivers
v0x5608687d06b0_0 .net *"_s6", 0 0, L_0x5608687e84d0;  1 drivers
L_0x7f96301f73c0 .functor BUFT 1, C4<00000000000000000000000000000000>, C4<0>, C4<0>, C4<0>;
v0x5608687d0770_0 .net/2u *"_s60", 31 0, L_0x7f96301f73c0;  1 drivers
v0x5608687d0850_0 .net *"_s62", 0 0, L_0x5608687e9580;  1 drivers
v0x5608687d0910_0 .net *"_s64", 31 0, L_0x5608687e9740;  1 drivers
L_0x7f96301f7408 .functor BUFT 1, C4<0000000000000000000000000000>, C4<0>, C4<0>, C4<0>;
v0x5608687d09f0_0 .net *"_s67", 27 0, L_0x7f96301f7408;  1 drivers
L_0x7f96301f7450 .functor BUFT 1, C4<00000000000000000000000000000011>, C4<0>, C4<0>, C4<0>;
v0x5608687d0ad0_0 .net/2u *"_s68", 31 0, L_0x7f96301f7450;  1 drivers
v0x5608687d0bb0_0 .net *"_s70", 0 0, L_0x5608687e9940;  1 drivers
v0x5608687d0c70_0 .net *"_s74", 31 0, L_0x5608687e9bb0;  1 drivers
L_0x7f96301f7498 .functor BUFT 1, C4<0000000000000000000000000000>, C4<0>, C4<0>, C4<0>;
v0x5608687d0d50_0 .net *"_s77", 27 0, L_0x7f96301f7498;  1 drivers
L_0x7f96301f74e0 .functor BUFT 1, C4<00000000000000000000000000000000>, C4<0>, C4<0>, C4<0>;
v0x5608687d0e30_0 .net/2u *"_s78", 31 0, L_0x7f96301f74e0;  1 drivers
v0x5608687d0f10_0 .net *"_s8", 31 0, L_0x5608687e8610;  1 drivers
v0x5608687d0ff0_0 .net *"_s80", 0 0, L_0x5608687e9db0;  1 drivers
v0x5608687d10b0_0 .net *"_s82", 31 0, L_0x5608687e9f90;  1 drivers
L_0x7f96301f7528 .functor BUFT 1, C4<0000000000000000000000000000>, C4<0>, C4<0>, C4<0>;
v0x5608687d1190_0 .net *"_s85", 27 0, L_0x7f96301f7528;  1 drivers
L_0x7f96301f7570 .functor BUFT 1, C4<00000000000000000000000000000001>, C4<0>, C4<0>, C4<0>;
v0x5608687d1270_0 .net/2u *"_s86", 31 0, L_0x7f96301f7570;  1 drivers
v0x5608687d1350_0 .net *"_s88", 0 0, L_0x5608687ea080;  1 drivers
v0x5608687d1410_0 .net *"_s90", 0 0, L_0x560868797760;  1 drivers
v0x5608687d14d0_0 .net *"_s92", 31 0, L_0x5608687e9ef0;  1 drivers
L_0x7f96301f75b8 .functor BUFT 1, C4<0000000000000000000000000000>, C4<0>, C4<0>, C4<0>;
v0x5608687d15b0_0 .net *"_s95", 27 0, L_0x7f96301f75b8;  1 drivers
L_0x7f96301f7600 .functor BUFT 1, C4<00000000000000000000000000000010>, C4<0>, C4<0>, C4<0>;
v0x5608687d1690_0 .net/2u *"_s96", 31 0, L_0x7f96301f7600;  1 drivers
v0x5608687d1770_0 .net *"_s98", 0 0, L_0x5608687ea3a0;  1 drivers
v0x5608687d1830_0 .var "adder_res", 31 0;
v0x5608687d1910_0 .net "alu_arith_ops", 0 0, L_0x560868770ea0;  1 drivers
v0x5608687d19d0_0 .var "alu_carry", 0 0;
v0x5608687d1a90_0 .net "alu_imm_ops", 0 0, L_0x5608687e9380;  1 drivers
v0x5608687d1b50_0 .net "alu_logic_ops", 0 0, L_0x5608687eac50;  1 drivers
v0x5608687d1c10_0 .net "alu_mem_ops", 0 0, L_0x5608687eb1e0;  1 drivers
v0x5608687d1cd0_0 .var "alu_negative", 0 0;
v0x5608687d1d90_0 .net "alu_ops", 0 0, L_0x5608687eb3c0;  1 drivers
v0x5608687d1e50_0 .var "alu_overflow", 0 0;
v0x5608687d1f10_0 .var "alu_result", 31 0;
v0x5608687d1ff0_0 .net "and_res", 31 0, L_0x5608687ee6f0;  1 drivers
v0x5608687d20d0_0 .net "branch_ops", 0 0, L_0x5608687ec1a0;  1 drivers
v0x5608687d2190_0 .var "carry_res_n", 0 0;
v0x5608687d2250_0 .var "carry_res_n_1", 31 0;
v0x5608687d2330_0 .net "clk", 0 0, v0x5608687d7010_0;  alias, 1 drivers
v0x5608687d23f0_0 .net/s "imm", 31 0, L_0x5608687ed6b0;  1 drivers
v0x5608687d24d0_0 .net "imm_ops", 0 0, L_0x5608687eb4f0;  1 drivers
v0x5608687d2590_0 .net "instruction", 31 0, v0x5608687d50d0_0;  alias, 1 drivers
v0x5608687d2670_0 .net "load_imm_ops", 0 0, L_0x5608687a3960;  1 drivers
v0x5608687d2730_0 .net "load_mem_ops", 0 0, L_0x5608687a8730;  1 drivers
v0x5608687d27f0_0 .net "load_ops", 0 0, L_0x560868797b40;  1 drivers
v0x5608687d28b0_0 .var "mem_addr", 9 0;
v0x5608687d2970_0 .net "mem_data_from", 31 0, v0x560868797d00_0;  alias, 1 drivers
v0x5608687d2a10_0 .net "mem_data_to", 31 0, L_0x5608687ee530;  alias, 1 drivers
v0x5608687d2ad0_0 .net "mem_sel", 0 0, L_0x5608687ee300;  alias, 1 drivers
v0x5608687d2b70_0 .net "mem_we", 0 0, L_0x5608687ee4c0;  alias, 1 drivers
v0x5608687d2c10_0 .net "opcode", 3 0, L_0x5608687ec750;  1 drivers
v0x5608687d2cf0_0 .var "operand", 31 0;
v0x5608687d2dd0_0 .var "pc", 8 0;
v0x5608687d2eb0_0 .var "regA", 31 0;
v0x5608687d37a0_0 .var "regB", 31 0;
v0x5608687d3880_0 .var "regC", 2 0;
v0x5608687d3960_0 .net "rst", 0 0, v0x5608687d8190_0;  alias, 1 drivers
v0x5608687d3a20_0 .net "store_mem_ops", 0 0, L_0x5608687983e0;  1 drivers
v0x5608687d3ae0_0 .net "xor_res", 31 0, L_0x5608687ee760;  1 drivers
E_0x560868779d30/0 .event edge, v0x5608687d1910_0, v0x5608687d1830_0, v0x5608687d2190_0, v0x5608687d2250_0;
E_0x560868779d30/1 .event edge, v0x5608687d2c10_0, v0x5608687d2cf0_0, v0x5608687d2eb0_0, v0x5608687d1ff0_0;
E_0x560868779d30/2 .event edge, v0x5608687d3ae0_0;
E_0x560868779d30 .event/or E_0x560868779d30/0, E_0x560868779d30/1, E_0x560868779d30/2;
E_0x5608687b30c0 .event edge, v0x5608687d2c10_0, v0x5608687d2250_0, v0x5608687d2eb0_0, v0x5608687d2cf0_0;
E_0x5608687b3040 .event edge, v0x5608687d2c10_0, v0x5608687d2eb0_0, v0x5608687d2cf0_0, v0x5608687d2250_0;
E_0x5608687b3f30 .event edge, v0x5608687d2c10_0, v0x5608687d2eb0_0, v0x5608687d2cf0_0;
E_0x5608687cbd10 .event posedge, v0x5608687d3960_0, v0x5608687d2330_0;
E_0x5608687cbd70/0 .event edge, v0x5608687d27f0_0, v0x5608687d1d90_0, v0x5608687a88f0_0, v0x5608687d37a0_0;
E_0x5608687cbd70/1 .event edge, v0x5608687d3880_0, v0x5608687d24d0_0, v0x5608687d23f0_0, v0x5608687cb7a0_0;
E_0x5608687cbd70/2 .event edge, v0x560868797d00_0;
E_0x5608687cbd70 .event/or E_0x5608687cbd70/0, E_0x5608687cbd70/1, E_0x5608687cbd70/2;
E_0x5608687cbe40 .event edge, v0x5608687d2c10_0, v0x5608687d37a0_0, v0x5608687d23f0_0;
L_0x5608687d83b0 .concat [ 4 28 0 0], L_0x5608687ec750, L_0x7f96301f7018;
L_0x5608687e84d0 .cmp/eq 32, L_0x5608687d83b0, L_0x7f96301f7060;
L_0x5608687e8610 .concat [ 4 28 0 0], L_0x5608687ec750, L_0x7f96301f70a8;
L_0x5608687e8750 .cmp/eq 32, L_0x5608687e8610, L_0x7f96301f70f0;
L_0x5608687e8930 .concat [ 4 28 0 0], L_0x5608687ec750, L_0x7f96301f7138;
L_0x5608687e8a70 .cmp/eq 32, L_0x5608687e8930, L_0x7f96301f7180;
L_0x5608687e8bf0 .concat [ 4 28 0 0], L_0x5608687ec750, L_0x7f96301f71c8;
L_0x5608687e8c90 .cmp/eq 32, L_0x5608687e8bf0, L_0x7f96301f7210;
L_0x5608687e8f60 .concat [ 4 28 0 0], L_0x5608687ec750, L_0x7f96301f7258;
L_0x5608687e9050 .cmp/eq 32, L_0x5608687e8f60, L_0x7f96301f72a0;
L_0x5608687e91a0 .concat [ 4 28 0 0], L_0x5608687ec750, L_0x7f96301f72e8;
L_0x5608687e9240 .cmp/eq 32, L_0x5608687e91a0, L_0x7f96301f7330;
L_0x5608687e9490 .concat [ 4 28 0 0], L_0x5608687ec750, L_0x7f96301f7378;
L_0x5608687e9580 .cmp/eq 32, L_0x5608687e9490, L_0x7f96301f73c0;
L_0x5608687e9740 .concat [ 4 28 0 0], L_0x5608687ec750, L_0x7f96301f7408;
L_0x5608687e9940 .cmp/eq 32, L_0x5608687e9740, L_0x7f96301f7450;
L_0x5608687e9bb0 .concat [ 4 28 0 0], L_0x5608687ec750, L_0x7f96301f7498;
L_0x5608687e9db0 .cmp/eq 32, L_0x5608687e9bb0, L_0x7f96301f74e0;
L_0x5608687e9f90 .concat [ 4 28 0 0], L_0x5608687ec750, L_0x7f96301f7528;
L_0x5608687ea080 .cmp/eq 32, L_0x5608687e9f90, L_0x7f96301f7570;
L_0x5608687e9ef0 .concat [ 4 28 0 0], L_0x5608687ec750, L_0x7f96301f75b8;
L_0x5608687ea3a0 .cmp/eq 32, L_0x5608687e9ef0, L_0x7f96301f7600;
L_0x5608687ea640 .concat [ 4 28 0 0], L_0x5608687ec750, L_0x7f96301f7648;
L_0x5608687ea730 .cmp/eq 32, L_0x5608687ea640, L_0x7f96301f7690;
L_0x5608687ea940 .concat [ 4 28 0 0], L_0x5608687ec750, L_0x7f96301f76d8;
L_0x5608687eaa30 .cmp/eq 32, L_0x5608687ea940, L_0x7f96301f7720;
L_0x5608687eadb0 .concat [ 4 28 0 0], L_0x5608687ec750, L_0x7f96301f7768;
L_0x5608687eaea0 .cmp/ne 32, L_0x5608687eadb0, L_0x7f96301f77b0;
L_0x5608687eb560 .concat [ 4 28 0 0], L_0x5608687ec750, L_0x7f96301f77f8;
L_0x5608687eb650 .cmp/eq 32, L_0x5608687eb560, L_0x7f96301f7840;
L_0x5608687eb890 .concat [ 4 28 0 0], L_0x5608687ec750, L_0x7f96301f7888;
L_0x5608687eb980 .cmp/eq 32, L_0x5608687eb890, L_0x7f96301f78d0;
L_0x5608687ebd60 .concat [ 4 28 0 0], L_0x5608687ec750, L_0x7f96301f7918;
L_0x5608687ec060 .cmp/eq 32, L_0x5608687ebd60, L_0x7f96301f7960;
L_0x5608687ec360 .concat [ 4 28 0 0], L_0x5608687ec750, L_0x7f96301f79a8;
L_0x5608687ec450 .cmp/eq 32, L_0x5608687ec360, L_0x7f96301f79f0;
L_0x5608687ec750 .part v0x5608687d50d0_0, 28, 4;
L_0x5608687ec7f0 .concat [ 4 28 0 0], L_0x5608687ec750, L_0x7f96301f7a38;
L_0x5608687eca20 .cmp/eq 32, L_0x5608687ec7f0, L_0x7f96301f7a80;
L_0x5608687ecb60 .part v0x5608687d50d0_0, 0, 16;
L_0x5608687ecd50 .part v0x5608687d2eb0_0, 0, 16;
L_0x5608687ecdf0 .concat [ 16 16 0 0], L_0x5608687ecd50, L_0x5608687ecb60;
L_0x5608687ed040 .part v0x5608687d50d0_0, 27, 1;
L_0x5608687ed0e0 .concat [ 1 1 1 1], L_0x5608687ed040, L_0x5608687ed040, L_0x5608687ed040, L_0x5608687ed040;
L_0x5608687ed370 .part v0x5608687d50d0_0, 0, 28;
L_0x5608687ed410 .concat [ 28 4 0 0], L_0x5608687ed370, L_0x5608687ed0e0;
L_0x5608687ed6b0 .functor MUXZ 32, L_0x5608687ed410, L_0x5608687ecdf0, L_0x5608687eca20, C4<>;
L_0x5608687edab0 .concat [ 10 22 0 0], v0x5608687d28b0_0, L_0x7f96301f7ac8;
L_0x5608687edd30 .cmp/ne 32, L_0x5608687edab0, L_0x7f96301f7b10;
L_0x5608687edf80 .concat [ 10 22 0 0], v0x5608687d28b0_0, L_0x7f96301f7b58;
L_0x5608687ee1c0 .cmp/ne 32, L_0x5608687edf80, L_0x7f96301f7ba0;
S_0x5608687adf30 .scope module, "cprint" "xcprint" 4 156, 7 4 0, S_0x5608687aca30;
 .timescale -9 -12;
    .port_info 0 /INPUT 1 "clk";
    .port_info 1 /INPUT 1 "sel";
    .port_info 2 /INPUT 8 "data_in";
v0x5608687d3db0_0 .net "clk", 0 0, v0x5608687d7010_0;  alias, 1 drivers
v0x5608687d3e70_0 .net "data_in", 7 0, L_0x5608687ef1c0;  1 drivers
v0x5608687d3f30_0 .net "sel", 0 0, L_0x5608687ef100;  1 drivers
E_0x5608687d3d30 .event posedge, v0x5608687d2330_0;
S_0x5608687ae630 .scope module, "led1" "xled" 4 147, 8 4 0, S_0x5608687aca30;
 .timescale -9 -12;
    .port_info 0 /INPUT 1 "reset";
    .port_info 1 /INPUT 1 "clk";
    .port_info 2 /INPUT 1 "sel";
    .port_info 3 /INPUT 1 "data_in";
    .port_info 4 /OUTPUT 1 "led";
v0x5608687d4120_0 .net "clk", 0 0, v0x5608687d7010_0;  alias, 1 drivers
v0x5608687d4210_0 .net "data_in", 0 0, L_0x5608687ef060;  1 drivers
v0x5608687d42d0_0 .var "led", 0 0;
v0x5608687d4370_0 .net "reset", 0 0, v0x5608687d8190_0;  alias, 1 drivers
v0x5608687d4440_0 .net "sel", 0 0, v0x560868798500_0;  alias, 1 drivers
S_0x5608687aed30 .scope module, "ram" "xram" 4 83, 9 4 0, S_0x5608687aca30;
 .timescale -9 -12;
    .port_info 0 /INPUT 1 "clk";
    .port_info 1 /INPUT 9 "pc";
    .port_info 2 /OUTPUT 32 "instruction";
    .port_info 3 /INPUT 1 "data_sel";
    .port_info 4 /INPUT 1 "data_we";
    .port_info 5 /INPUT 9 "data_addr";
    .port_info 6 /INPUT 32 "data_in";
    .port_info 7 /OUTPUT 32 "data_out";
L_0x5608687ee930 .functor BUFZ 9, L_0x5608687eda10, C4<000000000>, C4<000000000>, C4<000000000>;
L_0x5608687ee9a0 .functor BUFZ 1, L_0x5608687ee4c0, C4<0>, C4<0>, C4<0>;
L_0x5608687eea10 .functor BUFZ 32, L_0x5608687ee530, C4<00000000000000000000000000000000>, C4<00000000000000000000000000000000>, C4<00000000000000000000000000000000>;
L_0x5608687eea80 .functor BUFZ 1, v0x560868798a60_0, C4<0>, C4<0>, C4<0>;
L_0x5608687eeb50 .functor BUFZ 32, v0x5608687d4d30_0, C4<00000000000000000000000000000000>, C4<00000000000000000000000000000000>, C4<00000000000000000000000000000000>;
v0x5608687d4780_0 .net "clk", 0 0, v0x5608687d7010_0;  alias, 1 drivers
v0x5608687d4840_0 .net "data_addr", 8 0, L_0x5608687eda10;  1 drivers
v0x5608687d4920_0 .net "data_addr_int", 8 0, L_0x5608687ee930;  1 drivers
v0x5608687d49e0_0 .net "data_en_int", 0 0, L_0x5608687eea80;  1 drivers
v0x5608687d4aa0_0 .net "data_in", 31 0, L_0x5608687ee530;  alias, 1 drivers
v0x5608687d4bb0_0 .net "data_in_int", 31 0, L_0x5608687eea10;  1 drivers
v0x5608687d4c70_0 .net "data_out", 31 0, L_0x5608687eeb50;  alias, 1 drivers
v0x5608687d4d30_0 .var "data_out_int", 31 0;
v0x5608687d4df0_0 .net "data_sel", 0 0, v0x560868798a60_0;  alias, 1 drivers
v0x5608687d4ec0_0 .net "data_we", 0 0, L_0x5608687ee4c0;  alias, 1 drivers
v0x5608687d4f90_0 .net "data_we_int", 0 0, L_0x5608687ee9a0;  1 drivers
L_0x7f96301f7be8 .functor BUFT 1, C4<1>, C4<0>, C4<0>, C4<0>;
v0x5608687d5030_0 .net "instr_en", 0 0, L_0x7f96301f7be8;  1 drivers
v0x5608687d50d0_0 .var "instruction", 31 0;
v0x5608687d51c0 .array "mem", 0 511, 31 0;
v0x5608687d5260_0 .net "pc", 8 0, v0x5608687d2dd0_0;  alias, 1 drivers
S_0x5608687af430 .scope module, "regf" "xregf" 4 100, 10 4 0, S_0x5608687aca30;
 .timescale -9 -12;
    .port_info 0 /INPUT 1 "clk";
    .port_info 1 /INPUT 1 "sel";
    .port_info 2 /INPUT 1 "we";
    .port_info 3 /INPUT 4 "addr";
    .port_info 4 /INPUT 32 "data_in";
    .port_info 5 /OUTPUT 32 "data_out";
v0x5608687d5510_0 .net *"_s0", 31 0, L_0x5608687eebf0;  1 drivers
v0x5608687d5610_0 .net *"_s2", 5 0, L_0x5608687eecc0;  1 drivers
L_0x7f96301f7c30 .functor BUFT 1, C4<00>, C4<0>, C4<0>, C4<0>;
v0x5608687d56f0_0 .net *"_s5", 1 0, L_0x7f96301f7c30;  1 drivers
L_0x7f96301f7c78 .functor BUFT 1, C4<00000000000000000000000000000000>, C4<0>, C4<0>, C4<0>;
v0x5608687d57e0_0 .net/2u *"_s6", 31 0, L_0x7f96301f7c78;  1 drivers
v0x5608687d58c0_0 .net "addr", 3 0, L_0x5608687eef70;  1 drivers
v0x5608687d59f0_0 .net "clk", 0 0, v0x5608687d7010_0;  alias, 1 drivers
v0x5608687d5a90_0 .net "data_in", 31 0, L_0x5608687ee530;  alias, 1 drivers
v0x5608687d5b50_0 .net "data_out", 31 0, L_0x5608687eee30;  alias, 1 drivers
v0x5608687d5c10 .array "regf", 0 15, 31 0;
v0x5608687d5eb0_0 .net "sel", 0 0, v0x5608687cb6e0_0;  alias, 1 drivers
v0x5608687d5f50_0 .net "we", 0 0, L_0x5608687ee4c0;  alias, 1 drivers
L_0x5608687eebf0 .array/port v0x5608687d5c10, L_0x5608687eecc0;
L_0x5608687eecc0 .concat [ 4 2 0 0], L_0x5608687eef70, L_0x7f96301f7c30;
L_0x5608687eee30 .functor MUXZ 32, L_0x7f96301f7c78, L_0x5608687eebf0, v0x5608687cb6e0_0, C4<>;
    .scope S_0x5608687ad830;
T_0 ;
    %wait E_0x5608687cbe40;
    %load/vec4 v0x5608687d2c10_0;
    %pad/u 32;
    %cmpi/e 10, 0, 32;
    %flag_mov 8, 4;
    %load/vec4 v0x5608687d2c10_0;
    %pad/u 32;
    %cmpi/e 11, 0, 32;
    %flag_or 4, 8;
    %jmp/0xz  T_0.0, 4;
    %load/vec4 v0x5608687d37a0_0;
    %parti/s 10, 0, 2;
    %store/vec4 v0x5608687d28b0_0, 0, 10;
    %jmp T_0.1;
T_0.0 ;
    %load/vec4 v0x5608687d23f0_0;
    %parti/s 10, 0, 2;
    %store/vec4 v0x5608687d28b0_0, 0, 10;
T_0.1 ;
    %jmp T_0;
    .thread T_0, $push;
    .scope S_0x5608687ad830;
T_1 ;
    %wait E_0x5608687cbd70;
    %pushi/vec4 0, 0, 32;
    %store/vec4 v0x5608687d2cf0_0, 0, 32;
    %load/vec4 v0x5608687d27f0_0;
    %flag_set/vec4 8;
    %load/vec4 v0x5608687d1d90_0;
    %flag_set/vec4 9;
    %flag_or 9, 8;
    %jmp/0xz  T_1.0, 9;
    %load/vec4 v0x5608687d28b0_0;
    %pad/u 32;
    %cmpi/e 528, 0, 32;
    %jmp/0xz  T_1.2, 4;
    %load/vec4 v0x5608687d37a0_0;
    %store/vec4 v0x5608687d2cf0_0, 0, 32;
    %jmp T_1.3;
T_1.2 ;
    %load/vec4 v0x5608687d28b0_0;
    %pad/u 32;
    %cmpi/e 529, 0, 32;
    %jmp/0xz  T_1.4, 4;
    %load/vec4 v0x5608687d3880_0;
    %pad/u 32;
    %pushi/vec4 0, 0, 32;
    %or;
    %store/vec4 v0x5608687d2cf0_0, 0, 32;
    %jmp T_1.5;
T_1.4 ;
    %load/vec4 v0x5608687d24d0_0;
    %flag_set/vec4 8;
    %jmp/0xz  T_1.6, 8;
    %load/vec4 v0x5608687d23f0_0;
    %store/vec4 v0x5608687d2cf0_0, 0, 32;
    %jmp T_1.7;
T_1.6 ;
    %load/vec4 v0x5608687d2ad0_0;
    %flag_set/vec4 8;
    %jmp/0xz  T_1.8, 8;
    %load/vec4 v0x5608687d2970_0;
    %store/vec4 v0x5608687d2cf0_0, 0, 32;
T_1.8 ;
T_1.7 ;
T_1.5 ;
T_1.3 ;
T_1.0 ;
    %jmp T_1;
    .thread T_1, $push;
    .scope S_0x5608687ad830;
T_2 ;
    %wait E_0x5608687cbd10;
    %load/vec4 v0x5608687d3960_0;
    %flag_set/vec4 8;
    %jmp/0xz  T_2.0, 8;
    %pushi/vec4 0, 0, 9;
    %assign/vec4 v0x5608687d2dd0_0, 0;
    %jmp T_2.1;
T_2.0 ;
    %load/vec4 v0x5608687d2dd0_0;
    %addi 1, 0, 9;
    %assign/vec4 v0x5608687d2dd0_0, 0;
    %load/vec4 v0x5608687d2c10_0;
    %pad/u 32;
    %pushi/vec4 12, 0, 32;
    %cmp/e;
    %flag_get/vec4 4;
    %load/vec4 v0x5608687d2eb0_0;
    %pushi/vec4 0, 0, 32;
    %cmp/e;
    %flag_get/vec4 4;
    %and;
    %flag_set/vec4 8;
    %jmp/0xz  T_2.2, 8;
    %load/vec4 v0x5608687d23f0_0;
    %parti/s 10, 0, 2;
    %pad/u 9;
    %assign/vec4 v0x5608687d2dd0_0, 0;
    %jmp T_2.3;
T_2.2 ;
    %load/vec4 v0x5608687d2c10_0;
    %pad/u 32;
    %pushi/vec4 14, 0, 32;
    %cmp/e;
    %flag_get/vec4 4;
    %load/vec4 v0x5608687d2eb0_0;
    %pushi/vec4 0, 0, 32;
    %cmp/ne;
    %flag_get/vec4 4;
    %and;
    %flag_set/vec4 8;
    %jmp/0xz  T_2.4, 8;
    %load/vec4 v0x5608687d23f0_0;
    %parti/s 10, 0, 2;
    %pad/u 9;
    %assign/vec4 v0x5608687d2dd0_0, 0;
    %jmp T_2.5;
T_2.4 ;
    %load/vec4 v0x5608687d2c10_0;
    %pad/u 32;
    %pushi/vec4 13, 0, 32;
    %cmp/e;
    %flag_get/vec4 4;
    %load/vec4 v0x5608687d2eb0_0;
    %pushi/vec4 0, 0, 32;
    %cmp/e;
    %flag_get/vec4 4;
    %and;
    %flag_set/vec4 8;
    %jmp/0xz  T_2.6, 8;
    %load/vec4 v0x5608687d37a0_0;
    %parti/s 10, 0, 2;
    %pad/u 9;
    %assign/vec4 v0x5608687d2dd0_0, 0;
    %jmp T_2.7;
T_2.6 ;
    %load/vec4 v0x5608687d2c10_0;
    %pad/u 32;
    %pushi/vec4 15, 0, 32;
    %cmp/e;
    %flag_get/vec4 4;
    %load/vec4 v0x5608687d2eb0_0;
    %pushi/vec4 0, 0, 32;
    %cmp/ne;
    %flag_get/vec4 4;
    %and;
    %flag_set/vec4 8;
    %jmp/0xz  T_2.8, 8;
    %load/vec4 v0x5608687d37a0_0;
    %parti/s 10, 0, 2;
    %pad/u 9;
    %assign/vec4 v0x5608687d2dd0_0, 0;
T_2.8 ;
T_2.7 ;
T_2.5 ;
T_2.3 ;
T_2.1 ;
    %jmp T_2;
    .thread T_2;
    .scope S_0x5608687ad830;
T_3 ;
    %wait E_0x5608687cbd10;
    %load/vec4 v0x5608687d3960_0;
    %flag_set/vec4 8;
    %jmp/0xz  T_3.0, 8;
    %pushi/vec4 0, 0, 32;
    %assign/vec4 v0x5608687d2eb0_0, 0;
    %jmp T_3.1;
T_3.0 ;
    %load/vec4 v0x5608687d27f0_0;
    %flag_set/vec4 8;
    %jmp/0xz  T_3.2, 8;
    %load/vec4 v0x5608687d2cf0_0;
    %assign/vec4 v0x5608687d2eb0_0, 0;
    %jmp T_3.3;
T_3.2 ;
    %load/vec4 v0x5608687d1d90_0;
    %flag_set/vec4 8;
    %jmp/0xz  T_3.4, 8;
    %load/vec4 v0x5608687d1f10_0;
    %assign/vec4 v0x5608687d2eb0_0, 0;
    %jmp T_3.5;
T_3.4 ;
    %load/vec4 v0x5608687d20d0_0;
    %flag_set/vec4 8;
    %jmp/0xz  T_3.6, 8;
    %load/vec4 v0x5608687d2eb0_0;
    %subi 1, 0, 32;
    %assign/vec4 v0x5608687d2eb0_0, 0;
T_3.6 ;
T_3.5 ;
T_3.3 ;
T_3.1 ;
    %jmp T_3;
    .thread T_3;
    .scope S_0x5608687ad830;
T_4 ;
    %wait E_0x5608687cbd10;
    %load/vec4 v0x5608687d3960_0;
    %flag_set/vec4 8;
    %jmp/0xz  T_4.0, 8;
    %pushi/vec4 0, 0, 32;
    %assign/vec4 v0x5608687d37a0_0, 0;
    %jmp T_4.1;
T_4.0 ;
    %load/vec4 v0x5608687d28b0_0;
    %pad/u 32;
    %pushi/vec4 528, 0, 32;
    %cmp/e;
    %flag_get/vec4 4;
    %load/vec4 v0x5608687d2b70_0;
    %and;
    %flag_set/vec4 8;
    %jmp/0xz  T_4.2, 8;
    %load/vec4 v0x5608687d2eb0_0;
    %assign/vec4 v0x5608687d37a0_0, 0;
T_4.2 ;
T_4.1 ;
    %jmp T_4;
    .thread T_4;
    .scope S_0x5608687ad830;
T_5 ;
    %wait E_0x5608687cbd10;
    %load/vec4 v0x5608687d3960_0;
    %flag_set/vec4 8;
    %jmp/0xz  T_5.0, 8;
    %pushi/vec4 0, 0, 3;
    %assign/vec4 v0x5608687d3880_0, 0;
    %jmp T_5.1;
T_5.0 ;
    %load/vec4 v0x5608687d1d90_0;
    %flag_set/vec4 8;
    %jmp/0xz  T_5.2, 8;
    %load/vec4 v0x5608687d1cd0_0;
    %load/vec4 v0x5608687d1e50_0;
    %concat/vec4; draw_concat_vec4
    %load/vec4 v0x5608687d19d0_0;
    %concat/vec4; draw_concat_vec4
    %assign/vec4 v0x5608687d3880_0, 0;
T_5.2 ;
T_5.1 ;
    %jmp T_5;
    .thread T_5;
    .scope S_0x5608687ad830;
T_6 ;
    %wait E_0x5608687b3f30;
    %load/vec4 v0x5608687d2c10_0;
    %pad/u 32;
    %cmpi/e 2, 0, 32;
    %jmp/0xz  T_6.0, 4;
    %pushi/vec4 0, 0, 1;
    %load/vec4 v0x5608687d2eb0_0;
    %parti/s 31, 0, 2;
    %concat/vec4; draw_concat_vec4
    %pushi/vec4 0, 0, 1;
    %load/vec4 v0x5608687d2cf0_0;
    %parti/s 31, 0, 2;
    %concat/vec4; draw_concat_vec4
    %sub;
    %store/vec4 v0x5608687d2250_0, 0, 32;
    %jmp T_6.1;
T_6.0 ;
    %pushi/vec4 0, 0, 1;
    %load/vec4 v0x5608687d2eb0_0;
    %parti/s 31, 0, 2;
    %concat/vec4; draw_concat_vec4
    %pushi/vec4 0, 0, 1;
    %load/vec4 v0x5608687d2cf0_0;
    %parti/s 31, 0, 2;
    %concat/vec4; draw_concat_vec4
    %add;
    %store/vec4 v0x5608687d2250_0, 0, 32;
T_6.1 ;
    %jmp T_6;
    .thread T_6, $push;
    .scope S_0x5608687ad830;
T_7 ;
    %wait E_0x5608687b3040;
    %load/vec4 v0x5608687d2c10_0;
    %pad/u 32;
    %cmpi/e 2, 0, 32;
    %jmp/0xz  T_7.0, 4;
    %load/vec4 v0x5608687d2eb0_0;
    %parti/s 1, 31, 6;
    %load/vec4 v0x5608687d2cf0_0;
    %parti/s 1, 31, 6;
    %inv;
    %and;
    %load/vec4 v0x5608687d2eb0_0;
    %parti/s 1, 31, 6;
    %load/vec4 v0x5608687d2cf0_0;
    %parti/s 1, 31, 6;
    %inv;
    %xor;
    %add;
    %load/vec4 v0x5608687d2250_0;
    %parti/s 1, 31, 6;
    %and;
    %store/vec4 v0x5608687d2190_0, 0, 1;
    %jmp T_7.1;
T_7.0 ;
    %load/vec4 v0x5608687d2eb0_0;
    %parti/s 1, 31, 6;
    %load/vec4 v0x5608687d2cf0_0;
    %parti/s 1, 31, 6;
    %and;
    %load/vec4 v0x5608687d2eb0_0;
    %parti/s 1, 31, 6;
    %load/vec4 v0x5608687d2cf0_0;
    %parti/s 1, 31, 6;
    %xor;
    %add;
    %load/vec4 v0x5608687d2250_0;
    %parti/s 1, 31, 6;
    %and;
    %store/vec4 v0x5608687d2190_0, 0, 1;
T_7.1 ;
    %jmp T_7;
    .thread T_7, $push;
    .scope S_0x5608687ad830;
T_8 ;
    %wait E_0x5608687b30c0;
    %load/vec4 v0x5608687d2c10_0;
    %pad/u 32;
    %cmpi/e 2, 0, 32;
    %jmp/0xz  T_8.0, 4;
    %load/vec4 v0x5608687d2250_0;
    %load/vec4 v0x5608687d2eb0_0;
    %parti/s 1, 31, 6;
    %concati/vec4 0, 0, 31;
    %add;
    %load/vec4 v0x5608687d2cf0_0;
    %parti/s 1, 31, 6;
    %concati/vec4 0, 0, 31;
    %sub;
    %store/vec4 v0x5608687d1830_0, 0, 32;
    %jmp T_8.1;
T_8.0 ;
    %load/vec4 v0x5608687d2250_0;
    %load/vec4 v0x5608687d2eb0_0;
    %parti/s 1, 31, 6;
    %concati/vec4 0, 0, 31;
    %add;
    %load/vec4 v0x5608687d2cf0_0;
    %parti/s 1, 31, 6;
    %concati/vec4 0, 0, 31;
    %add;
    %store/vec4 v0x5608687d1830_0, 0, 32;
T_8.1 ;
    %jmp T_8;
    .thread T_8, $push;
    .scope S_0x5608687ad830;
T_9 ;
    %wait E_0x560868779d30;
    %pushi/vec4 0, 0, 32;
    %store/vec4 v0x5608687d1f10_0, 0, 32;
    %pushi/vec4 0, 0, 1;
    %store/vec4 v0x5608687d19d0_0, 0, 1;
    %pushi/vec4 0, 0, 1;
    %store/vec4 v0x5608687d1cd0_0, 0, 1;
    %pushi/vec4 0, 0, 1;
    %store/vec4 v0x5608687d1e50_0, 0, 1;
    %load/vec4 v0x5608687d1910_0;
    %flag_set/vec4 8;
    %jmp/0xz  T_9.0, 8;
    %load/vec4 v0x5608687d1830_0;
    %store/vec4 v0x5608687d1f10_0, 0, 32;
    %load/vec4 v0x5608687d2190_0;
    %store/vec4 v0x5608687d19d0_0, 0, 1;
    %load/vec4 v0x5608687d2190_0;
    %load/vec4 v0x5608687d2250_0;
    %parti/s 1, 31, 6;
    %xor;
    %store/vec4 v0x5608687d1e50_0, 0, 1;
    %load/vec4 v0x5608687d1830_0;
    %parti/s 1, 31, 6;
    %store/vec4 v0x5608687d1cd0_0, 0, 1;
    %jmp T_9.1;
T_9.0 ;
    %load/vec4 v0x5608687d2c10_0;
    %pad/u 32;
    %cmpi/e 3, 0, 32;
    %jmp/0xz  T_9.2, 4;
    %load/vec4 v0x5608687d2cf0_0;
    %parti/s 1, 31, 6;
    %flag_set/vec4 8;
    %jmp/0xz  T_9.4, 8;
    %load/vec4 v0x5608687d2eb0_0;
    %ix/load 4, 1, 0;
    %flag_set/imm 4, 0;
    %shiftl 4;
    %store/vec4 v0x5608687d1f10_0, 0, 32;
    %load/vec4 v0x5608687d2eb0_0;
    %parti/s 1, 31, 6;
    %store/vec4 v0x5608687d19d0_0, 0, 1;
    %load/vec4 v0x5608687d2eb0_0;
    %parti/s 1, 31, 6;
    %load/vec4 v0x5608687d2eb0_0;
    %parti/s 1, 30, 6;
    %xor;
    %store/vec4 v0x5608687d1e50_0, 0, 1;
    %load/vec4 v0x5608687d2eb0_0;
    %parti/s 1, 30, 6;
    %store/vec4 v0x5608687d1cd0_0, 0, 1;
    %jmp T_9.5;
T_9.4 ;
    %load/vec4 v0x5608687d2eb0_0;
    %parti/s 1, 31, 6;
    %load/vec4 v0x5608687d2eb0_0;
    %parti/s 31, 1, 2;
    %concat/vec4; draw_concat_vec4
    %store/vec4 v0x5608687d1f10_0, 0, 32;
    %pushi/vec4 0, 0, 1;
    %store/vec4 v0x5608687d19d0_0, 0, 1;
    %pushi/vec4 0, 0, 1;
    %store/vec4 v0x5608687d1e50_0, 0, 1;
    %load/vec4 v0x5608687d2eb0_0;
    %parti/s 1, 31, 6;
    %store/vec4 v0x5608687d1cd0_0, 0, 1;
T_9.5 ;
    %jmp T_9.3;
T_9.2 ;
    %load/vec4 v0x5608687d2c10_0;
    %pad/u 32;
    %cmpi/e 4, 0, 32;
    %jmp/0xz  T_9.6, 4;
    %load/vec4 v0x5608687d1ff0_0;
    %store/vec4 v0x5608687d1f10_0, 0, 32;
    %pushi/vec4 0, 0, 1;
    %store/vec4 v0x5608687d19d0_0, 0, 1;
    %load/vec4 v0x5608687d1ff0_0;
    %parti/s 1, 31, 6;
    %store/vec4 v0x5608687d1cd0_0, 0, 1;
    %pushi/vec4 0, 0, 1;
    %store/vec4 v0x5608687d1e50_0, 0, 1;
    %jmp T_9.7;
T_9.6 ;
    %load/vec4 v0x5608687d2c10_0;
    %pad/u 32;
    %cmpi/e 5, 0, 32;
    %jmp/0xz  T_9.8, 4;
    %load/vec4 v0x5608687d3ae0_0;
    %store/vec4 v0x5608687d1f10_0, 0, 32;
    %pushi/vec4 0, 0, 1;
    %store/vec4 v0x5608687d19d0_0, 0, 1;
    %load/vec4 v0x5608687d3ae0_0;
    %parti/s 1, 31, 6;
    %store/vec4 v0x5608687d1cd0_0, 0, 1;
    %pushi/vec4 0, 0, 1;
    %store/vec4 v0x5608687d1e50_0, 0, 1;
T_9.8 ;
T_9.7 ;
T_9.3 ;
T_9.1 ;
    %jmp T_9;
    .thread T_9, $push;
    .scope S_0x5608687aed30;
T_10 ;
    %vpi_call/w 9 63 "$readmemh", "program.hex", v0x5608687d51c0, 32'sb00000000000000000000000000000000, 32'sb00000000000000000000000111111111 {0 0 0};
    %end;
    .thread T_10;
    .scope S_0x5608687aed30;
T_11 ;
    %wait E_0x5608687d3d30;
    %load/vec4 v0x5608687d5030_0;
    %flag_set/vec4 8;
    %jmp/0xz  T_11.0, 8;
    %load/vec4 v0x5608687d5260_0;
    %pad/u 11;
    %ix/vec4 4;
    %load/vec4a v0x5608687d51c0, 4;
    %assign/vec4 v0x5608687d50d0_0, 0;
T_11.0 ;
    %jmp T_11;
    .thread T_11;
    .scope S_0x5608687aed30;
T_12 ;
    %wait E_0x5608687d3d30;
    %load/vec4 v0x5608687d49e0_0;
    %flag_set/vec4 8;
    %jmp/0xz  T_12.0, 8;
    %load/vec4 v0x5608687d4f90_0;
    %flag_set/vec4 8;
    %jmp/0xz  T_12.2, 8;
    %load/vec4 v0x5608687d4bb0_0;
    %load/vec4 v0x5608687d4920_0;
    %pad/u 11;
    %ix/vec4 3;
    %ix/load 4, 0, 0; Constant delay
    %assign/vec4/a/d v0x5608687d51c0, 0, 4;
T_12.2 ;
    %load/vec4 v0x5608687d4920_0;
    %pad/u 11;
    %ix/vec4 4;
    %load/vec4a v0x5608687d51c0, 4;
    %assign/vec4 v0x5608687d4d30_0, 0;
T_12.0 ;
    %jmp T_12;
    .thread T_12;
    .scope S_0x5608687af430;
T_13 ;
    %wait E_0x5608687d3d30;
    %load/vec4 v0x5608687d5eb0_0;
    %load/vec4 v0x5608687d5f50_0;
    %and;
    %flag_set/vec4 8;
    %jmp/0xz  T_13.0, 8;
    %load/vec4 v0x5608687d5a90_0;
    %load/vec4 v0x5608687d58c0_0;
    %pad/u 6;
    %ix/vec4 3;
    %ix/load 4, 0, 0; Constant delay
    %assign/vec4/a/d v0x5608687d5c10, 0, 4;
T_13.0 ;
    %jmp T_13;
    .thread T_13;
    .scope S_0x5608687ad130;
T_14 ;
    %wait E_0x5608687421a0;
    %pushi/vec4 0, 0, 1;
    %store/vec4 v0x560868798500_0, 0, 1;
    %pushi/vec4 0, 0, 1;
    %store/vec4 v0x560868798a60_0, 0, 1;
    %pushi/vec4 0, 0, 1;
    %store/vec4 v0x5608687cb6e0_0, 0, 1;
    %pushi/vec4 0, 0, 1;
    %store/vec4 v0x560868797c60_0, 0, 1;
    %pushi/vec4 0, 0, 1;
    %store/vec4 v0x5608687cb860_0, 0, 1;
    %load/vec4 v0x5608687a88f0_0;
    %pad/u 32;
    %pushi/vec4 512, 0, 32;
    %and;
    %cmpi/e 0, 0, 32;
    %jmp/0xz  T_14.0, 4;
    %load/vec4 v0x5608687cb7a0_0;
    %store/vec4 v0x560868798a60_0, 0, 1;
    %jmp T_14.1;
T_14.0 ;
    %load/vec4 v0x5608687a88f0_0;
    %pad/u 32;
    %pushi/vec4 1008, 0, 32;
    %and;
    %cmpi/e 512, 0, 32;
    %jmp/0xz  T_14.2, 4;
    %load/vec4 v0x5608687cb7a0_0;
    %store/vec4 v0x5608687cb6e0_0, 0, 1;
    %jmp T_14.3;
T_14.2 ;
    %load/vec4 v0x5608687a88f0_0;
    %pad/u 32;
    %pushi/vec4 1023, 0, 32;
    %and;
    %cmpi/e 600, 0, 32;
    %jmp/0xz  T_14.4, 4;
    %load/vec4 v0x5608687cb7a0_0;
    %store/vec4 v0x560868797c60_0, 0, 1;
    %jmp T_14.5;
T_14.4 ;
    %load/vec4 v0x5608687a88f0_0;
    %pad/u 32;
    %pushi/vec4 1023, 0, 32;
    %and;
    %cmpi/e 700, 0, 32;
    %jmp/0xz  T_14.6, 4;
    %load/vec4 v0x5608687cb7a0_0;
    %store/vec4 v0x560868798500_0, 0, 1;
    %jmp T_14.7;
T_14.6 ;
    %load/vec4 v0x5608687cb7a0_0;
    %store/vec4 v0x5608687cb860_0, 0, 1;
T_14.7 ;
T_14.5 ;
T_14.3 ;
T_14.1 ;
    %jmp T_14;
    .thread T_14, $push;
    .scope S_0x5608687ad130;
T_15 ;
    %wait E_0x560868740dd0;
    %pushi/vec4 0, 0, 32;
    %store/vec4 v0x560868797d00_0, 0, 32;
    %load/vec4 v0x560868798a60_0;
    %flag_set/vec4 8;
    %jmp/0xz  T_15.0, 8;
    %load/vec4 v0x5608687985a0_0;
    %store/vec4 v0x560868797d00_0, 0, 32;
    %jmp T_15.1;
T_15.0 ;
    %load/vec4 v0x5608687cb6e0_0;
    %flag_set/vec4 8;
    %jmp/0xz  T_15.2, 8;
    %load/vec4 v0x560868798b00_0;
    %store/vec4 v0x560868797d00_0, 0, 32;
T_15.2 ;
T_15.1 ;
    %jmp T_15;
    .thread T_15, $push;
    .scope S_0x5608687ae630;
T_16 ;
    %wait E_0x5608687cbd10;
    %load/vec4 v0x5608687d4370_0;
    %flag_set/vec4 8;
    %jmp/0xz  T_16.0, 8;
    %pushi/vec4 0, 0, 1;
    %assign/vec4 v0x5608687d42d0_0, 0;
    %jmp T_16.1;
T_16.0 ;
    %load/vec4 v0x5608687d4440_0;
    %flag_set/vec4 8;
    %jmp/0xz  T_16.2, 8;
    %load/vec4 v0x5608687d4210_0;
    %assign/vec4 v0x5608687d42d0_0, 0;
T_16.2 ;
T_16.1 ;
    %jmp T_16;
    .thread T_16;
    .scope S_0x5608687adf30;
T_17 ;
    %wait E_0x5608687d3d30;
    %load/vec4 v0x5608687d3f30_0;
    %flag_set/vec4 8;
    %jmp/0xz  T_17.0, 8;
    %vpi_call/w 7 12 "$write", "%c", v0x5608687d3e70_0 {0 0 0};
T_17.0 ;
    %jmp T_17;
    .thread T_17;
    .scope S_0x5608687afb30;
T_18 ;
    %vpi_call/w 3 51 "$dumpfile", "xtop.vcd" {0 0 0};
    %vpi_call/w 3 52 "$dumpvars", 32'sb00000000000000000000000000000000, S_0x5608687afb30 {0 0 0};
    %pushi/vec4 1, 0, 1;
    %store/vec4 v0x5608687d7010_0, 0, 1;
    %pushi/vec4 0, 0, 1;
    %store/vec4 v0x5608687d8190_0, 0, 1;
    %delay 11000, 0;
    %pushi/vec4 1, 0, 1;
    %store/vec4 v0x5608687d8190_0, 0, 1;
    %delay 10000, 0;
    %pushi/vec4 0, 0, 1;
    %store/vec4 v0x5608687d8190_0, 0, 1;
    %vpi_func 3 68 "$time" 64 {0 0 0};
    %pad/u 32;
    %store/vec4 v0x5608687d8230_0, 0, 32;
    %pushi/vec4 0, 0, 32;
    %store/vec4 v0x5608687d7190_0, 0, 32;
T_18.0 ;
    %load/vec4 v0x5608687d7190_0;
    %cmpi/s 16, 0, 32;
    %jmp/0xz T_18.1, 5;
    %ix/getv/s 4, v0x5608687d7190_0;
    %load/vec4a v0x5608687d5c10, 4;
    %ix/getv/s 4, v0x5608687d7190_0;
    %store/vec4a v0x5608687d70d0, 4, 0;
    %load/vec4 v0x5608687d7190_0;
    %addi 1, 0, 32;
    %store/vec4 v0x5608687d7190_0, 0, 32;
    %jmp T_18.0;
T_18.1 ;
    %vpi_call/w 3 77 "$writememh", "data_out.hex", v0x5608687d70d0, 32'sb00000000000000000000000000000000, 32'sb00000000000000000000000000001111 {0 0 0};
    %end;
    .thread T_18;
    .scope S_0x5608687afb30;
T_19 ;
    %wait E_0x5608687d3d30;
    %load/vec4 v0x5608687d8310_0;
    %flag_set/vec4 8;
    %jmp/0xz  T_19.0, 8;
    %vpi_func 3 87 "$time" 64 {0 0 0};
    %load/vec4 v0x5608687d8230_0;
    %pad/u 64;
    %sub;
    %pushi/vec4 10, 0, 64;
    %div;
    %vpi_call/w 3 87 "$display", "Catched Trap at time  %0d clock cycles:", S<0,vec4,u64> {1 0 0};
    %load/vec4 v0x5608687d6640_0;
    %flag_set/vec4 8;
    %jmp/0 T_19.2, 8;
    %pushi/vec4 1467115892, 0, 32; draw_string_vec4
    %pushi/vec4 101, 0, 8; draw_string_vec4
    %concat/vec4; draw_string_vec4
    %jmp/1 T_19.3, 8;
T_19.2 ; End of true expr.
    %pushi/vec4 5399905, 0, 32; draw_string_vec4
    %pushi/vec4 100, 0, 8; draw_string_vec4
    %concat/vec4; draw_string_vec4
    %jmp/0 T_19.3, 8;
 ; End of false expr.
    %blend;
T_19.3;
    %vpi_call/w 3 88 "$display", "%s address %d, PC 0x%x", S<0,vec4,u40>, v0x5608687d6250_0, v0x5608687d6b10_0 {1 0 0};
    %vpi_call/w 3 89 "$finish" {0 0 0};
T_19.0 ;
    %jmp T_19;
    .thread T_19;
    .scope S_0x5608687afb30;
T_20 ;
    %delay 5000, 0;
    %load/vec4 v0x5608687d7010_0;
    %inv;
    %store/vec4 v0x5608687d7010_0, 0, 1;
    %jmp T_20;
    .thread T_20;
# The file index is used to find the file name in the following table.
:file_names 11;
    "N/A";
    "<interactive>";
    "-";
    "rtl/testbench/xtop_tb.v";
    "rtl/src/xtop.v";
    "rtl/src/xaddr_decoder.v";
    "rtl/src/xctrl.v";
    "rtl/src/xcprint.v";
    "rtl/src/xled.v";
    "rtl/src/xram.v";
    "rtl/src/xregf.v";
